<?xml version="1.0" encoding="utf-8"?>
<test-run id="2" testcasecount="312" result="Skipped:Ignored" total="312" passed="300" failed="0" inconclusive="0" skipped="12" asserts="0" engine-version="3.5.0.0" clr-version="4.0.30319.42000" start-time="2026-09-25 11:43:19Z" end-time="2026-09-25 11:49:03Z" duration="343.9293464">
  <test-suite type="TestSuite" id="1000" name="NoSafeCircle" fullname="NoSafeCircle" runstate="Runnable" testcasecount="312" result="Skipped" label="Ignored" start-time="2026-09-25 11:43:19Z" end-time="2026-09-25 11:49:03Z" duration="343.929346" total="312" passed="300" failed="0" inconclusive="0" skipped="12" asserts="0">
    <properties>
      <property name="platform" value="EditMode" />
    </properties>
    <reason>
      <message><![CDATA[One or more child tests were ignored]]></message>
    </reason>
    <test-suite type="Assembly" id="1361" name="NoSafeCircle.DoorPrototype.Tests.Editor.dll" fullname="C:/nscrev/doormeta/Library/ScriptAssemblies/NoSafeCircle.DoorPrototype.Tests.Editor.dll" runstate="Runnable" testcasecount="312" result="Skipped" label="Ignored" start-time="2026-09-25 11:43:19Z" end-time="2026-09-25 11:49:03Z" duration="343.916967" total="312" passed="300" failed="0" inconclusive="0" skipped="12" asserts="0">
      <properties>
        <property name="_PID" value="69456" />
        <property name="_APPDOMAIN" value="Unity Child Domain" />
        <property name="platform" value="EditMode" />
        <property name="EditorOnly" value="True" />
      </properties>
      <reason>
        <message><![CDATA[One or more child tests were ignored]]></message>
      </reason>
      <test-suite type="TestSuite" id="1362" name="NoSafeCircle" fullname="NoSafeCircle" runstate="Runnable" testcasecount="312" result="Skipped" label="Ignored" start-time="2026-09-25 11:43:19Z" end-time="2026-09-25 11:49:03Z" duration="343.913237" total="312" passed="300" failed="0" inconclusive="0" skipped="12" asserts="0">
        <properties />
        <reason>
          <message><![CDATA[One or more child tests were ignored]]></message>
        </reason>
        <test-suite type="TestSuite" id="1363" name="DoorPrototype" fullname="NoSafeCircle.DoorPrototype" runstate="Runnable" testcasecount="312" result="Skipped" label="Ignored" start-time="2026-09-25 11:43:19Z" end-time="2026-09-25 11:49:03Z" duration="343.910040" total="312" passed="300" failed="0" inconclusive="0" skipped="12" asserts="0">
          <properties />
          <reason>
            <message><![CDATA[One or more child tests were ignored]]></message>
          </reason>
          <test-suite type="TestSuite" id="1364" name="Tests" fullname="NoSafeCircle.DoorPrototype.Tests" runstate="Runnable" testcasecount="312" result="Skipped" label="Ignored" start-time="2026-09-25 11:43:19Z" end-time="2026-09-25 11:49:03Z" duration="343.906933" total="312" passed="300" failed="0" inconclusive="0" skipped="12" asserts="0">
            <properties />
            <reason>
              <message><![CDATA[One or more child tests were ignored]]></message>
            </reason>
            <test-suite type="TestSuite" id="1365" name="Editor" fullname="NoSafeCircle.DoorPrototype.Tests.Editor" runstate="Runnable" testcasecount="312" result="Skipped" label="Ignored" start-time="2026-09-25 11:43:19Z" end-time="2026-09-25 11:49:03Z" duration="343.903205" total="312" passed="300" failed="0" inconclusive="0" skipped="12" asserts="0">
              <properties />
              <reason>
                <message><![CDATA[One or more child tests were ignored]]></message>
              </reason>
              <test-suite type="TestFixture" id="1001" name="AsciiRoomMapTests" fullname="NoSafeCircle.DoorPrototype.Tests.Editor.AsciiRoomMapTests" classname="NoSafeCircle.DoorPrototype.Tests.Editor.AsciiRoomMapTests" runstate="Runnable" testcasecount="29" result="Passed" start-time="2026-09-25 11:43:19Z" end-time="2026-09-25 11:43:19Z" duration="0.048380" total="29" passed="29" failed="0" inconclusive="0" skipped="0" asserts="0">
                <properties />
                <test-case id="1017" name="AcceptsCrlfAndLfIdentically" fullname="NoSafeCircle.DoorPrototype.Tests.Editor.AsciiRoomMapTests.AcceptsCrlfAndLfIdentically" methodname="AcceptsCrlfAndLfIdentically" classname="NoSafeCircle.DoorPrototype.Tests.Editor.AsciiRoomMapTests" runstate="Runnable" seed="1312102960" result="Passed" start-time="2026-09-25 11:43:19Z" end-time="2026-09-25 11:43:19Z" duration="0.012837" asserts="0">
                  <properties>
                    <property name="retryIteration" value="0" />
                    <property name="repeatIteration" value="0" />
                  </properties>
                </test-case>
                <test-case id="1003" name="AnUnknownGlyphAnywhereInTheDeclaredGridFails" fullname="NoSafeCircle.DoorPrototype.Tests.Editor.AsciiRoomMapTests.AnUnknownGlyphAnywhereInTheDeclaredGridFails" methodname="AnUnknownGlyphAnywhereInTheDeclaredGridFails" classname="NoSafeCircle.DoorPrototype.Tests.Editor.AsciiRoomMapTests" runstate="Runnable" seed="2128112108" result="Passed" start-time="2026-09-25 11:43:19Z" end-time="2026-09-25 11:43:19Z" duration="0.001040" asserts="0">
                  <properties>
                    <property name="retryIteration" value="0" />
                    <property name="repeatIteration" value="0" />
                  </properties>
                </test-case>
                <test-case id="1022" name="AsymmetricGridReportsRowsNotColumns" fullname="NoSafeCircle.DoorPrototype.Tests.Editor.AsciiRoomMapTests.AsymmetricGridReportsRowsNotColumns" methodname="AsymmetricGridReportsRowsNotColumns" classname="NoSafeCircle.DoorPrototype.Tests.Editor.AsciiRoomMapTests" runstate="Runnable" seed="1246579986" result="Passed" start-time="2026-09-25 11:43:19Z" end-time="2026-09-25 11:43:19Z" duration="0.001142" asserts="0">
                  <properties>
                    <property name="retryIteration" value="0" />
                    <property name="repeatIteration" value="0" />
                  </properties>
                </test-case>
                <test-case id="1016" name="ATrailingNewlineDoesNotChangeTheResult" fullname="NoSafeCircle.DoorPrototype.Tests.Editor.AsciiRoomMapTests.ATrailingNewlineDoesNotChangeTheResult" methodname="ATrailingNewlineDoesNotChangeTheResult" classname="NoSafeCircle.DoorPrototype.Tests.Editor.AsciiRoomMapTests" runstate="Runnable" seed="1380953416" result="Passed" start-time="2026-09-25 11:43:19Z" end-time="2026-09-25 11:43:19Z" duration="0.000266" asserts="0">
                  <properties>
                    <property name="retryIteration" value="0" />
                    <property name="repeatIteration" value="0" />
                  </properties>
                </test-case>
                <test-case id="1014" name="BlankAndShortRowsAreBothCountedAsPadded" fullname="NoSafeCircle.DoorPrototype.Tests.Editor.AsciiRoomMapTests.BlankAndShortRowsAreBothCountedAsPadded" methodname="BlankAndShortRowsAreBothCountedAsPadded" classname="NoSafeCircle.DoorPrototype.Tests.Editor.AsciiRoomMapTests" runstate="Runnable" seed="246662509" result="Passed" start-time="2026-09-25 11:43:19Z" end-time="2026-09-25 11:43:19Z" duration="0.001266" asserts="0">
                  <properties>
                    <property name="retryIteration" value="0" />
                    <property name="repeatIteration" value="0" />
                  </properties>
                </test-case>
                <test-case id="1005" name="ContentAfterTheDeclaredRowsIsIgnoredWhateverItLooksLike" fullname="NoSafeCircle.DoorPrototype.Tests.Editor.AsciiRoomMapTests.ContentAfterTheDeclaredRowsIsIgnoredWhateverItLooksLike" methodname="ContentAfterTheDeclaredRowsIsIgnoredWhateverItLooksLike" classname="NoSafeCircle.DoorPrototype.Tests.Editor.AsciiRoomMapTests" runstate="Runnable" seed="1083435807" result="Passed" start-time="2026-09-25 11:43:19Z" end-time="2026-09-25 11:43:19Z" duration="0.000370" asserts="0">
                  <properties>
                    <property name="retryIteration" value="0" />
                    <property name="repeatIteration" value="0" />
                  </properties>
                </test-case>
                <test-case id="1027" name="ContentBeyondTheDeclaredWidthFailsEvenAfterAnInterveningSpace" fullname="NoSafeCircle.DoorPrototype.Tests.Editor.AsciiRoomMapTests.ContentBeyondTheDeclaredWidthFailsEvenAfterAnInterveningSpace" methodname="ContentBeyondTheDeclaredWidthFailsEvenAfterAnInterveningSpace" classname="NoSafeCircle.DoorPrototype.Tests.Editor.AsciiRoomMapTests" runstate="Runnable" seed="1889103380" result="Passed" start-time="2026-09-25 11:43:19Z" end-time="2026-09-25 11:43:19Z" duration="0.000234" asserts="0">
                  <properties>
                    <property name="retryIteration" value="0" />
                    <property name="repeatIteration" value="0" />
                  </properties>
                </test-case>
                <test-case id="1006" name="ContentWiderThanTheDeclaredGridFailsButTrailingSpacesDoNot" fullname="NoSafeCircle.DoorPrototype.Tests.Editor.AsciiRoomMapTests.ContentWiderThanTheDeclaredGridFailsButTrailingSpacesDoNot" methodname="ContentWiderThanTheDeclaredGridFailsButTrailingSpacesDoNot" classname="NoSafeCircle.DoorPrototype.Tests.Editor.AsciiRoomMapTests" runstate="Runnable" seed="1482419725" result="Passed" start-time="2026-09-25 11:43:19Z" end-time="2026-09-25 11:43:19Z" duration="0.000250" asserts="0">
                  <properties>
                    <property name="retryIteration" value="0" />
                    <property name="repeatIteration" value="0" />
                  </properties>
                </test-case>
                <test-case id="1025" name="EmptyTextIsZeroRowsButASingleNewlineIsOneExplicitBlankRow" fullname="NoSafeCircle.DoorPrototype.Tests.Editor.AsciiRoomMapTests.EmptyTextIsZeroRowsButASingleNewlineIsOneExplicitBlankRow" methodname="EmptyTextIsZeroRowsButASingleNewlineIsOneExplicitBlankRow" classname="NoSafeCircle.DoorPrototype.Tests.Editor.AsciiRoomMapTests" runstate="Runnable" seed="1710120042" result="Passed" start-time="2026-09-25 11:43:19Z" end-time="2026-09-25 11:43:19Z" duration="0.000259" asserts="0">
                  <properties>
                    <property name="retryIteration" value="0" />
                    <property name="repeatIteration" value="0" />
                  </properties>
                </test-case>
                <test-case id="1004" name="FewerLinesThanDeclaredFailsRatherThanShrinkingTheGrid" fullname="NoSafeCircle.DoorPrototype.Tests.Editor.AsciiRoomMapTests.FewerLinesThanDeclaredFailsRatherThanShrinkingTheGrid" methodname="FewerLinesThanDeclaredFailsRatherThanShrinkingTheGrid" classname="NoSafeCircle.DoorPrototype.Tests.Editor.AsciiRoomMapTests" runstate="Runnable" seed="1594220574" result="Passed" start-time="2026-09-25 11:43:19Z" end-time="2026-09-25 11:43:19Z" duration="0.000185" asserts="0">
                  <properties>
                    <property name="retryIteration" value="0" />
                    <property name="repeatIteration" value="0" />
                  </properties>
                </test-case>
                <test-case id="1013" name="IsWalkableIsFalseAtTheFirstInvalidIndexRatherThanThrowing" fullname="NoSafeCircle.DoorPrototype.Tests.Editor.AsciiRoomMapTests.IsWalkableIsFalseAtTheFirstInvalidIndexRatherThanThrowing" methodname="IsWalkableIsFalseAtTheFirstInvalidIndexRatherThanThrowing" classname="NoSafeCircle.DoorPrototype.Tests.Editor.AsciiRoomMapTests" runstate="Runnable" seed="2000224356" result="Passed" start-time="2026-09-25 11:43:19Z" end-time="2026-09-25 11:43:19Z" duration="0.000205" asserts="0">
                  <properties>
                    <property name="retryIteration" value="0" />
                    <property name="repeatIteration" value="0" />
                  </properties>
                </test-case>
                <test-case id="1028" name="LeadingSpacesArePreservedAsOutsideCells" fullname="NoSafeCircle.DoorPrototype.Tests.Editor.AsciiRoomMapTests.LeadingSpacesArePreservedAsOutsideCells" methodname="LeadingSpacesArePreservedAsOutsideCells" classname="NoSafeCircle.DoorPrototype.Tests.Editor.AsciiRoomMapTests" runstate="Runnable" seed="2035451576" result="Passed" start-time="2026-09-25 11:43:19Z" end-time="2026-09-25 11:43:19Z" duration="0.000219" asserts="0">
                  <properties>
                    <property name="retryIteration" value="0" />
                    <property name="repeatIteration" value="0" />
                  </properties>
                </test-case>
                <test-case id="1019" name="OneCellIsTwoWorldUnits" fullname="NoSafeCircle.DoorPrototype.Tests.Editor.AsciiRoomMapTests.OneCellIsTwoWorldUnits" methodname="OneCellIsTwoWorldUnits" classname="NoSafeCircle.DoorPrototype.Tests.Editor.AsciiRoomMapTests" runstate="Runnable" seed="805141454" result="Passed" start-time="2026-09-25 11:43:19Z" end-time="2026-09-25 11:43:19Z" duration="0.000536" asserts="0">
                  <properties>
                    <property name="retryIteration" value="0" />
                    <property name="repeatIteration" value="0" />
                  </properties>
                </test-case>
                <test-case id="1011" name="OutsideIsNotWalkable" fullname="NoSafeCircle.DoorPrototype.Tests.Editor.AsciiRoomMapTests.OutsideIsNotWalkable" methodname="OutsideIsNotWalkable" classname="NoSafeCircle.DoorPrototype.Tests.Editor.AsciiRoomMapTests" runstate="Runnable" seed="1768024494" result="Passed" start-time="2026-09-25 11:43:19Z" end-time="2026-09-25 11:43:19Z" duration="0.000232" asserts="0">
                  <properties>
                    <property name="retryIteration" value="0" />
                    <property name="repeatIteration" value="0" />
                  </properties>
                </test-case>
                <test-case id="1002" name="ParsesGlyphsIntoCells" fullname="NoSafeCircle.DoorPrototype.Tests.Editor.AsciiRoomMapTests.ParsesGlyphsIntoCells" methodname="ParsesGlyphsIntoCells" classname="NoSafeCircle.DoorPrototype.Tests.Editor.AsciiRoomMapTests" runstate="Runnable" seed="207407855" result="Passed" start-time="2026-09-25 11:43:19Z" end-time="2026-09-25 11:43:19Z" duration="0.000248" asserts="0">
                  <properties>
                    <property name="retryIteration" value="0" />
                    <property name="repeatIteration" value="0" />
                  </properties>
                </test-case>
                <test-case id="1024" name="PrematureEndOfMapIsStillDetectedWhenTheTextEndsWithANewline" fullname="NoSafeCircle.DoorPrototype.Tests.Editor.AsciiRoomMapTests.PrematureEndOfMapIsStillDetectedWhenTheTextEndsWithANewline" methodname="PrematureEndOfMapIsStillDetectedWhenTheTextEndsWithANewline" classname="NoSafeCircle.DoorPrototype.Tests.Editor.AsciiRoomMapTests" runstate="Runnable" seed="458507589" result="Passed" start-time="2026-09-25 11:43:19Z" end-time="2026-09-25 11:43:19Z" duration="0.000198" asserts="0">
                  <properties>
                    <property name="retryIteration" value="0" />
                    <property name="repeatIteration" value="0" />
                  </properties>
                </test-case>
                <test-case id="1015" name="ProseBeyondTheDeclaredGridNeverBecomesFloor" fullname="NoSafeCircle.DoorPrototype.Tests.Editor.AsciiRoomMapTests.ProseBeyondTheDeclaredGridNeverBecomesFloor" methodname="ProseBeyondTheDeclaredGridNeverBecomesFloor" classname="NoSafeCircle.DoorPrototype.Tests.Editor.AsciiRoomMapTests" runstate="Runnable" seed="1333021892" result="Passed" start-time="2026-09-25 11:43:19Z" end-time="2026-09-25 11:43:19Z" duration="0.000179" asserts="0">
                  <properties>
                    <property name="retryIteration" value="0" />
                    <property name="repeatIteration" value="0" />
                  </properties>
                </test-case>
                <test-case id="1021" name="RefusesNullTextAndNonPositiveDimensions" fullname="NoSafeCircle.DoorPrototype.Tests.Editor.AsciiRoomMapTests.RefusesNullTextAndNonPositiveDimensions" methodname="RefusesNullTextAndNonPositiveDimensions" classname="NoSafeCircle.DoorPrototype.Tests.Editor.AsciiRoomMapTests" runstate="Runnable" seed="1508640207" result="Passed" start-time="2026-09-25 11:43:19Z" end-time="2026-09-25 11:43:19Z" duration="0.001793" asserts="0">
                  <properties>
                    <property name="retryIteration" value="0" />
                    <property name="repeatIteration" value="0" />
                  </properties>
                </test-case>
                <test-case id="1007" name="RequireBoundRejectsOverflowOnBothAxesAndAcceptsASmallerMap" fullname="NoSafeCircle.DoorPrototype.Tests.Editor.AsciiRoomMapTests.RequireBoundRejectsOverflowOnBothAxesAndAcceptsASmallerMap" methodname="RequireBoundRejectsOverflowOnBothAxesAndAcceptsASmallerMap" classname="NoSafeCircle.DoorPrototype.Tests.Editor.AsciiRoomMapTests" runstate="Runnable" seed="1915864524" result="Passed" start-time="2026-09-25 11:43:19Z" end-time="2026-09-25 11:43:19Z" duration="0.000587" asserts="0">
                  <properties>
                    <property name="retryIteration" value="0" />
                    <property name="repeatIteration" value="0" />
                  </properties>
                </test-case>
                <test-case id="1026" name="RequireEveryRowWrittenRejectsMoreThanOnePaddedRow" fullname="NoSafeCircle.DoorPrototype.Tests.Editor.AsciiRoomMapTests.RequireEveryRowWrittenRejectsMoreThanOnePaddedRow" methodname="RequireEveryRowWrittenRejectsMoreThanOnePaddedRow" classname="NoSafeCircle.DoorPrototype.Tests.Editor.AsciiRoomMapTests" runstate="Runnable" seed="1790436186" result="Passed" start-time="2026-09-25 11:43:19Z" end-time="2026-09-25 11:43:19Z" duration="0.000208" asserts="0">
                  <properties>
                    <property name="retryIteration" value="0" />
                    <property name="repeatIteration" value="0" />
                  </properties>
                </test-case>
                <test-case id="1018" name="RoundTripsThroughTextIncludingOutsideCells" fullname="NoSafeCircle.DoorPrototype.Tests.Editor.AsciiRoomMapTests.RoundTripsThroughTextIncludingOutsideCells" methodname="RoundTripsThroughTextIncludingOutsideCells" classname="NoSafeCircle.DoorPrototype.Tests.Editor.AsciiRoomMapTests" runstate="Runnable" seed="1609814505" result="Passed" start-time="2026-09-25 11:43:19Z" end-time="2026-09-25 11:43:19Z" duration="0.000187" asserts="0">
                  <properties>
                    <property name="retryIteration" value="0" />
                    <property name="repeatIteration" value="0" />
                  </properties>
                </test-case>
                <test-case id="1020" name="RowZeroIsTheHighestWorldZ" fullname="NoSafeCircle.DoorPrototype.Tests.Editor.AsciiRoomMapTests.RowZeroIsTheHighestWorldZ" methodname="RowZeroIsTheHighestWorldZ" classname="NoSafeCircle.DoorPrototype.Tests.Editor.AsciiRoomMapTests" runstate="Runnable" seed="1560673268" result="Passed" start-time="2026-09-25 11:43:19Z" end-time="2026-09-25 11:43:19Z" duration="0.000358" asserts="0">
                  <properties>
                    <property name="retryIteration" value="0" />
                    <property name="repeatIteration" value="0" />
                  </properties>
                </test-case>
                <test-case id="1029" name="TabsAndNonBreakingSpacesAreNotAcceptedAsPadding" fullname="NoSafeCircle.DoorPrototype.Tests.Editor.AsciiRoomMapTests.TabsAndNonBreakingSpacesAreNotAcceptedAsPadding" methodname="TabsAndNonBreakingSpacesAreNotAcceptedAsPadding" classname="NoSafeCircle.DoorPrototype.Tests.Editor.AsciiRoomMapTests" runstate="Runnable" seed="1304729601" result="Passed" start-time="2026-09-25 11:43:19Z" end-time="2026-09-25 11:43:19Z" duration="0.000231" asserts="0">
                  <properties>
                    <property name="retryIteration" value="0" />
                    <property name="repeatIteration" value="0" />
                  </properties>
                </test-case>
                <test-case id="1010" name="ToCellFloorsRatherThanTruncatingSoNegativeOffsetsDoNotCollapse" fullname="NoSafeCircle.DoorPrototype.Tests.Editor.AsciiRoomMapTests.ToCellFloorsRatherThanTruncatingSoNegativeOffsetsDoNotCollapse" methodname="ToCellFloorsRatherThanTruncatingSoNegativeOffsetsDoNotCollapse" classname="NoSafeCircle.DoorPrototype.Tests.Editor.AsciiRoomMapTests" runstate="Runnable" seed="1551281103" result="Passed" start-time="2026-09-25 11:43:19Z" end-time="2026-09-25 11:43:19Z" duration="0.000232" asserts="0">
                  <properties>
                    <property name="retryIteration" value="0" />
                    <property name="repeatIteration" value="0" />
                  </properties>
                </test-case>
                <test-case id="1023" name="ToCellFloorsTheRowAxisToo" fullname="NoSafeCircle.DoorPrototype.Tests.Editor.AsciiRoomMapTests.ToCellFloorsTheRowAxisToo" methodname="ToCellFloorsTheRowAxisToo" classname="NoSafeCircle.DoorPrototype.Tests.Editor.AsciiRoomMapTests" runstate="Runnable" seed="1628535395" result="Passed" start-time="2026-09-25 11:43:19Z" end-time="2026-09-25 11:43:19Z" duration="0.000233" asserts="0">
                  <properties>
                    <property name="retryIteration" value="0" />
                    <property name="repeatIteration" value="0" />
                  </properties>
                </test-case>
                <test-case id="1008" name="ToCellMapsDistinctWorldXToDistinctColumns" fullname="NoSafeCircle.DoorPrototype.Tests.Editor.AsciiRoomMapTests.ToCellMapsDistinctWorldXToDistinctColumns" methodname="ToCellMapsDistinctWorldXToDistinctColumns" classname="NoSafeCircle.DoorPrototype.Tests.Editor.AsciiRoomMapTests" runstate="Runnable" seed="1716338917" result="Passed" start-time="2026-09-25 11:43:19Z" end-time="2026-09-25 11:43:19Z" duration="0.000217" asserts="0">
                  <properties>
                    <property name="retryIteration" value="0" />
                    <property name="repeatIteration" value="0" />
                  </properties>
                </test-case>
                <test-case id="1009" name="ToCellRespectsATranslatedOrigin" fullname="NoSafeCircle.DoorPrototype.Tests.Editor.AsciiRoomMapTests.ToCellRespectsATranslatedOrigin" methodname="ToCellRespectsATranslatedOrigin" classname="NoSafeCircle.DoorPrototype.Tests.Editor.AsciiRoomMapTests" runstate="Runnable" seed="1820108905" result="Passed" start-time="2026-09-25 11:43:19Z" end-time="2026-09-25 11:43:19Z" duration="0.000289" asserts="0">
                  <properties>
                    <property name="retryIteration" value="0" />
                    <property name="repeatIteration" value="0" />
                  </properties>
                </test-case>
                <test-case id="1012" name="WalkableCellCountIncludesOpeningsAndExcludesWallsAndOutside" fullname="NoSafeCircle.DoorPrototype.Tests.Editor.AsciiRoomMapTests.WalkableCellCountIncludesOpeningsAndExcludesWallsAndOutside" methodname="WalkableCellCountIncludesOpeningsAndExcludesWallsAndOutside" classname="NoSafeCircle.DoorPrototype.Tests.Editor.AsciiRoomMapTests" runstate="Runnable" seed="533503332" result="Passed" start-time="2026-09-25 11:43:19Z" end-time="2026-09-25 11:43:19Z" duration="0.000304" asserts="0">
                  <properties>
                    <property name="retryIteration" value="0" />
                    <property name="repeatIteration" value="0" />
                  </properties>
                </test-case>
                <test-case id="1030" name="ZeroDeclaredRowsIsRejectedAsWellAsZeroColumns" fullname="NoSafeCircle.DoorPrototype.Tests.Editor.AsciiRoomMapTests.ZeroDeclaredRowsIsRejectedAsWellAsZeroColumns" methodname="ZeroDeclaredRowsIsRejectedAsWellAsZeroColumns" classname="NoSafeCircle.DoorPrototype.Tests.Editor.AsciiRoomMapTests" runstate="Runnable" seed="136001607" result="Passed" start-time="2026-09-25 11:43:19Z" end-time="2026-09-25 11:43:19Z" duration="0.000285" asserts="0">
                  <properties>
                    <property name="retryIteration" value="0" />
                    <property name="repeatIteration" value="0" />
                  </properties>
                </test-case>
              </test-suite>
              <test-suite type="TestFixture" id="1031" name="BoneArchivePropImportTests" fullname="NoSafeCircle.DoorPrototype.Tests.Editor.BoneArchivePropImportTests" classname="NoSafeCircle.DoorPrototype.Tests.Editor.BoneArchivePropImportTests" runstate="Runnable" testcasecount="2" result="Passed" start-time="2026-09-25 11:43:19Z" end-time="2026-09-25 11:43:19Z" duration="0.048718" total="2" passed="2" failed="0" inconclusive="0" skipped="0" asserts="0">
                <properties />
                <test-case id="1032" name="EveryProp_ImportsAsASpriteWithTheApprovedImportSettings" fullname="NoSafeCircle.DoorPrototype.Tests.Editor.BoneArchivePropImportTests.EveryProp_ImportsAsASpriteWithTheApprovedImportSettings" methodname="EveryProp_ImportsAsASpriteWithTheApprovedImportSettings" classname="NoSafeCircle.DoorPrototype.Tests.Editor.BoneArchivePropImportTests" runstate="Runnable" seed="1233816482" result="Passed" start-time="2026-09-25 11:43:19Z" end-time="2026-09-25 11:43:19Z" duration="0.019496" asserts="0">
                  <properties>
                    <property name="retryIteration" value="0" />
                    <property name="repeatIteration" value="0" />
                  </properties>
                </test-case>
                <test-case id="1033" name="EveryProp_PivotMatchesTheRuleItsCatalogEntryNames" fullname="NoSafeCircle.DoorPrototype.Tests.Editor.BoneArchivePropImportTests.EveryProp_PivotMatchesTheRuleItsCatalogEntryNames" methodname="EveryProp_PivotMatchesTheRuleItsCatalogEntryNames" classname="NoSafeCircle.DoorPrototype.Tests.Editor.BoneArchivePropImportTests" runstate="Runnable" seed="1378900303" result="Passed" start-time="2026-09-25 11:43:19Z" end-time="2026-09-25 11:43:19Z" duration="0.026736" asserts="0">
                  <properties>
                    <property name="retryIteration" value="0" />
                    <property name="repeatIteration" value="0" />
                  </properties>
                </test-case>
              </test-suite>
              <test-suite type="TestFixture" id="1034" name="ChapelOfAshPropImportTests" fullname="NoSafeCircle.DoorPrototype.Tests.Editor.ChapelOfAshPropImportTests" classname="NoSafeCircle.DoorPrototype.Tests.Editor.ChapelOfAshPropImportTests" runstate="Runnable" testcasecount="2" result="Passed" start-time="2026-09-25 11:43:19Z" end-time="2026-09-25 11:43:19Z" duration="0.030663" total="2" passed="2" failed="0" inconclusive="0" skipped="0" asserts="0">
                <properties />
                <test-case id="1035" name="EveryProp_ImportsAsASpriteWithTheApprovedImportSettings" fullname="NoSafeCircle.DoorPrototype.Tests.Editor.ChapelOfAshPropImportTests.EveryProp_ImportsAsASpriteWithTheApprovedImportSettings" methodname="EveryProp_ImportsAsASpriteWithTheApprovedImportSettings" classname="NoSafeCircle.DoorPrototype.Tests.Editor.ChapelOfAshPropImportTests" runstate="Runnable" seed="1383531331" result="Passed" start-time="2026-09-25 11:43:19Z" end-time="2026-09-25 11:43:19Z" duration="0.012557" asserts="0">
                  <properties>
                    <property name="retryIteration" value="0" />
                    <property name="repeatIteration" value="0" />
                  </properties>
                </test-case>
                <test-case id="1036" name="EveryProp_PivotMatchesTheRuleItsCatalogEntryNames" fullname="NoSafeCircle.DoorPrototype.Tests.Editor.ChapelOfAshPropImportTests.EveryProp_PivotMatchesTheRuleItsCatalogEntryNames" methodname="EveryProp_PivotMatchesTheRuleItsCatalogEntryNames" classname="NoSafeCircle.DoorPrototype.Tests.Editor.ChapelOfAshPropImportTests" runstate="Runnable" seed="879414415" result="Passed" start-time="2026-09-25 11:43:19Z" end-time="2026-09-25 11:43:19Z" duration="0.016389" asserts="0">
                  <properties>
                    <property name="retryIteration" value="0" />
                    <property name="repeatIteration" value="0" />
                  </properties>
                </test-case>
              </test-suite>
              <test-suite type="TestFixture" id="1037" name="CommittedSceneCameraConformanceTests" fullname="NoSafeCircle.DoorPrototype.Tests.Editor.CommittedSceneCameraConformanceTests" classname="NoSafeCircle.DoorPrototype.Tests.Editor.CommittedSceneCameraConformanceTests" runstate="Runnable" testcasecount="2" result="Passed" start-time="2026-09-25 11:43:19Z" end-time="2026-09-25 11:43:20Z" duration="1.111648" total="2" passed="2" failed="0" inconclusive="0" skipped="0" asserts="0">
                <properties />
                <test-case id="1038" name="CommittedScene_MainCamera_IsFixedOrthographicIsometric" fullname="NoSafeCircle.DoorPrototype.Tests.Editor.CommittedSceneCameraConformanceTests.CommittedScene_MainCamera_IsFixedOrthographicIsometric" methodname="CommittedScene_MainCamera_IsFixedOrthographicIsometric" classname="NoSafeCircle.DoorPrototype.Tests.Editor.CommittedSceneCameraConformanceTests" runstate="Runnable" seed="894125131" result="Passed" start-time="2026-09-25 11:43:19Z" end-time="2026-09-25 11:43:20Z" duration="0.573283" asserts="0">
                  <properties>
                    <property name="retryIteration" value="0" />
                    <property name="repeatIteration" value="0" />
                  </properties>
                </test-case>
                <test-case id="1039" name="CommittedScene_MainCamera_TranslatesWithPlayerWithoutRotating" fullname="NoSafeCircle.DoorPrototype.Tests.Editor.CommittedSceneCameraConformanceTests.CommittedScene_MainCamera_TranslatesWithPlayerWithoutRotating" methodname="CommittedScene_MainCamera_TranslatesWithPlayerWithoutRotating" classname="NoSafeCircle.DoorPrototype.Tests.Editor.CommittedSceneCameraConformanceTests" runstate="Runnable" seed="2002735909" result="Passed" start-time="2026-09-25 11:43:20Z" end-time="2026-09-25 11:43:20Z" duration="0.535833" asserts="0">
                  <properties>
                    <property name="retryIteration" value="0" />
                    <property name="repeatIteration" value="0" />
                  </properties>
                </test-case>
              </test-suite>
              <test-suite type="TestFixture" id="1040" name="ComposedFloorCaptureTests" fullname="NoSafeCircle.DoorPrototype.Tests.Editor.ComposedFloorCaptureTests" classname="NoSafeCircle.DoorPrototype.Tests.Editor.ComposedFloorCaptureTests" runstate="Runnable" testcasecount="1" result="Skipped" label="Ignored" start-time="2026-09-25 11:43:20Z" end-time="2026-09-25 11:43:20Z" duration="0.012184" total="1" passed="0" failed="0" inconclusive="0" skipped="1" asserts="0">
                <properties />
                <reason>
                  <message><![CDATA[One or more child tests were ignored]]></message>
                </reason>
                <test-case id="1041" name="CaptureComposedFloor" fullname="NoSafeCircle.DoorPrototype.Tests.Editor.ComposedFloorCaptureTests.CaptureComposedFloor" methodname="CaptureComposedFloor" classname="NoSafeCircle.DoorPrototype.Tests.Editor.ComposedFloorCaptureTests" runstate="Explicit" seed="2020234010" result="Skipped" label="Ignored" start-time="2026-09-25 11:43:20Z" end-time="2026-09-25 11:43:20Z" duration="0.003950" asserts="0">
                  <properties>
                    <property name="_SKIPREASON" value="Set NSC_FLOOR_CAPTURE_OUTPUT and NSC_FLOOR_CAPTURE_SCENE to photograph a scene." />
                    <property name="retryIteration" value="0" />
                    <property name="repeatIteration" value="0" />
                  </properties>
                  <reason>
                    <message><![CDATA[Set NSC_FLOOR_CAPTURE_OUTPUT to run the explicit floor capture.]]></message>
                  </reason>
                </test-case>
              </test-suite>
              <test-suite type="TestFixture" id="1102" name="DoorPrototypeSceneBuilderClickSelectionTests" fullname="NoSafeCircle.DoorPrototype.Tests.Editor.DoorPrototypeSceneBuilderClickSelectionTests" classname="NoSafeCircle.DoorPrototype.Tests.Editor.DoorPrototypeSceneBuilderClickSelectionTests" runstate="Runnable" testcasecount="1" result="Passed" start-time="2026-09-25 11:43:20Z" end-time="2026-09-25 11:43:20Z" duration="0.252396" total="1" passed="1" failed="0" inconclusive="0" skipped="0" asserts="0">
                <properties />
                <test-case id="1103" name="Build_ClickingVisibleDoorCenterUnderProductionCamera_SelectsDoorThroughSharedPointerTarget" fullname="NoSafeCircle.DoorPrototype.Tests.Editor.DoorPrototypeSceneBuilderClickSelectionTests.Build_ClickingVisibleDoorCenterUnderProductionCamera_SelectsDoorThroughSharedPointerTarget" methodname="Build_ClickingVisibleDoorCenterUnderProductionCamera_SelectsDoorThroughSharedPointerTarget" classname="NoSafeCircle.DoorPrototype.Tests.Editor.DoorPrototypeSceneBuilderClickSelectionTests" runstate="Runnable" seed="2124175240" result="Passed" start-time="2026-09-25 11:43:20Z" end-time="2026-09-25 11:43:20Z" duration="0.250940" asserts="0">
                  <properties>
                    <property name="retryIteration" value="0" />
                    <property name="repeatIteration" value="0" />
                  </properties>
                </test-case>
              </test-suite>
              <test-suite type="TestFixture" id="1104" name="DoorPrototypeSceneBuilderHoverFeedbackTests" fullname="NoSafeCircle.DoorPrototype.Tests.Editor.DoorPrototypeSceneBuilderHoverFeedbackTests" classname="NoSafeCircle.DoorPrototype.Tests.Editor.DoorPrototypeSceneBuilderHoverFeedbackTests" runstate="Runnable" testcasecount="1" result="Passed" start-time="2026-09-25 11:43:20Z" end-time="2026-09-25 11:43:21Z" duration="0.114650" total="1" passed="1" failed="0" inconclusive="0" skipped="0" asserts="0">
                <properties />
                <test-case id="1105" name="Build_HoverFeedback_AgreesWithDoorsOwnSelectionTest_ForRepresentativeVisibleDoorPoints" fullname="NoSafeCircle.DoorPrototype.Tests.Editor.DoorPrototypeSceneBuilderHoverFeedbackTests.Build_HoverFeedback_AgreesWithDoorsOwnSelectionTest_ForRepresentativeVisibleDoorPoints" methodname="Build_HoverFeedback_AgreesWithDoorsOwnSelectionTest_ForRepresentativeVisibleDoorPoints" classname="NoSafeCircle.DoorPrototype.Tests.Editor.DoorPrototypeSceneBuilderHoverFeedbackTests" runstate="Runnable" seed="770940777" result="Passed" start-time="2026-09-25 11:43:20Z" end-time="2026-09-25 11:43:21Z" duration="0.104958" asserts="0">
                  <properties>
                    <property name="retryIteration" value="0" />
                    <property name="repeatIteration" value="0" />
                  </properties>
                </test-case>
              </test-suite>
              <test-suite type="TestFixture" id="1042" name="DoorPrototypeSceneBuilderTests" fullname="NoSafeCircle.DoorPrototype.Tests.Editor.DoorPrototypeSceneBuilderTests" classname="NoSafeCircle.DoorPrototype.Tests.Editor.DoorPrototypeSceneBuilderTests" runstate="Runnable" testcasecount="58" result="Passed" start-time="2026-09-25 11:43:21Z" end-time="2026-09-25 11:48:37Z" duration="316.042139" total="58" passed="58" failed="0" inconclusive="0" skipped="0" asserts="0">
                <properties />
                <test-case id="1052" name="Build_ControlsHud_ExistsSeparateFromPromptAndProgressIndicator" fullname="NoSafeCircle.DoorPrototype.Tests.Editor.DoorPrototypeSceneBuilderTests.Build_ControlsHud_ExistsSeparateFromPromptAndProgressIndicator" methodname="Build_ControlsHud_ExistsSeparateFromPromptAndProgressIndicator" classname="NoSafeCircle.DoorPrototype.Tests.Editor.DoorPrototypeSceneBuilderTests" runstate="Runnable" seed="591752228" result="Passed" start-time="2026-09-25 11:43:21Z" end-time="2026-09-25 11:43:21Z" duration="0.113485" asserts="0">
                  <properties>
                    <property name="retryIteration" value="0" />
                    <property name="repeatIteration" value="0" />
                  </properties>
                </test-case>
                <test-case id="1053" name="Build_ControlsHud_TextMatchesActualImplementedControls" fullname="NoSafeCircle.DoorPrototype.Tests.Editor.DoorPrototypeSceneBuilderTests.Build_ControlsHud_TextMatchesActualImplementedControls" methodname="Build_ControlsHud_TextMatchesActualImplementedControls" classname="NoSafeCircle.DoorPrototype.Tests.Editor.DoorPrototypeSceneBuilderTests" runstate="Runnable" seed="252750911" result="Passed" start-time="2026-09-25 11:43:21Z" end-time="2026-09-25 11:43:21Z" duration="0.148575" asserts="0">
                  <properties>
                    <property name="retryIteration" value="0" />
                    <property name="repeatIteration" value="0" />
                  </properties>
                </test-case>
                <test-case id="1056" name="Build_DoorBreachFeedback_HasCollisionFreeShakeHierarchyAndStateVisibility" fullname="NoSafeCircle.DoorPrototype.Tests.Editor.DoorPrototypeSceneBuilderTests.Build_DoorBreachFeedback_HasCollisionFreeShakeHierarchyAndStateVisibility" methodname="Build_DoorBreachFeedback_HasCollisionFreeShakeHierarchyAndStateVisibility" classname="NoSafeCircle.DoorPrototype.Tests.Editor.DoorPrototypeSceneBuilderTests" runstate="Runnable" seed="17688859" result="Passed" start-time="2026-09-25 11:43:21Z" end-time="2026-09-25 11:43:21Z" duration="0.092416" asserts="0">
                  <properties>
                    <property name="retryIteration" value="0" />
                    <property name="repeatIteration" value="0" />
                  </properties>
                </test-case>
                <test-case id="1061" name="Build_DoorInteractionFeedback_BaseColorIsDistinguishableFromWallMaterial" fullname="NoSafeCircle.DoorPrototype.Tests.Editor.DoorPrototypeSceneBuilderTests.Build_DoorInteractionFeedback_BaseColorIsDistinguishableFromWallMaterial" methodname="Build_DoorInteractionFeedback_BaseColorIsDistinguishableFromWallMaterial" classname="NoSafeCircle.DoorPrototype.Tests.Editor.DoorPrototypeSceneBuilderTests" runstate="Runnable" seed="597763193" result="Passed" start-time="2026-09-25 11:43:21Z" end-time="2026-09-25 11:43:21Z" duration="0.096934" asserts="0">
                  <properties>
                    <property name="retryIteration" value="0" />
                    <property name="repeatIteration" value="0" />
                  </properties>
                </test-case>
                <test-case id="1055" name="Build_DoorInteractionFeedback_IsWiredToDoorRendererAndPlayerReferences" fullname="NoSafeCircle.DoorPrototype.Tests.Editor.DoorPrototypeSceneBuilderTests.Build_DoorInteractionFeedback_IsWiredToDoorRendererAndPlayerReferences" methodname="Build_DoorInteractionFeedback_IsWiredToDoorRendererAndPlayerReferences" classname="NoSafeCircle.DoorPrototype.Tests.Editor.DoorPrototypeSceneBuilderTests" runstate="Runnable" seed="384034249" result="Passed" start-time="2026-09-25 11:43:21Z" end-time="2026-09-25 11:43:21Z" duration="0.094753" asserts="0">
                  <properties>
                    <property name="retryIteration" value="0" />
                    <property name="repeatIteration" value="0" />
                  </properties>
                </test-case>
                <test-case id="1044" name="Build_DoorInteractionUI_IsBoundToPlayerOwnedDoorSelection" fullname="NoSafeCircle.DoorPrototype.Tests.Editor.DoorPrototypeSceneBuilderTests.Build_DoorInteractionUI_IsBoundToPlayerOwnedDoorSelection" methodname="Build_DoorInteractionUI_IsBoundToPlayerOwnedDoorSelection" classname="NoSafeCircle.DoorPrototype.Tests.Editor.DoorPrototypeSceneBuilderTests" runstate="Runnable" seed="1217335197" result="Passed" start-time="2026-09-25 11:43:21Z" end-time="2026-09-25 11:43:21Z" duration="0.095772" asserts="0">
                  <properties>
                    <property name="retryIteration" value="0" />
                    <property name="repeatIteration" value="0" />
                  </properties>
                </test-case>
                <test-case id="1058" name="Build_DoorPassability_IsWiredAndStartsSealed" fullname="NoSafeCircle.DoorPrototype.Tests.Editor.DoorPrototypeSceneBuilderTests.Build_DoorPassability_IsWiredAndStartsSealed" methodname="Build_DoorPassability_IsWiredAndStartsSealed" classname="NoSafeCircle.DoorPrototype.Tests.Editor.DoorPrototypeSceneBuilderTests" runstate="Runnable" seed="1210798572" result="Passed" start-time="2026-09-25 11:43:21Z" end-time="2026-09-25 11:43:21Z" duration="0.099376" asserts="0">
                  <properties>
                    <property name="retryIteration" value="0" />
                    <property name="repeatIteration" value="0" />
                  </properties>
                </test-case>
                <test-case id="1075" name="Build_DoorSprite_UsesHumanApprovedIdentityLocalRotation" fullname="NoSafeCircle.DoorPrototype.Tests.Editor.DoorPrototypeSceneBuilderTests.Build_DoorSprite_UsesHumanApprovedIdentityLocalRotation" methodname="Build_DoorSprite_UsesHumanApprovedIdentityLocalRotation" classname="NoSafeCircle.DoorPrototype.Tests.Editor.DoorPrototypeSceneBuilderTests" runstate="Runnable" seed="765528458" result="Passed" start-time="2026-09-25 11:43:21Z" end-time="2026-09-25 11:43:21Z" duration="0.100623" asserts="0">
                  <properties>
                    <property name="retryIteration" value="0" />
                    <property name="repeatIteration" value="0" />
                  </properties>
                </test-case>
                <test-case id="1074" name="Build_DoorSprite_UsesReusableWorldSpaceSpriteRendererConvention" fullname="NoSafeCircle.DoorPrototype.Tests.Editor.DoorPrototypeSceneBuilderTests.Build_DoorSprite_UsesReusableWorldSpaceSpriteRendererConvention" methodname="Build_DoorSprite_UsesReusableWorldSpaceSpriteRendererConvention" classname="NoSafeCircle.DoorPrototype.Tests.Editor.DoorPrototypeSceneBuilderTests" runstate="Runnable" seed="1999040892" result="Passed" start-time="2026-09-25 11:43:21Z" end-time="2026-09-25 11:43:22Z" duration="0.102326" asserts="0">
                  <properties>
                    <property name="retryIteration" value="0" />
                    <property name="repeatIteration" value="0" />
                  </properties>
                </test-case>
                <test-case id="1095" name="Build_DoorwayBlocker_IsSeparateBoxColliderWiredToDoorInteractable" fullname="NoSafeCircle.DoorPrototype.Tests.Editor.DoorPrototypeSceneBuilderTests.Build_DoorwayBlocker_IsSeparateBoxColliderWiredToDoorInteractable" methodname="Build_DoorwayBlocker_IsSeparateBoxColliderWiredToDoorInteractable" classname="NoSafeCircle.DoorPrototype.Tests.Editor.DoorPrototypeSceneBuilderTests" runstate="Runnable" seed="2012222555" result="Passed" start-time="2026-09-25 11:43:22Z" end-time="2026-09-25 11:43:22Z" duration="0.099337" asserts="0">
                  <properties>
                    <property name="retryIteration" value="0" />
                    <property name="repeatIteration" value="0" />
                  </properties>
                </test-case>
                <test-case id="1045" name="Build_FloorRestartController_IsActiveAndWiredToCurrentPlayerOwners" fullname="NoSafeCircle.DoorPrototype.Tests.Editor.DoorPrototypeSceneBuilderTests.Build_FloorRestartController_IsActiveAndWiredToCurrentPlayerOwners" methodname="Build_FloorRestartController_IsActiveAndWiredToCurrentPlayerOwners" classname="NoSafeCircle.DoorPrototype.Tests.Editor.DoorPrototypeSceneBuilderTests" runstate="Runnable" seed="1422468388" result="Passed" start-time="2026-09-25 11:43:22Z" end-time="2026-09-25 11:43:22Z" duration="0.133582" asserts="0">
                  <properties>
                    <property name="retryIteration" value="0" />
                    <property name="repeatIteration" value="0" />
                  </properties>
                </test-case>
                <test-case id="1072" name="Build_FloorTilemapVisual_AlignsWithIndependentGameplayFloorInWorldSpace" fullname="NoSafeCircle.DoorPrototype.Tests.Editor.DoorPrototypeSceneBuilderTests.Build_FloorTilemapVisual_AlignsWithIndependentGameplayFloorInWorldSpace" methodname="Build_FloorTilemapVisual_AlignsWithIndependentGameplayFloorInWorldSpace" classname="NoSafeCircle.DoorPrototype.Tests.Editor.DoorPrototypeSceneBuilderTests" runstate="Runnable" seed="1809044856" result="Passed" start-time="2026-09-25 11:43:22Z" end-time="2026-09-25 11:43:44Z" duration="22.446069" asserts="0">
                  <properties>
                    <property name="retryIteration" value="0" />
                    <property name="repeatIteration" value="0" />
                  </properties>
                </test-case>
                <test-case id="1069" name="Build_GameplayFloor_KeepsCollisionButDisablesMeshRendererBehindTilemap" fullname="NoSafeCircle.DoorPrototype.Tests.Editor.DoorPrototypeSceneBuilderTests.Build_GameplayFloor_KeepsCollisionButDisablesMeshRendererBehindTilemap" methodname="Build_GameplayFloor_KeepsCollisionButDisablesMeshRendererBehindTilemap" classname="NoSafeCircle.DoorPrototype.Tests.Editor.DoorPrototypeSceneBuilderTests" runstate="Runnable" seed="1552075735" result="Passed" start-time="2026-09-25 11:43:44Z" end-time="2026-09-25 11:43:45Z" duration="0.414696" asserts="0">
                  <properties>
                    <property name="retryIteration" value="0" />
                    <property name="repeatIteration" value="0" />
                  </properties>
                </test-case>
                <test-case id="1051" name="Build_HealthFill_UsesDedicatedVerticalLaneAboveInteractionPrompt" fullname="NoSafeCircle.DoorPrototype.Tests.Editor.DoorPrototypeSceneBuilderTests.Build_HealthFill_UsesDedicatedVerticalLaneAboveInteractionPrompt" methodname="Build_HealthFill_UsesDedicatedVerticalLaneAboveInteractionPrompt" classname="NoSafeCircle.DoorPrototype.Tests.Editor.DoorPrototypeSceneBuilderTests" runstate="Runnable" seed="1482794007" result="Passed" start-time="2026-09-25 11:43:45Z" end-time="2026-09-25 11:43:45Z" duration="0.116251" asserts="0">
                  <properties>
                    <property name="retryIteration" value="0" />
                    <property name="repeatIteration" value="0" />
                  </properties>
                </test-case>
                <test-case id="1048" name="Build_HealthFillImage_HasSpriteAssignedSoFillAmountIsVisible" fullname="NoSafeCircle.DoorPrototype.Tests.Editor.DoorPrototypeSceneBuilderTests.Build_HealthFillImage_HasSpriteAssignedSoFillAmountIsVisible" methodname="Build_HealthFillImage_HasSpriteAssignedSoFillAmountIsVisible" classname="NoSafeCircle.DoorPrototype.Tests.Editor.DoorPrototypeSceneBuilderTests" runstate="Runnable" seed="1131463607" result="Passed" start-time="2026-09-25 11:43:45Z" end-time="2026-09-25 11:43:45Z" duration="0.129987" asserts="0">
                  <properties>
                    <property name="retryIteration" value="0" />
                    <property name="repeatIteration" value="0" />
                  </properties>
                </test-case>
                <test-case id="1070" name="Build_IsometricVisualLayer_HasFloorWallAndRepeatableArchitectureTilemaps" fullname="NoSafeCircle.DoorPrototype.Tests.Editor.DoorPrototypeSceneBuilderTests.Build_IsometricVisualLayer_HasFloorWallAndRepeatableArchitectureTilemaps" methodname="Build_IsometricVisualLayer_HasFloorWallAndRepeatableArchitectureTilemaps" classname="NoSafeCircle.DoorPrototype.Tests.Editor.DoorPrototypeSceneBuilderTests" runstate="Runnable" seed="282834677" result="Passed" start-time="2026-09-25 11:43:45Z" end-time="2026-09-25 11:43:45Z" duration="0.123683" asserts="0">
                  <properties>
                    <property name="retryIteration" value="0" />
                    <property name="repeatIteration" value="0" />
                  </properties>
                </test-case>
                <test-case id="1064" name="Build_MainCamera_FramesPlayerAndStartingDoorInView" fullname="NoSafeCircle.DoorPrototype.Tests.Editor.DoorPrototypeSceneBuilderTests.Build_MainCamera_FramesPlayerAndStartingDoorInView" methodname="Build_MainCamera_FramesPlayerAndStartingDoorInView" classname="NoSafeCircle.DoorPrototype.Tests.Editor.DoorPrototypeSceneBuilderTests" runstate="Runnable" seed="576431206" result="Passed" start-time="2026-09-25 11:43:45Z" end-time="2026-09-25 11:43:45Z" duration="0.107237" asserts="0">
                  <properties>
                    <property name="retryIteration" value="0" />
                    <property name="repeatIteration" value="0" />
                  </properties>
                </test-case>
                <test-case id="1065" name="Build_MainCamera_HasFollowComponentTargetingPlayer" fullname="NoSafeCircle.DoorPrototype.Tests.Editor.DoorPrototypeSceneBuilderTests.Build_MainCamera_HasFollowComponentTargetingPlayer" methodname="Build_MainCamera_HasFollowComponentTargetingPlayer" classname="NoSafeCircle.DoorPrototype.Tests.Editor.DoorPrototypeSceneBuilderTests" runstate="Runnable" seed="105715823" result="Passed" start-time="2026-09-25 11:43:45Z" end-time="2026-09-25 11:43:45Z" duration="0.103447" asserts="0">
                  <properties>
                    <property name="retryIteration" value="0" />
                    <property name="repeatIteration" value="0" />
                  </properties>
                </test-case>
                <test-case id="1062" name="Build_MainCamera_IsFixedOrthographicIsometric" fullname="NoSafeCircle.DoorPrototype.Tests.Editor.DoorPrototypeSceneBuilderTests.Build_MainCamera_IsFixedOrthographicIsometric" methodname="Build_MainCamera_IsFixedOrthographicIsometric" classname="NoSafeCircle.DoorPrototype.Tests.Editor.DoorPrototypeSceneBuilderTests" runstate="Runnable" seed="68035046" result="Passed" start-time="2026-09-25 11:43:45Z" end-time="2026-09-25 11:43:45Z" duration="0.101949" asserts="0">
                  <properties>
                    <property name="retryIteration" value="0" />
                    <property name="repeatIteration" value="0" />
                  </properties>
                </test-case>
                <test-case id="1067" name="Build_MainCamera_TranslatesWithPlayerButRotationStaysFixed" fullname="NoSafeCircle.DoorPrototype.Tests.Editor.DoorPrototypeSceneBuilderTests.Build_MainCamera_TranslatesWithPlayerButRotationStaysFixed" methodname="Build_MainCamera_TranslatesWithPlayerButRotationStaysFixed" classname="NoSafeCircle.DoorPrototype.Tests.Editor.DoorPrototypeSceneBuilderTests" runstate="Runnable" seed="1348278122" result="Passed" start-time="2026-09-25 11:43:45Z" end-time="2026-09-25 11:43:45Z" duration="0.099202" asserts="0">
                  <properties>
                    <property name="retryIteration" value="0" />
                    <property name="repeatIteration" value="0" />
                  </properties>
                </test-case>
                <test-case id="1087" name="Build_MainCamera_UsesCustomAxisTransparencySortForWorldSpriteDepthOrdering" fullname="NoSafeCircle.DoorPrototype.Tests.Editor.DoorPrototypeSceneBuilderTests.Build_MainCamera_UsesCustomAxisTransparencySortForWorldSpriteDepthOrdering" methodname="Build_MainCamera_UsesCustomAxisTransparencySortForWorldSpriteDepthOrdering" classname="NoSafeCircle.DoorPrototype.Tests.Editor.DoorPrototypeSceneBuilderTests" runstate="Runnable" seed="949632433" result="Passed" start-time="2026-09-25 11:43:45Z" end-time="2026-09-25 11:43:46Z" duration="0.108150" asserts="0">
                  <properties>
                    <property name="retryIteration" value="0" />
                    <property name="repeatIteration" value="0" />
                  </properties>
                </test-case>
                <test-case id="1094" name="Build_PersistedTileWithStaleSpriteReference_IsRepairedOnRebuild" fullname="NoSafeCircle.DoorPrototype.Tests.Editor.DoorPrototypeSceneBuilderTests.Build_PersistedTileWithStaleSpriteReference_IsRepairedOnRebuild" methodname="Build_PersistedTileWithStaleSpriteReference_IsRepairedOnRebuild" classname="NoSafeCircle.DoorPrototype.Tests.Editor.DoorPrototypeSceneBuilderTests" runstate="Runnable" seed="181175867" result="Passed" start-time="2026-09-25 11:43:46Z" end-time="2026-09-25 11:44:29Z" duration="43.414498" asserts="0">
                  <properties>
                    <property name="retryIteration" value="0" />
                    <property name="repeatIteration" value="0" />
                  </properties>
                </test-case>
                <test-case id="1071" name="Build_PersistentArchitecturalTiles_AreTemporaryReusableVisualOnlyAssets" fullname="NoSafeCircle.DoorPrototype.Tests.Editor.DoorPrototypeSceneBuilderTests.Build_PersistentArchitecturalTiles_AreTemporaryReusableVisualOnlyAssets" methodname="Build_PersistentArchitecturalTiles_AreTemporaryReusableVisualOnlyAssets" classname="NoSafeCircle.DoorPrototype.Tests.Editor.DoorPrototypeSceneBuilderTests" runstate="Runnable" seed="642318723" result="Passed" start-time="2026-09-25 11:44:29Z" end-time="2026-09-25 11:44:51Z" duration="21.802674" asserts="0">
                  <properties>
                    <property name="retryIteration" value="0" />
                    <property name="repeatIteration" value="0" />
                  </properties>
                </test-case>
                <test-case id="1098" name="Build_PersistentArchitecturalTiles_DoesNotSaveUnrelatedDirtyAsset" fullname="NoSafeCircle.DoorPrototype.Tests.Editor.DoorPrototypeSceneBuilderTests.Build_PersistentArchitecturalTiles_DoesNotSaveUnrelatedDirtyAsset" methodname="Build_PersistentArchitecturalTiles_DoesNotSaveUnrelatedDirtyAsset" classname="NoSafeCircle.DoorPrototype.Tests.Editor.DoorPrototypeSceneBuilderTests" runstate="Runnable" seed="1473514826" result="Passed" start-time="2026-09-25 11:44:51Z" end-time="2026-09-25 11:45:38Z" duration="47.451951" asserts="0">
                  <properties>
                    <property name="retryIteration" value="0" />
                    <property name="repeatIteration" value="0" />
                  </properties>
                </test-case>
                <test-case id="1096" name="Build_PersistentWorldSpriteAssets_AreReusableVisualOnlyAssetsInTemporaryFolder" fullname="NoSafeCircle.DoorPrototype.Tests.Editor.DoorPrototypeSceneBuilderTests.Build_PersistentWorldSpriteAssets_AreReusableVisualOnlyAssetsInTemporaryFolder" methodname="Build_PersistentWorldSpriteAssets_AreReusableVisualOnlyAssetsInTemporaryFolder" classname="NoSafeCircle.DoorPrototype.Tests.Editor.DoorPrototypeSceneBuilderTests" runstate="Runnable" seed="963396183" result="Passed" start-time="2026-09-25 11:45:38Z" end-time="2026-09-25 11:46:26Z" duration="47.638844" asserts="0">
                  <properties>
                    <property name="retryIteration" value="0" />
                    <property name="repeatIteration" value="0" />
                  </properties>
                </test-case>
                <test-case id="1084" name="Build_PlayerAndDoorDepthKeysCrossAtTheDoorGroundPlane" fullname="NoSafeCircle.DoorPrototype.Tests.Editor.DoorPrototypeSceneBuilderTests.Build_PlayerAndDoorDepthKeysCrossAtTheDoorGroundPlane" methodname="Build_PlayerAndDoorDepthKeysCrossAtTheDoorGroundPlane" classname="NoSafeCircle.DoorPrototype.Tests.Editor.DoorPrototypeSceneBuilderTests" runstate="Runnable" seed="1332584403" result="Passed" start-time="2026-09-25 11:46:26Z" end-time="2026-09-25 11:46:26Z" duration="0.319571" asserts="0">
                  <properties>
                    <property name="retryIteration" value="0" />
                    <property name="repeatIteration" value="0" />
                  </properties>
                </test-case>
                <test-case id="1049" name="Build_PlayerHealthUI_WiredToPlayerHealthAndFillImage" fullname="NoSafeCircle.DoorPrototype.Tests.Editor.DoorPrototypeSceneBuilderTests.Build_PlayerHealthUI_WiredToPlayerHealthAndFillImage" methodname="Build_PlayerHealthUI_WiredToPlayerHealthAndFillImage" classname="NoSafeCircle.DoorPrototype.Tests.Editor.DoorPrototypeSceneBuilderTests" runstate="Runnable" seed="544160132" result="Passed" start-time="2026-09-25 11:46:26Z" end-time="2026-09-25 11:46:26Z" duration="0.097777" asserts="0">
                  <properties>
                    <property name="retryIteration" value="0" />
                    <property name="repeatIteration" value="0" />
                  </properties>
                </test-case>
                <test-case id="1066" name="Build_PlayerStartsAtCharacterControllerGroundedHeight" fullname="NoSafeCircle.DoorPrototype.Tests.Editor.DoorPrototypeSceneBuilderTests.Build_PlayerStartsAtCharacterControllerGroundedHeight" methodname="Build_PlayerStartsAtCharacterControllerGroundedHeight" classname="NoSafeCircle.DoorPrototype.Tests.Editor.DoorPrototypeSceneBuilderTests" runstate="Runnable" seed="667426726" result="Passed" start-time="2026-09-25 11:46:26Z" end-time="2026-09-25 11:46:26Z" duration="0.100310" asserts="0">
                  <properties>
                    <property name="retryIteration" value="0" />
                    <property name="repeatIteration" value="0" />
                  </properties>
                </test-case>
                <test-case id="1079" name="Build_PlayerVisual_ScalesTheWizardUniformlySoTheArtIsNotStretched" fullname="NoSafeCircle.DoorPrototype.Tests.Editor.DoorPrototypeSceneBuilderTests.Build_PlayerVisual_ScalesTheWizardUniformlySoTheArtIsNotStretched" methodname="Build_PlayerVisual_ScalesTheWizardUniformlySoTheArtIsNotStretched" classname="NoSafeCircle.DoorPrototype.Tests.Editor.DoorPrototypeSceneBuilderTests" runstate="Runnable" seed="1582052917" result="Passed" start-time="2026-09-25 11:46:26Z" end-time="2026-09-25 11:46:26Z" duration="0.115895" asserts="0">
                  <properties>
                    <property name="retryIteration" value="0" />
                    <property name="repeatIteration" value="0" />
                  </properties>
                </test-case>
                <test-case id="1078" name="Build_PlayerVisual_UsesReusableWorldSpaceSpriteRendererConvention" fullname="NoSafeCircle.DoorPrototype.Tests.Editor.DoorPrototypeSceneBuilderTests.Build_PlayerVisual_UsesReusableWorldSpaceSpriteRendererConvention" methodname="Build_PlayerVisual_UsesReusableWorldSpaceSpriteRendererConvention" classname="NoSafeCircle.DoorPrototype.Tests.Editor.DoorPrototypeSceneBuilderTests" runstate="Runnable" seed="333339939" result="Passed" start-time="2026-09-25 11:46:26Z" end-time="2026-09-25 11:46:27Z" duration="0.095944" asserts="0">
                  <properties>
                    <property name="retryIteration" value="0" />
                    <property name="repeatIteration" value="0" />
                  </properties>
                </test-case>
                <test-case id="1043" name="Build_ProgressFillImage_HasSpriteAssignedSoFillAmountIsVisible" fullname="NoSafeCircle.DoorPrototype.Tests.Editor.DoorPrototypeSceneBuilderTests.Build_ProgressFillImage_HasSpriteAssignedSoFillAmountIsVisible" methodname="Build_ProgressFillImage_HasSpriteAssignedSoFillAmountIsVisible" classname="NoSafeCircle.DoorPrototype.Tests.Editor.DoorPrototypeSceneBuilderTests" runstate="Runnable" seed="116998308" result="Passed" start-time="2026-09-25 11:46:27Z" end-time="2026-09-25 11:46:27Z" duration="0.091290" asserts="0">
                  <properties>
                    <property name="retryIteration" value="0" />
                    <property name="repeatIteration" value="0" />
                  </properties>
                </test-case>
                <test-case id="1088" name="Build_RepresentativeWorldSprite_CanSortOnEitherSideOfRealWallTilemapGeometry" fullname="NoSafeCircle.DoorPrototype.Tests.Editor.DoorPrototypeSceneBuilderTests.Build_RepresentativeWorldSprite_CanSortOnEitherSideOfRealWallTilemapGeometry" methodname="Build_RepresentativeWorldSprite_CanSortOnEitherSideOfRealWallTilemapGeometry" classname="NoSafeCircle.DoorPrototype.Tests.Editor.DoorPrototypeSceneBuilderTests" runstate="Runnable" seed="1130208646" result="Passed" start-time="2026-09-25 11:46:27Z" end-time="2026-09-25 11:46:27Z" duration="0.112383" asserts="0">
                  <properties>
                    <property name="retryIteration" value="0" />
                    <property name="repeatIteration" value="0" />
                  </properties>
                </test-case>
                <test-case id="1054" name="Build_RunTwice_DoesNotDuplicateControlsHud" fullname="NoSafeCircle.DoorPrototype.Tests.Editor.DoorPrototypeSceneBuilderTests.Build_RunTwice_DoesNotDuplicateControlsHud" methodname="Build_RunTwice_DoesNotDuplicateControlsHud" classname="NoSafeCircle.DoorPrototype.Tests.Editor.DoorPrototypeSceneBuilderTests" runstate="Runnable" seed="206690808" result="Passed" start-time="2026-09-25 11:46:27Z" end-time="2026-09-25 11:46:27Z" duration="0.134908" asserts="0">
                  <properties>
                    <property name="retryIteration" value="0" />
                    <property name="repeatIteration" value="0" />
                  </properties>
                </test-case>
                <test-case id="1060" name="Build_RunTwice_DoesNotDuplicateDoorInteractionFeedback" fullname="NoSafeCircle.DoorPrototype.Tests.Editor.DoorPrototypeSceneBuilderTests.Build_RunTwice_DoesNotDuplicateDoorInteractionFeedback" methodname="Build_RunTwice_DoesNotDuplicateDoorInteractionFeedback" classname="NoSafeCircle.DoorPrototype.Tests.Editor.DoorPrototypeSceneBuilderTests" runstate="Runnable" seed="1707208839" result="Passed" start-time="2026-09-25 11:46:27Z" end-time="2026-09-25 11:46:27Z" duration="0.123933" asserts="0">
                  <properties>
                    <property name="retryIteration" value="0" />
                    <property name="repeatIteration" value="0" />
                  </properties>
                </test-case>
                <test-case id="1050" name="Build_RunTwice_DoesNotDuplicateHealthFillHierarchy" fullname="NoSafeCircle.DoorPrototype.Tests.Editor.DoorPrototypeSceneBuilderTests.Build_RunTwice_DoesNotDuplicateHealthFillHierarchy" methodname="Build_RunTwice_DoesNotDuplicateHealthFillHierarchy" classname="NoSafeCircle.DoorPrototype.Tests.Editor.DoorPrototypeSceneBuilderTests" runstate="Runnable" seed="1975411640" result="Passed" start-time="2026-09-25 11:46:27Z" end-time="2026-09-25 11:46:27Z" duration="0.160745" asserts="0">
                  <properties>
                    <property name="retryIteration" value="0" />
                    <property name="repeatIteration" value="0" />
                  </properties>
                </test-case>
                <test-case id="1047" name="Build_RunTwice_DoesNotDuplicateProgressFillHierarchy" fullname="NoSafeCircle.DoorPrototype.Tests.Editor.DoorPrototypeSceneBuilderTests.Build_RunTwice_DoesNotDuplicateProgressFillHierarchy" methodname="Build_RunTwice_DoesNotDuplicateProgressFillHierarchy" classname="NoSafeCircle.DoorPrototype.Tests.Editor.DoorPrototypeSceneBuilderTests" runstate="Runnable" seed="1263842808" result="Passed" start-time="2026-09-25 11:46:27Z" end-time="2026-09-25 11:46:27Z" duration="0.142321" asserts="0">
                  <properties>
                    <property name="retryIteration" value="0" />
                    <property name="repeatIteration" value="0" />
                  </properties>
                </test-case>
                <test-case id="1063" name="Build_RunTwice_MainCameraStaysSingleAndFixed" fullname="NoSafeCircle.DoorPrototype.Tests.Editor.DoorPrototypeSceneBuilderTests.Build_RunTwice_MainCameraStaysSingleAndFixed" methodname="Build_RunTwice_MainCameraStaysSingleAndFixed" classname="NoSafeCircle.DoorPrototype.Tests.Editor.DoorPrototypeSceneBuilderTests" runstate="Runnable" seed="1853777207" result="Passed" start-time="2026-09-25 11:46:27Z" end-time="2026-09-25 11:46:27Z" duration="0.124445" asserts="0">
                  <properties>
                    <property name="retryIteration" value="0" />
                    <property name="repeatIteration" value="0" />
                  </properties>
                </test-case>
                <test-case id="1082" name="Build_RunTwiceWithPersistentFolder_ReusesSameSharedWorldSpritePrefabAssetWithoutDuplicating" fullname="NoSafeCircle.DoorPrototype.Tests.Editor.DoorPrototypeSceneBuilderTests.Build_RunTwiceWithPersistentFolder_ReusesSameSharedWorldSpritePrefabAssetWithoutDuplicating" methodname="Build_RunTwiceWithPersistentFolder_ReusesSameSharedWorldSpritePrefabAssetWithoutDuplicating" classname="NoSafeCircle.DoorPrototype.Tests.Editor.DoorPrototypeSceneBuilderTests" runstate="Runnable" seed="1874439028" result="Passed" start-time="2026-09-25 11:46:27Z" end-time="2026-09-25 11:47:12Z" duration="44.341306" asserts="0">
                  <properties>
                    <property name="retryIteration" value="0" />
                    <property name="repeatIteration" value="0" />
                  </properties>
                </test-case>
                <test-case id="1089" name="Build_WallTilemap_UsesGroundPivotedOneCellSegmentsForStableSorting" fullname="NoSafeCircle.DoorPrototype.Tests.Editor.DoorPrototypeSceneBuilderTests.Build_WallTilemap_UsesGroundPivotedOneCellSegmentsForStableSorting" methodname="Build_WallTilemap_UsesGroundPivotedOneCellSegmentsForStableSorting" classname="NoSafeCircle.DoorPrototype.Tests.Editor.DoorPrototypeSceneBuilderTests" runstate="Runnable" seed="1764117117" result="Passed" start-time="2026-09-25 11:47:12Z" end-time="2026-09-25 11:47:12Z" duration="0.309596" asserts="0">
                  <properties>
                    <property name="retryIteration" value="0" />
                    <property name="repeatIteration" value="0" />
                  </properties>
                </test-case>
                <test-case id="1073" name="Build_WallTilemapVisuals_AlignWithIndependentGameplayWallsInWorldSpace" fullname="NoSafeCircle.DoorPrototype.Tests.Editor.DoorPrototypeSceneBuilderTests.Build_WallTilemapVisuals_AlignWithIndependentGameplayWallsInWorldSpace" methodname="Build_WallTilemapVisuals_AlignWithIndependentGameplayWallsInWorldSpace" classname="NoSafeCircle.DoorPrototype.Tests.Editor.DoorPrototypeSceneBuilderTests" runstate="Runnable" seed="319373085" result="Passed" start-time="2026-09-25 11:47:12Z" end-time="2026-09-25 11:47:12Z" duration="0.090207" asserts="0">
                  <properties>
                    <property name="retryIteration" value="0" />
                    <property name="repeatIteration" value="0" />
                  </properties>
                </test-case>
                <test-case id="1086" name="Build_WizardPersistentSpriteAsset_UsesWizardSpecificAssetIdentityNotGenericHierarchyName" fullname="NoSafeCircle.DoorPrototype.Tests.Editor.DoorPrototypeSceneBuilderTests.Build_WizardPersistentSpriteAsset_UsesWizardSpecificAssetIdentityNotGenericHierarchyName" methodname="Build_WizardPersistentSpriteAsset_UsesWizardSpecificAssetIdentityNotGenericHierarchyName" classname="NoSafeCircle.DoorPrototype.Tests.Editor.DoorPrototypeSceneBuilderTests" runstate="Runnable" seed="1079975506" result="Passed" start-time="2026-09-25 11:47:12Z" end-time="2026-09-25 11:47:32Z" duration="19.850633" asserts="0">
                  <properties>
                    <property name="retryIteration" value="0" />
                    <property name="repeatIteration" value="0" />
                  </properties>
                </test-case>
                <test-case id="1077" name="Build_WizardSprite_UsesSelectedSourceWithGroundedPointImportSettings" fullname="NoSafeCircle.DoorPrototype.Tests.Editor.DoorPrototypeSceneBuilderTests.Build_WizardSprite_UsesSelectedSourceWithGroundedPointImportSettings" methodname="Build_WizardSprite_UsesSelectedSourceWithGroundedPointImportSettings" classname="NoSafeCircle.DoorPrototype.Tests.Editor.DoorPrototypeSceneBuilderTests" runstate="Runnable" seed="1277365332" result="Passed" start-time="2026-09-25 11:47:32Z" end-time="2026-09-25 11:47:32Z" duration="0.331170" asserts="0">
                  <properties>
                    <property name="retryIteration" value="0" />
                    <property name="repeatIteration" value="0" />
                  </properties>
                </test-case>
                <test-case id="1081" name="Build_WorldSpriteVisuals_AreInstancesOfOneSharedReusablePrefabAsset" fullname="NoSafeCircle.DoorPrototype.Tests.Editor.DoorPrototypeSceneBuilderTests.Build_WorldSpriteVisuals_AreInstancesOfOneSharedReusablePrefabAsset" methodname="Build_WorldSpriteVisuals_AreInstancesOfOneSharedReusablePrefabAsset" classname="NoSafeCircle.DoorPrototype.Tests.Editor.DoorPrototypeSceneBuilderTests" runstate="Runnable" seed="386572897" result="Passed" start-time="2026-09-25 11:47:32Z" end-time="2026-09-25 11:47:53Z" duration="20.449054" asserts="0">
                  <properties>
                    <property name="retryIteration" value="0" />
                    <property name="repeatIteration" value="0" />
                  </properties>
                </test-case>
                <test-case id="1080" name="Build_WorldSpriteVisuals_ShareInteractiveSortingBandAboveGroundFlushBackgroundLayers" fullname="NoSafeCircle.DoorPrototype.Tests.Editor.DoorPrototypeSceneBuilderTests.Build_WorldSpriteVisuals_ShareInteractiveSortingBandAboveGroundFlushBackgroundLayers" methodname="Build_WorldSpriteVisuals_ShareInteractiveSortingBandAboveGroundFlushBackgroundLayers" classname="NoSafeCircle.DoorPrototype.Tests.Editor.DoorPrototypeSceneBuilderTests" runstate="Runnable" seed="536853241" result="Passed" start-time="2026-09-25 11:47:53Z" end-time="2026-09-25 11:47:53Z" duration="0.296297" asserts="0">
                  <properties>
                    <property name="retryIteration" value="0" />
                    <property name="repeatIteration" value="0" />
                  </properties>
                </test-case>
                <test-case id="1085" name="Build_WorldSpriteVisuals_SortByPivotNotCenterSoGroundContactSortingIsReal" fullname="NoSafeCircle.DoorPrototype.Tests.Editor.DoorPrototypeSceneBuilderTests.Build_WorldSpriteVisuals_SortByPivotNotCenterSoGroundContactSortingIsReal" methodname="Build_WorldSpriteVisuals_SortByPivotNotCenterSoGroundContactSortingIsReal" classname="NoSafeCircle.DoorPrototype.Tests.Editor.DoorPrototypeSceneBuilderTests" runstate="Runnable" seed="1581129394" result="Passed" start-time="2026-09-25 11:47:53Z" end-time="2026-09-25 11:48:14Z" duration="20.373359" asserts="0">
                  <properties>
                    <property name="retryIteration" value="0" />
                    <property name="repeatIteration" value="0" />
                  </properties>
                </test-case>
                <test-case id="1083" name="Build_WorldSpriteVisuals_UseConsistentGroundContactOriginRegardlessOfSpriteHeight" fullname="NoSafeCircle.DoorPrototype.Tests.Editor.DoorPrototypeSceneBuilderTests.Build_WorldSpriteVisuals_UseConsistentGroundContactOriginRegardlessOfSpriteHeight" methodname="Build_WorldSpriteVisuals_UseConsistentGroundContactOriginRegardlessOfSpriteHeight" classname="NoSafeCircle.DoorPrototype.Tests.Editor.DoorPrototypeSceneBuilderTests" runstate="Runnable" seed="2042644121" result="Passed" start-time="2026-09-25 11:48:14Z" end-time="2026-09-25 11:48:14Z" duration="0.289934" asserts="0">
                  <properties>
                    <property name="retryIteration" value="0" />
                    <property name="repeatIteration" value="0" />
                  </properties>
                </test-case>
                <test-case id="1068" name="BuildCamera_NullFollowTarget_LogsWarningInsteadOfSilentlyMisframing" fullname="NoSafeCircle.DoorPrototype.Tests.Editor.DoorPrototypeSceneBuilderTests.BuildCamera_NullFollowTarget_LogsWarningInsteadOfSilentlyMisframing" methodname="BuildCamera_NullFollowTarget_LogsWarningInsteadOfSilentlyMisframing" classname="NoSafeCircle.DoorPrototype.Tests.Editor.DoorPrototypeSceneBuilderTests" runstate="Runnable" seed="499570448" result="Passed" start-time="2026-09-25 11:48:14Z" end-time="2026-09-25 11:48:14Z" duration="0.122434" asserts="0">
                  <properties>
                    <property name="retryIteration" value="0" />
                    <property name="repeatIteration" value="0" />
                  </properties>
                  <output><![CDATA[DoorPrototypeGlobalSceneBuilder.BuildCamera called with a null follow target; the camera will be placed at the world origin plus its isometric offset instead of framing the player, which will fail the fixed isometric framing requirement.
]]></output>
                </test-case>
                <test-case id="1101" name="BuildInMemory_CanonicalSceneBytesRemainUnchanged" fullname="NoSafeCircle.DoorPrototype.Tests.Editor.DoorPrototypeSceneBuilderTests.BuildInMemory_CanonicalSceneBytesRemainUnchanged" methodname="BuildInMemory_CanonicalSceneBytesRemainUnchanged" classname="NoSafeCircle.DoorPrototype.Tests.Editor.DoorPrototypeSceneBuilderTests" runstate="Runnable" seed="425392056" result="Passed" start-time="2026-09-25 11:48:14Z" end-time="2026-09-25 11:48:35Z" duration="20.565904" asserts="0">
                  <properties>
                    <property name="retryIteration" value="0" />
                    <property name="repeatIteration" value="0" />
                  </properties>
                </test-case>
                <test-case id="1099" name="BuildInMemory_TransientArchitecturalTiles_AreDestroyedOnRebuild" fullname="NoSafeCircle.DoorPrototype.Tests.Editor.DoorPrototypeSceneBuilderTests.BuildInMemory_TransientArchitecturalTiles_AreDestroyedOnRebuild" methodname="BuildInMemory_TransientArchitecturalTiles_AreDestroyedOnRebuild" classname="NoSafeCircle.DoorPrototype.Tests.Editor.DoorPrototypeSceneBuilderTests" runstate="Runnable" seed="801274332" result="Passed" start-time="2026-09-25 11:48:35Z" end-time="2026-09-25 11:48:35Z" duration="0.382655" asserts="0">
                  <properties>
                    <property name="retryIteration" value="0" />
                    <property name="repeatIteration" value="0" />
                  </properties>
                </test-case>
                <test-case id="1100" name="BuildInMemory_TransientArchitecturalTiles_AreDestroyedOnSceneReplacement" fullname="NoSafeCircle.DoorPrototype.Tests.Editor.DoorPrototypeSceneBuilderTests.BuildInMemory_TransientArchitecturalTiles_AreDestroyedOnSceneReplacement" methodname="BuildInMemory_TransientArchitecturalTiles_AreDestroyedOnSceneReplacement" classname="NoSafeCircle.DoorPrototype.Tests.Editor.DoorPrototypeSceneBuilderTests" runstate="Runnable" seed="1380413504" result="Passed" start-time="2026-09-25 11:48:35Z" end-time="2026-09-25 11:48:35Z" duration="0.131376" asserts="0">
                  <properties>
                    <property name="retryIteration" value="0" />
                    <property name="repeatIteration" value="0" />
                  </properties>
                </test-case>
                <test-case id="1097" name="BuildInMemory_TransientWorldSpriteObjects_AreDestroyedOnRebuild" fullname="NoSafeCircle.DoorPrototype.Tests.Editor.DoorPrototypeSceneBuilderTests.BuildInMemory_TransientWorldSpriteObjects_AreDestroyedOnRebuild" methodname="BuildInMemory_TransientWorldSpriteObjects_AreDestroyedOnRebuild" classname="NoSafeCircle.DoorPrototype.Tests.Editor.DoorPrototypeSceneBuilderTests" runstate="Runnable" seed="1562528590" result="Passed" start-time="2026-09-25 11:48:35Z" end-time="2026-09-25 11:48:35Z" duration="0.123550" asserts="0">
                  <properties>
                    <property name="retryIteration" value="0" />
                    <property name="repeatIteration" value="0" />
                  </properties>
                </test-case>
                <test-case id="1057" name="CommittedScene_AllDoorsHaveConformingBreachFeedback" fullname="NoSafeCircle.DoorPrototype.Tests.Editor.DoorPrototypeSceneBuilderTests.CommittedScene_AllDoorsHaveConformingBreachFeedback" methodname="CommittedScene_AllDoorsHaveConformingBreachFeedback" classname="NoSafeCircle.DoorPrototype.Tests.Editor.DoorPrototypeSceneBuilderTests" runstate="Runnable" seed="1750921100" result="Passed" start-time="2026-09-25 11:48:35Z" end-time="2026-09-25 11:48:36Z" duration="0.742299" asserts="0">
                  <properties>
                    <property name="retryIteration" value="0" />
                    <property name="repeatIteration" value="0" />
                  </properties>
                </test-case>
                <test-case id="1059" name="CommittedScene_AllFiveDoorsOwnAndReferencePassability" fullname="NoSafeCircle.DoorPrototype.Tests.Editor.DoorPrototypeSceneBuilderTests.CommittedScene_AllFiveDoorsOwnAndReferencePassability" methodname="CommittedScene_AllFiveDoorsOwnAndReferencePassability" classname="NoSafeCircle.DoorPrototype.Tests.Editor.DoorPrototypeSceneBuilderTests" runstate="Runnable" seed="1042078407" result="Passed" start-time="2026-09-25 11:48:36Z" end-time="2026-09-25 11:48:36Z" duration="0.303026" asserts="0">
                  <properties>
                    <property name="retryIteration" value="0" />
                    <property name="repeatIteration" value="0" />
                  </properties>
                </test-case>
                <test-case id="1046" name="CommittedScene_ContainsDoorUiSortingAndFinalRoomCollisionHotfix" fullname="NoSafeCircle.DoorPrototype.Tests.Editor.DoorPrototypeSceneBuilderTests.CommittedScene_ContainsDoorUiSortingAndFinalRoomCollisionHotfix" methodname="CommittedScene_ContainsDoorUiSortingAndFinalRoomCollisionHotfix" classname="NoSafeCircle.DoorPrototype.Tests.Editor.DoorPrototypeSceneBuilderTests" runstate="Runnable" seed="245852997" result="Passed" start-time="2026-09-25 11:48:36Z" end-time="2026-09-25 11:48:37Z" duration="0.336516" asserts="0">
                  <properties>
                    <property name="retryIteration" value="0" />
                    <property name="repeatIteration" value="0" />
                  </properties>
                </test-case>
                <test-case id="1076" name="CreateWorldSpriteVisual_AppliesCallerSuppliedRotationPerInstanceRatherThanForcingOneOrientation" fullname="NoSafeCircle.DoorPrototype.Tests.Editor.DoorPrototypeSceneBuilderTests.CreateWorldSpriteVisual_AppliesCallerSuppliedRotationPerInstanceRatherThanForcingOneOrientation" methodname="CreateWorldSpriteVisual_AppliesCallerSuppliedRotationPerInstanceRatherThanForcingOneOrientation" classname="NoSafeCircle.DoorPrototype.Tests.Editor.DoorPrototypeSceneBuilderTests" runstate="Runnable" seed="399678687" result="Passed" start-time="2026-09-25 11:48:37Z" end-time="2026-09-25 11:48:37Z" duration="0.037502" asserts="0">
[...]
                    </properties>
                  </test-case>
                  <test-case id="1238" name="CanonicalDoors_D5IsSoleExitMarkerOnFinalRoom" fullname="NoSafeCircle.DoorPrototype.Tests.Editor.World.RoomSceneCompositionFoundationTests.CanonicalDoors_D5IsSoleExitMarkerOnFinalRoom" methodname="CanonicalDoors_D5IsSoleExitMarkerOnFinalRoom" classname="NoSafeCircle.DoorPrototype.Tests.Editor.World.RoomSceneCompositionFoundationTests" runstate="Runnable" seed="593037101" result="Passed" start-time="2026-09-25 11:49:00Z" end-time="2026-09-25 11:49:00Z" duration="0.088227" asserts="0">
                    <properties>
                      <property name="retryIteration" value="0" />
                      <property name="repeatIteration" value="0" />
                    </properties>
                  </test-case>
                  <test-case id="1235" name="CanonicalRooms_MatchFixedFiveRoomOrder" fullname="NoSafeCircle.DoorPrototype.Tests.Editor.World.RoomSceneCompositionFoundationTests.CanonicalRooms_MatchFixedFiveRoomOrder" methodname="CanonicalRooms_MatchFixedFiveRoomOrder" classname="NoSafeCircle.DoorPrototype.Tests.Editor.World.RoomSceneCompositionFoundationTests" runstate="Runnable" seed="668666013" result="Passed" start-time="2026-09-25 11:49:00Z" end-time="2026-09-25 11:49:00Z" duration="0.085823" asserts="0">
                    <properties>
                      <property name="retryIteration" value="0" />
                      <property name="repeatIteration" value="0" />
                    </properties>
                  </test-case>
                  <test-case id="1236" name="CanonicalRooms_RecordDistinctStableScenePaths" fullname="NoSafeCircle.DoorPrototype.Tests.Editor.World.RoomSceneCompositionFoundationTests.CanonicalRooms_RecordDistinctStableScenePaths" methodname="CanonicalRooms_RecordDistinctStableScenePaths" classname="NoSafeCircle.DoorPrototype.Tests.Editor.World.RoomSceneCompositionFoundationTests" runstate="Runnable" seed="728871223" result="Passed" start-time="2026-09-25 11:49:00Z" end-time="2026-09-25 11:49:00Z" duration="0.091306" asserts="0">
                    <properties>
                      <property name="retryIteration" value="0" />
                      <property name="repeatIteration" value="0" />
                    </properties>
                  </test-case>
                  <test-case id="1240" name="DoorAnchorMarker_ExposesSerializedFieldsAndDefaultOpeningWidth" fullname="NoSafeCircle.DoorPrototype.Tests.Editor.World.RoomSceneCompositionFoundationTests.DoorAnchorMarker_ExposesSerializedFieldsAndDefaultOpeningWidth" methodname="DoorAnchorMarker_ExposesSerializedFieldsAndDefaultOpeningWidth" classname="NoSafeCircle.DoorPrototype.Tests.Editor.World.RoomSceneCompositionFoundationTests" runstate="Runnable" seed="989168431" result="Passed" start-time="2026-09-25 11:49:00Z" end-time="2026-09-25 11:49:01Z" duration="0.142667" asserts="0">
                    <properties>
                      <property name="retryIteration" value="0" />
                      <property name="repeatIteration" value="0" />
                    </properties>
                  </test-case>
                  <test-case id="1239" name="RoomContentMarker_ExposesSerializedRoomIdAndCategory" fullname="NoSafeCircle.DoorPrototype.Tests.Editor.World.RoomSceneCompositionFoundationTests.RoomContentMarker_ExposesSerializedRoomIdAndCategory" methodname="RoomContentMarker_ExposesSerializedRoomIdAndCategory" classname="NoSafeCircle.DoorPrototype.Tests.Editor.World.RoomSceneCompositionFoundationTests" runstate="Runnable" seed="1086364326" result="Passed" start-time="2026-09-25 11:49:01Z" end-time="2026-09-25 11:49:01Z" duration="0.104047" asserts="0">
                    <properties>
                      <property name="retryIteration" value="0" />
                      <property name="repeatIteration" value="0" />
                    </properties>
                  </test-case>
                  <test-case id="1234" name="TryComposeRoom_InvalidSourceScene_FailsAndLeavesTargetSceneUnmodified" fullname="NoSafeCircle.DoorPrototype.Tests.Editor.World.RoomSceneCompositionFoundationTests.TryComposeRoom_InvalidSourceScene_FailsAndLeavesTargetSceneUnmodified" methodname="TryComposeRoom_InvalidSourceScene_FailsAndLeavesTargetSceneUnmodified" classname="NoSafeCircle.DoorPrototype.Tests.Editor.World.RoomSceneCompositionFoundationTests" runstate="Runnable" seed="1413944686" result="Passed" start-time="2026-09-25 11:49:01Z" end-time="2026-09-25 11:49:01Z" duration="0.218998" asserts="0">
                    <properties>
                      <property name="retryIteration" value="0" />
                      <property name="repeatIteration" value="0" />
                    </properties>
                  </test-case>
                  <test-case id="1233" name="TryComposeRoom_RunTwice_ReplacesComposedRoomWithoutDuplicating" fullname="NoSafeCircle.DoorPrototype.Tests.Editor.World.RoomSceneCompositionFoundationTests.TryComposeRoom_RunTwice_ReplacesComposedRoomWithoutDuplicating" methodname="TryComposeRoom_RunTwice_ReplacesComposedRoomWithoutDuplicating" classname="NoSafeCircle.DoorPrototype.Tests.Editor.World.RoomSceneCompositionFoundationTests" runstate="Runnable" seed="1385811197" result="Passed" start-time="2026-09-25 11:49:01Z" end-time="2026-09-25 11:49:01Z" duration="0.214291" asserts="0">
                    <properties>
                      <property name="retryIteration" value="0" />
                      <property name="repeatIteration" value="0" />
                    </properties>
                  </test-case>
                  <test-case id="1232" name="TryComposeRoom_ValidSourceScene_ClonesContentAndClosesSourceWithoutSaving" fullname="NoSafeCircle.DoorPrototype.Tests.Editor.World.RoomSceneCompositionFoundationTests.TryComposeRoom_ValidSourceScene_ClonesContentAndClosesSourceWithoutSaving" methodname="TryComposeRoom_ValidSourceScene_ClonesContentAndClosesSourceWithoutSaving" classname="NoSafeCircle.DoorPrototype.Tests.Editor.World.RoomSceneCompositionFoundationTests" runstate="Runnable" seed="1180966244" result="Passed" start-time="2026-09-25 11:49:01Z" end-time="2026-09-25 11:49:01Z" duration="0.218375" asserts="0">
                    <properties>
                      <property name="retryIteration" value="0" />
                      <property name="repeatIteration" value="0" />
                    </properties>
                  </test-case>
                  <test-case id="1227" name="ValidateAnchorPairing_MismatchedDoorId_Fails" fullname="NoSafeCircle.DoorPrototype.Tests.Editor.World.RoomSceneCompositionFoundationTests.ValidateAnchorPairing_MismatchedDoorId_Fails" methodname="ValidateAnchorPairing_MismatchedDoorId_Fails" classname="NoSafeCircle.DoorPrototype.Tests.Editor.World.RoomSceneCompositionFoundationTests" runstate="Runnable" seed="1899811253" result="Passed" start-time="2026-09-25 11:49:01Z" end-time="2026-09-25 11:49:01Z" duration="0.096874" asserts="0">
                    <properties>
                      <property name="retryIteration" value="0" />
                      <property name="repeatIteration" value="0" />
                    </properties>
                  </test-case>
                  <test-case id="1228" name="ValidateAnchorPairing_MismatchedOpeningWidth_Fails" fullname="NoSafeCircle.DoorPrototype.Tests.Editor.World.RoomSceneCompositionFoundationTests.ValidateAnchorPairing_MismatchedOpeningWidth_Fails" methodname="ValidateAnchorPairing_MismatchedOpeningWidth_Fails" classname="NoSafeCircle.DoorPrototype.Tests.Editor.World.RoomSceneCompositionFoundationTests" runstate="Runnable" seed="1059720694" result="Passed" start-time="2026-09-25 11:49:01Z" end-time="2026-09-25 11:49:02Z" duration="0.101465" asserts="0">
                    <properties>
                      <property name="retryIteration" value="0" />
                      <property name="repeatIteration" value="0" />
                    </properties>
                  </test-case>
                  <test-case id="1225" name="ValidateAnchorPairing_OpposingForwardVectorsAtSharedCenter_Succeeds" fullname="NoSafeCircle.DoorPrototype.Tests.Editor.World.RoomSceneCompositionFoundationTests.ValidateAnchorPairing_OpposingForwardVectorsAtSharedCenter_Succeeds" methodname="ValidateAnchorPairing_OpposingForwardVectorsAtSharedCenter_Succeeds" classname="NoSafeCircle.DoorPrototype.Tests.Editor.World.RoomSceneCompositionFoundationTests" runstate="Runnable" seed="1924855972" result="Passed" start-time="2026-09-25 11:49:02Z" end-time="2026-09-25 11:49:02Z" duration="0.100048" asserts="0">
                    <properties>
                      <property name="retryIteration" value="0" />
                      <property name="repeatIteration" value="0" />
                    </properties>
                  </test-case>
                  <test-case id="1226" name="ValidateAnchorPairing_SameDirectionForwardVectors_Fails" fullname="NoSafeCircle.DoorPrototype.Tests.Editor.World.RoomSceneCompositionFoundationTests.ValidateAnchorPairing_SameDirectionForwardVectors_Fails" methodname="ValidateAnchorPairing_SameDirectionForwardVectors_Fails" classname="NoSafeCircle.DoorPrototype.Tests.Editor.World.RoomSceneCompositionFoundationTests" runstate="Runnable" seed="153487429" result="Passed" start-time="2026-09-25 11:49:02Z" end-time="2026-09-25 11:49:02Z" duration="0.094703" asserts="0">
                    <properties>
                      <property name="retryIteration" value="0" />
                      <property name="repeatIteration" value="0" />
                    </properties>
                  </test-case>
                  <test-case id="1230" name="ValidateFixedRoomOrder_OutOfOrderRooms_Fails" fullname="NoSafeCircle.DoorPrototype.Tests.Editor.World.RoomSceneCompositionFoundationTests.ValidateFixedRoomOrder_OutOfOrderRooms_Fails" methodname="ValidateFixedRoomOrder_OutOfOrderRooms_Fails" classname="NoSafeCircle.DoorPrototype.Tests.Editor.World.RoomSceneCompositionFoundationTests" runstate="Runnable" seed="389524079" result="Passed" start-time="2026-09-25 11:49:02Z" end-time="2026-09-25 11:49:02Z" duration="0.091609" asserts="0">
                    <properties>
                      <property name="retryIteration" value="0" />
                      <property name="repeatIteration" value="0" />
                    </properties>
                  </test-case>
                  <test-case id="1229" name="ValidateFixedRoomOrder_WrongCount_Fails" fullname="NoSafeCircle.DoorPrototype.Tests.Editor.World.RoomSceneCompositionFoundationTests.ValidateFixedRoomOrder_WrongCount_Fails" methodname="ValidateFixedRoomOrder_WrongCount_Fails" classname="NoSafeCircle.DoorPrototype.Tests.Editor.World.RoomSceneCompositionFoundationTests" runstate="Runnable" seed="1646797470" result="Passed" start-time="2026-09-25 11:49:02Z" end-time="2026-09-25 11:49:02Z" duration="0.087754" asserts="0">
                    <properties>
                      <property name="retryIteration" value="0" />
                      <property name="repeatIteration" value="0" />
                    </properties>
                  </test-case>
                  <test-case id="1219" name="ValidateOpenRoomScene_DisallowedActiveEnemyRegistryComponent_ReportsError" fullname="NoSafeCircle.DoorPrototype.Tests.Editor.World.RoomSceneCompositionFoundationTests.ValidateOpenRoomScene_DisallowedActiveEnemyRegistryComponent_ReportsError" methodname="ValidateOpenRoomScene_DisallowedActiveEnemyRegistryComponent_ReportsError" classname="NoSafeCircle.DoorPrototype.Tests.Editor.World.RoomSceneCompositionFoundationTests" runstate="Runnable" seed="565669435" result="Passed" start-time="2026-09-25 11:49:02Z" end-time="2026-09-25 11:49:02Z" duration="0.096695" asserts="0">
                    <properties>
                      <property name="retryIteration" value="0" />
                      <property name="repeatIteration" value="0" />
                    </properties>
                  </test-case>
                  <test-case id="1220" name="ValidateOpenRoomScene_DisallowedEncounterAdmissionControllerComponent_ReportsError" fullname="NoSafeCircle.DoorPrototype.Tests.Editor.World.RoomSceneCompositionFoundationTests.ValidateOpenRoomScene_DisallowedEncounterAdmissionControllerComponent_ReportsError" methodname="ValidateOpenRoomScene_DisallowedEncounterAdmissionControllerComponent_ReportsError" classname="NoSafeCircle.DoorPrototype.Tests.Editor.World.RoomSceneCompositionFoundationTests" runstate="Runnable" seed="128634676" result="Passed" start-time="2026-09-25 11:49:02Z" end-time="2026-09-25 11:49:02Z" duration="0.098126" asserts="0">
                    <properties>
                      <property name="retryIteration" value="0" />
                      <property name="repeatIteration" value="0" />
                    </properties>
                  </test-case>
                  <test-case id="1218" name="ValidateOpenRoomScene_DisallowedLightComponent_ReportsError" fullname="NoSafeCircle.DoorPrototype.Tests.Editor.World.RoomSceneCompositionFoundationTests.ValidateOpenRoomScene_DisallowedLightComponent_ReportsError" methodname="ValidateOpenRoomScene_DisallowedLightComponent_ReportsError" classname="NoSafeCircle.DoorPrototype.Tests.Editor.World.RoomSceneCompositionFoundationTests" runstate="Runnable" seed="2098591998" result="Passed" start-time="2026-09-25 11:49:02Z" end-time="2026-09-25 11:49:02Z" duration="0.086528" asserts="0">
                    <properties>
                      <property name="retryIteration" value="0" />
                      <property name="repeatIteration" value="0" />
                    </properties>
                  </test-case>
                  <test-case id="1222" name="ValidateOpenRoomScene_DoorAnchorOutsideSharedBoundary_ReportsError" fullname="NoSafeCircle.DoorPrototype.Tests.Editor.World.RoomSceneCompositionFoundationTests.ValidateOpenRoomScene_DoorAnchorOutsideSharedBoundary_ReportsError" methodname="ValidateOpenRoomScene_DoorAnchorOutsideSharedBoundary_ReportsError" classname="NoSafeCircle.DoorPrototype.Tests.Editor.World.RoomSceneCompositionFoundationTests" runstate="Runnable" seed="1356487452" result="Passed" start-time="2026-09-25 11:49:02Z" end-time="2026-09-25 11:49:02Z" duration="0.090554" asserts="0">
                    <properties>
                      <property name="retryIteration" value="0" />
                      <property name="repeatIteration" value="0" />
                    </properties>
                  </test-case>
                  <test-case id="1223" name="ValidateOpenRoomScene_DoorAnchorWrongOpeningWidth_ReportsError" fullname="NoSafeCircle.DoorPrototype.Tests.Editor.World.RoomSceneCompositionFoundationTests.ValidateOpenRoomScene_DoorAnchorWrongOpeningWidth_ReportsError" methodname="ValidateOpenRoomScene_DoorAnchorWrongOpeningWidth_ReportsError" classname="NoSafeCircle.DoorPrototype.Tests.Editor.World.RoomSceneCompositionFoundationTests" runstate="Runnable" seed="713811809" result="Passed" start-time="2026-09-25 11:49:02Z" end-time="2026-09-25 11:49:02Z" duration="0.091655" asserts="0">
                    <properties>
                      <property name="retryIteration" value="0" />
                      <property name="repeatIteration" value="0" />
                    </properties>
                  </test-case>
                  <test-case id="1217" name="ValidateOpenRoomScene_MissingCategoryChild_ReportsError" fullname="NoSafeCircle.DoorPrototype.Tests.Editor.World.RoomSceneCompositionFoundationTests.ValidateOpenRoomScene_MissingCategoryChild_ReportsError" methodname="ValidateOpenRoomScene_MissingCategoryChild_ReportsError" classname="NoSafeCircle.DoorPrototype.Tests.Editor.World.RoomSceneCompositionFoundationTests" runstate="Runnable" seed="1172944548" result="Passed" start-time="2026-09-25 11:49:02Z" end-time="2026-09-25 11:49:03Z" duration="0.088051" asserts="0">
                    <properties>
                      <property name="retryIteration" value="0" />
                      <property name="repeatIteration" value="0" />
                    </properties>
                  </test-case>
                  <test-case id="1216" name="ValidateOpenRoomScene_NonIdentityRoomRoot_ReportsError" fullname="NoSafeCircle.DoorPrototype.Tests.Editor.World.RoomSceneCompositionFoundationTests.ValidateOpenRoomScene_NonIdentityRoomRoot_ReportsError" methodname="ValidateOpenRoomScene_NonIdentityRoomRoot_ReportsError" classname="NoSafeCircle.DoorPrototype.Tests.Editor.World.RoomSceneCompositionFoundationTests" runstate="Runnable" seed="1496854808" result="Passed" start-time="2026-09-25 11:49:03Z" end-time="2026-09-25 11:49:03Z" duration="0.087968" asserts="0">
                    <properties>
                      <property name="retryIteration" value="0" />
                      <property name="repeatIteration" value="0" />
                    </properties>
                  </test-case>
                  <test-case id="1221" name="ValidateOpenRoomScene_PlayerPrefixedComponent_ReportsError" fullname="NoSafeCircle.DoorPrototype.Tests.Editor.World.RoomSceneCompositionFoundationTests.ValidateOpenRoomScene_PlayerPrefixedComponent_ReportsError" methodname="ValidateOpenRoomScene_PlayerPrefixedComponent_ReportsError" classname="NoSafeCircle.DoorPrototype.Tests.Editor.World.RoomSceneCompositionFoundationTests" runstate="Runnable" seed="318401022" result="Passed" start-time="2026-09-25 11:49:03Z" end-time="2026-09-25 11:49:03Z" duration="0.095266" asserts="0">
                    <properties>
                      <property name="retryIteration" value="0" />
                      <property name="repeatIteration" value="0" />
                    </properties>
                  </test-case>
                  <test-case id="1224" name="ValidateOpenRoomScene_ReferenceOutsideSourceScene_ReportsLocalOwnershipError" fullname="NoSafeCircle.DoorPrototype.Tests.Editor.World.RoomSceneCompositionFoundationTests.ValidateOpenRoomScene_ReferenceOutsideSourceScene_ReportsLocalOwnershipError" methodname="ValidateOpenRoomScene_ReferenceOutsideSourceScene_ReportsLocalOwnershipError" classname="NoSafeCircle.DoorPrototype.Tests.Editor.World.RoomSceneCompositionFoundationTests" runstate="Runnable" seed="738681834" result="Passed" start-time="2026-09-25 11:49:03Z" end-time="2026-09-25 11:49:03Z" duration="0.096243" asserts="0">
                    <properties>
                      <property name="retryIteration" value="0" />
                      <property name="repeatIteration" value="0" />
                    </properties>
                  </test-case>
                  <test-case id="1215" name="ValidateOpenRoomScene_ValidFixture_IsValidWithNoErrors" fullname="NoSafeCircle.DoorPrototype.Tests.Editor.World.RoomSceneCompositionFoundationTests.ValidateOpenRoomScene_ValidFixture_IsValidWithNoErrors" methodname="ValidateOpenRoomScene_ValidFixture_IsValidWithNoErrors" classname="NoSafeCircle.DoorPrototype.Tests.Editor.World.RoomSceneCompositionFoundationTests" runstate="Runnable" seed="19283771" result="Passed" start-time="2026-09-25 11:49:03Z" end-time="2026-09-25 11:49:03Z" duration="0.089242" asserts="0">
                    <properties>
                      <property name="retryIteration" value="0" />
                      <property name="repeatIteration" value="0" />
                    </properties>
                    <output><![CDATA[Saving results to: C:/Users/VincentLiguori/AppData/LocalLow/DefaultCompany/NoSafeCircle\TestResults.xml
]]></output>
                  </test-case>
                </test-suite>
              </test-suite>
            </test-suite>
          </test-suite>
        </test-suite>
      </test-suite>
    </test-suite>
  </test-suite>
</test-run>