<?xml version="1.0" encoding="utf-8"?>
<test-run id="2" testcasecount="286" result="Skipped:Ignored" total="286" passed="275" failed="0" inconclusive="0" skipped="11" asserts="0" engine-version="3.5.0.0" clr-version="4.0.30319.42000" start-time="2026-09-24 06:48:51Z" end-time="2026-09-24 06:54:08Z" duration="317.0491473">
  <test-suite type="TestSuite" id="1000" name="NoSafeCircle" fullname="NoSafeCircle" runstate="Runnable" testcasecount="286" result="Skipped" label="Ignored" start-time="2026-09-24 06:48:51Z" end-time="2026-09-24 06:54:08Z" duration="317.049147" total="286" passed="275" failed="0" inconclusive="0" skipped="11" asserts="0">
    <properties>
      <property name="platform" value="EditMode" />
    </properties>
    <reason>
      <message><![CDATA[One or more child tests were ignored]]></message>
    </reason>
    <test-suite type="Assembly" id="1330" name="NoSafeCircle.DoorPrototype.Tests.Editor.dll" fullname="C:/nscrev/branch-verify/Library/ScriptAssemblies/NoSafeCircle.DoorPrototype.Tests.Editor.dll" runstate="Runnable" testcasecount="286" result="Skipped" label="Ignored" start-time="2026-09-24 06:48:51Z" end-time="2026-09-24 06:54:08Z" duration="317.038871" total="286" passed="275" failed="0" inconclusive="0" skipped="11" asserts="0">
      <properties>
        <property name="_PID" value="78324" />
        <property name="_APPDOMAIN" value="Unity Child Domain" />
        <property name="platform" value="EditMode" />
        <property name="EditorOnly" value="True" />
      </properties>
      <reason>
        <message><![CDATA[One or more child tests were ignored]]></message>
      </reason>
      <test-suite type="TestSuite" id="1331" name="NoSafeCircle" fullname="NoSafeCircle" runstate="Runnable" testcasecount="286" result="Skipped" label="Ignored" start-time="2026-09-24 06:48:51Z" end-time="2026-09-24 06:54:08Z" duration="317.035226" total="286" passed="275" failed="0" inconclusive="0" skipped="11" asserts="0">
        <properties />
        <reason>
          <message><![CDATA[One or more child tests were ignored]]></message>
        </reason>
        <test-suite type="TestSuite" id="1332" name="DoorPrototype" fullname="NoSafeCircle.DoorPrototype" runstate="Runnable" testcasecount="286" result="Skipped" label="Ignored" start-time="2026-09-24 06:48:51Z" end-time="2026-09-24 06:54:08Z" duration="317.032124" total="286" passed="275" failed="0" inconclusive="0" skipped="11" asserts="0">
          <properties />
          <reason>
            <message><![CDATA[One or more child tests were ignored]]></message>
          </reason>
          <test-suite type="TestSuite" id="1333" name="Tests" fullname="NoSafeCircle.DoorPrototype.Tests" runstate="Runnable" testcasecount="286" result="Skipped" label="Ignored" start-time="2026-09-24 06:48:51Z" end-time="2026-09-24 06:54:08Z" duration="317.028931" total="286" passed="275" failed="0" inconclusive="0" skipped="11" asserts="0">
            <properties />
            <reason>
              <message><![CDATA[One or more child tests were ignored]]></message>
            </reason>
            <test-suite type="TestSuite" id="1334" name="Editor" fullname="NoSafeCircle.DoorPrototype.Tests.Editor" runstate="Runnable" testcasecount="286" result="Skipped" label="Ignored" start-time="2026-09-24 06:48:51Z" end-time="2026-09-24 06:54:08Z" duration="317.025460" total="286" passed="275" failed="0" inconclusive="0" skipped="11" asserts="0">
              <properties />
              <reason>
                <message><![CDATA[One or more child tests were ignored]]></message>
              </reason>
              <test-suite type="TestFixture" id="1001" name="AsciiRoomMapTests" fullname="NoSafeCircle.DoorPrototype.Tests.Editor.AsciiRoomMapTests" classname="NoSafeCircle.DoorPrototype.Tests.Editor.AsciiRoomMapTests" runstate="Runnable" testcasecount="29" result="Passed" start-time="2026-09-24 06:48:51Z" end-time="2026-09-24 06:48:51Z" duration="0.218317" total="29" passed="29" failed="0" inconclusive="0" skipped="0" asserts="0">
                <properties />
                <test-case id="1017" name="AcceptsCrlfAndLfIdentically" fullname="NoSafeCircle.DoorPrototype.Tests.Editor.AsciiRoomMapTests.AcceptsCrlfAndLfIdentically" methodname="AcceptsCrlfAndLfIdentically" classname="NoSafeCircle.DoorPrototype.Tests.Editor.AsciiRoomMapTests" runstate="Runnable" seed="1326700265" result="Passed" start-time="2026-09-24 06:48:51Z" end-time="2026-09-24 06:48:51Z" duration="0.022476" asserts="0">
                  <properties>
                    <property name="retryIteration" value="0" />
                    <property name="repeatIteration" value="0" />
                  </properties>
                </test-case>
                <test-case id="1003" name="AnUnknownGlyphAnywhereInTheDeclaredGridFails" fullname="NoSafeCircle.DoorPrototype.Tests.Editor.AsciiRoomMapTests.AnUnknownGlyphAnywhereInTheDeclaredGridFails" methodname="AnUnknownGlyphAnywhereInTheDeclaredGridFails" classname="NoSafeCircle.DoorPrototype.Tests.Editor.AsciiRoomMapTests" runstate="Runnable" seed="1880825636" result="Passed" start-time="2026-09-24 06:48:51Z" end-time="2026-09-24 06:48:51Z" duration="0.003663" asserts="0">
                  <properties>
                    <property name="retryIteration" value="0" />
                    <property name="repeatIteration" value="0" />
                  </properties>
                </test-case>
                <test-case id="1022" name="AsymmetricGridReportsRowsNotColumns" fullname="NoSafeCircle.DoorPrototype.Tests.Editor.AsciiRoomMapTests.AsymmetricGridReportsRowsNotColumns" methodname="AsymmetricGridReportsRowsNotColumns" classname="NoSafeCircle.DoorPrototype.Tests.Editor.AsciiRoomMapTests" runstate="Runnable" seed="75035504" result="Passed" start-time="2026-09-24 06:48:51Z" end-time="2026-09-24 06:48:51Z" duration="0.003520" asserts="0">
                  <properties>
                    <property name="retryIteration" value="0" />
                    <property name="repeatIteration" value="0" />
                  </properties>
                </test-case>
                <test-case id="1016" name="ATrailingNewlineDoesNotChangeTheResult" fullname="NoSafeCircle.DoorPrototype.Tests.Editor.AsciiRoomMapTests.ATrailingNewlineDoesNotChangeTheResult" methodname="ATrailingNewlineDoesNotChangeTheResult" classname="NoSafeCircle.DoorPrototype.Tests.Editor.AsciiRoomMapTests" runstate="Runnable" seed="1042221606" result="Passed" start-time="2026-09-24 06:48:51Z" end-time="2026-09-24 06:48:51Z" duration="0.001351" asserts="0">
                  <properties>
                    <property name="retryIteration" value="0" />
                    <property name="repeatIteration" value="0" />
                  </properties>
                </test-case>
                <test-case id="1014" name="BlankAndShortRowsAreBothCountedAsPadded" fullname="NoSafeCircle.DoorPrototype.Tests.Editor.AsciiRoomMapTests.BlankAndShortRowsAreBothCountedAsPadded" methodname="BlankAndShortRowsAreBothCountedAsPadded" classname="NoSafeCircle.DoorPrototype.Tests.Editor.AsciiRoomMapTests" runstate="Runnable" seed="408768730" result="Passed" start-time="2026-09-24 06:48:51Z" end-time="2026-09-24 06:48:51Z" duration="0.006791" asserts="0">
                  <properties>
                    <property name="retryIteration" value="0" />
                    <property name="repeatIteration" value="0" />
                  </properties>
                </test-case>
                <test-case id="1005" name="ContentAfterTheDeclaredRowsIsIgnoredWhateverItLooksLike" fullname="NoSafeCircle.DoorPrototype.Tests.Editor.AsciiRoomMapTests.ContentAfterTheDeclaredRowsIsIgnoredWhateverItLooksLike" methodname="ContentAfterTheDeclaredRowsIsIgnoredWhateverItLooksLike" classname="NoSafeCircle.DoorPrototype.Tests.Editor.AsciiRoomMapTests" runstate="Runnable" seed="440054124" result="Passed" start-time="2026-09-24 06:48:51Z" end-time="2026-09-24 06:48:51Z" duration="0.001368" asserts="0">
                  <properties>
                    <property name="retryIteration" value="0" />
                    <property name="repeatIteration" value="0" />
                  </properties>
                </test-case>
                <test-case id="1027" name="ContentBeyondTheDeclaredWidthFailsEvenAfterAnInterveningSpace" fullname="NoSafeCircle.DoorPrototype.Tests.Editor.AsciiRoomMapTests.ContentBeyondTheDeclaredWidthFailsEvenAfterAnInterveningSpace" methodname="ContentBeyondTheDeclaredWidthFailsEvenAfterAnInterveningSpace" classname="NoSafeCircle.DoorPrototype.Tests.Editor.AsciiRoomMapTests" runstate="Runnable" seed="2102019610" result="Passed" start-time="2026-09-24 06:48:51Z" end-time="2026-09-24 06:48:51Z" duration="0.001212" asserts="0">
                  <properties>
                    <property name="retryIteration" value="0" />
                    <property name="repeatIteration" value="0" />
                  </properties>
                </test-case>
                <test-case id="1006" name="ContentWiderThanTheDeclaredGridFailsButTrailingSpacesDoNot" fullname="NoSafeCircle.DoorPrototype.Tests.Editor.AsciiRoomMapTests.ContentWiderThanTheDeclaredGridFailsButTrailingSpacesDoNot" methodname="ContentWiderThanTheDeclaredGridFailsButTrailingSpacesDoNot" classname="NoSafeCircle.DoorPrototype.Tests.Editor.AsciiRoomMapTests" runstate="Runnable" seed="41416926" result="Passed" start-time="2026-09-24 06:48:51Z" end-time="2026-09-24 06:48:51Z" duration="0.001644" asserts="0">
                  <properties>
                    <property name="retryIteration" value="0" />
                    <property name="repeatIteration" value="0" />
                  </properties>
                </test-case>
                <test-case id="1025" name="EmptyTextIsZeroRowsButASingleNewlineIsOneExplicitBlankRow" fullname="NoSafeCircle.DoorPrototype.Tests.Editor.AsciiRoomMapTests.EmptyTextIsZeroRowsButASingleNewlineIsOneExplicitBlankRow" methodname="EmptyTextIsZeroRowsButASingleNewlineIsOneExplicitBlankRow" classname="NoSafeCircle.DoorPrototype.Tests.Editor.AsciiRoomMapTests" runstate="Runnable" seed="850224251" result="Passed" start-time="2026-09-24 06:48:51Z" end-time="2026-09-24 06:48:51Z" duration="0.000625" asserts="0">
                  <properties>
                    <property name="retryIteration" value="0" />
                    <property name="repeatIteration" value="0" />
                  </properties>
                </test-case>
                <test-case id="1004" name="FewerLinesThanDeclaredFailsRatherThanShrinkingTheGrid" fullname="NoSafeCircle.DoorPrototype.Tests.Editor.AsciiRoomMapTests.FewerLinesThanDeclaredFailsRatherThanShrinkingTheGrid" methodname="FewerLinesThanDeclaredFailsRatherThanShrinkingTheGrid" classname="NoSafeCircle.DoorPrototype.Tests.Editor.AsciiRoomMapTests" runstate="Runnable" seed="678269706" result="Passed" start-time="2026-09-24 06:48:51Z" end-time="2026-09-24 06:48:51Z" duration="0.001647" asserts="0">
                  <properties>
                    <property name="retryIteration" value="0" />
                    <property name="repeatIteration" value="0" />
                  </properties>
                </test-case>
                <test-case id="1013" name="IsWalkableIsFalseAtTheFirstInvalidIndexRatherThanThrowing" fullname="NoSafeCircle.DoorPrototype.Tests.Editor.AsciiRoomMapTests.IsWalkableIsFalseAtTheFirstInvalidIndexRatherThanThrowing" methodname="IsWalkableIsFalseAtTheFirstInvalidIndexRatherThanThrowing" classname="NoSafeCircle.DoorPrototype.Tests.Editor.AsciiRoomMapTests" runstate="Runnable" seed="1042863299" result="Passed" start-time="2026-09-24 06:48:51Z" end-time="2026-09-24 06:48:51Z" duration="0.000665" asserts="0">
                  <properties>
                    <property name="retryIteration" value="0" />
                    <property name="repeatIteration" value="0" />
                  </properties>
                </test-case>
                <test-case id="1028" name="LeadingSpacesArePreservedAsOutsideCells" fullname="NoSafeCircle.DoorPrototype.Tests.Editor.AsciiRoomMapTests.LeadingSpacesArePreservedAsOutsideCells" methodname="LeadingSpacesArePreservedAsOutsideCells" classname="NoSafeCircle.DoorPrototype.Tests.Editor.AsciiRoomMapTests" runstate="Runnable" seed="2128435198" result="Passed" start-time="2026-09-24 06:48:51Z" end-time="2026-09-24 06:48:51Z" duration="0.001215" asserts="0">
                  <properties>
                    <property name="retryIteration" value="0" />
                    <property name="repeatIteration" value="0" />
                  </properties>
                </test-case>
                <test-case id="1019" name="OneCellIsTwoWorldUnits" fullname="NoSafeCircle.DoorPrototype.Tests.Editor.AsciiRoomMapTests.OneCellIsTwoWorldUnits" methodname="OneCellIsTwoWorldUnits" classname="NoSafeCircle.DoorPrototype.Tests.Editor.AsciiRoomMapTests" runstate="Runnable" seed="1494159036" result="Passed" start-time="2026-09-24 06:48:51Z" end-time="2026-09-24 06:48:51Z" duration="0.001126" asserts="0">
                  <properties>
                    <property name="retryIteration" value="0" />
                    <property name="repeatIteration" value="0" />
                  </properties>
                </test-case>
                <test-case id="1011" name="OutsideIsNotWalkable" fullname="NoSafeCircle.DoorPrototype.Tests.Editor.AsciiRoomMapTests.OutsideIsNotWalkable" methodname="OutsideIsNotWalkable" classname="NoSafeCircle.DoorPrototype.Tests.Editor.AsciiRoomMapTests" runstate="Runnable" seed="763296383" result="Passed" start-time="2026-09-24 06:48:51Z" end-time="2026-09-24 06:48:51Z" duration="0.000612" asserts="0">
                  <properties>
                    <property name="retryIteration" value="0" />
                    <property name="repeatIteration" value="0" />
                  </properties>
                </test-case>
                <test-case id="1002" name="ParsesGlyphsIntoCells" fullname="NoSafeCircle.DoorPrototype.Tests.Editor.AsciiRoomMapTests.ParsesGlyphsIntoCells" methodname="ParsesGlyphsIntoCells" classname="NoSafeCircle.DoorPrototype.Tests.Editor.AsciiRoomMapTests" runstate="Runnable" seed="810501732" result="Passed" start-time="2026-09-24 06:48:51Z" end-time="2026-09-24 06:48:51Z" duration="0.000689" asserts="0">
                  <properties>
                    <property name="retryIteration" value="0" />
                    <property name="repeatIteration" value="0" />
                  </properties>
                </test-case>
                <test-case id="1024" name="PrematureEndOfMapIsStillDetectedWhenTheTextEndsWithANewline" fullname="NoSafeCircle.DoorPrototype.Tests.Editor.AsciiRoomMapTests.PrematureEndOfMapIsStillDetectedWhenTheTextEndsWithANewline" methodname="PrematureEndOfMapIsStillDetectedWhenTheTextEndsWithANewline" classname="NoSafeCircle.DoorPrototype.Tests.Editor.AsciiRoomMapTests" runstate="Runnable" seed="177795378" result="Passed" start-time="2026-09-24 06:48:51Z" end-time="2026-09-24 06:48:51Z" duration="0.001211" asserts="0">
                  <properties>
                    <property name="retryIteration" value="0" />
                    <property name="repeatIteration" value="0" />
                  </properties>
                </test-case>
                <test-case id="1015" name="ProseBeyondTheDeclaredGridNeverBecomesFloor" fullname="NoSafeCircle.DoorPrototype.Tests.Editor.AsciiRoomMapTests.ProseBeyondTheDeclaredGridNeverBecomesFloor" methodname="ProseBeyondTheDeclaredGridNeverBecomesFloor" classname="NoSafeCircle.DoorPrototype.Tests.Editor.AsciiRoomMapTests" runstate="Runnable" seed="1919928260" result="Passed" start-time="2026-09-24 06:48:51Z" end-time="2026-09-24 06:48:51Z" duration="0.000875" asserts="0">
                  <properties>
                    <property name="retryIteration" value="0" />
                    <property name="repeatIteration" value="0" />
                  </properties>
                </test-case>
                <test-case id="1021" name="RefusesNullTextAndNonPositiveDimensions" fullname="NoSafeCircle.DoorPrototype.Tests.Editor.AsciiRoomMapTests.RefusesNullTextAndNonPositiveDimensions" methodname="RefusesNullTextAndNonPositiveDimensions" classname="NoSafeCircle.DoorPrototype.Tests.Editor.AsciiRoomMapTests" runstate="Runnable" seed="697845115" result="Passed" start-time="2026-09-24 06:48:51Z" end-time="2026-09-24 06:48:51Z" duration="0.006716" asserts="0">
                  <properties>
                    <property name="retryIteration" value="0" />
                    <property name="repeatIteration" value="0" />
                  </properties>
                </test-case>
                <test-case id="1007" name="RequireBoundRejectsOverflowOnBothAxesAndAcceptsASmallerMap" fullname="NoSafeCircle.DoorPrototype.Tests.Editor.AsciiRoomMapTests.RequireBoundRejectsOverflowOnBothAxesAndAcceptsASmallerMap" methodname="RequireBoundRejectsOverflowOnBothAxesAndAcceptsASmallerMap" classname="NoSafeCircle.DoorPrototype.Tests.Editor.AsciiRoomMapTests" runstate="Runnable" seed="81145199" result="Passed" start-time="2026-09-24 06:48:51Z" end-time="2026-09-24 06:48:51Z" duration="0.005698" asserts="0">
                  <properties>
                    <property name="retryIteration" value="0" />
                    <property name="repeatIteration" value="0" />
                  </properties>
                </test-case>
                <test-case id="1026" name="RequireEveryRowWrittenRejectsMoreThanOnePaddedRow" fullname="NoSafeCircle.DoorPrototype.Tests.Editor.AsciiRoomMapTests.RequireEveryRowWrittenRejectsMoreThanOnePaddedRow" methodname="RequireEveryRowWrittenRejectsMoreThanOnePaddedRow" classname="NoSafeCircle.DoorPrototype.Tests.Editor.AsciiRoomMapTests" runstate="Runnable" seed="259835945" result="Passed" start-time="2026-09-24 06:48:51Z" end-time="2026-09-24 06:48:51Z" duration="0.001388" asserts="0">
                  <properties>
                    <property name="retryIteration" value="0" />
                    <property name="repeatIteration" value="0" />
                  </properties>
                </test-case>
                <test-case id="1018" name="RoundTripsThroughTextIncludingOutsideCells" fullname="NoSafeCircle.DoorPrototype.Tests.Editor.AsciiRoomMapTests.RoundTripsThroughTextIncludingOutsideCells" methodname="RoundTripsThroughTextIncludingOutsideCells" classname="NoSafeCircle.DoorPrototype.Tests.Editor.AsciiRoomMapTests" runstate="Runnable" seed="895688401" result="Passed" start-time="2026-09-24 06:48:51Z" end-time="2026-09-24 06:48:51Z" duration="0.001177" asserts="0">
                  <properties>
                    <property name="retryIteration" value="0" />
                    <property name="repeatIteration" value="0" />
                  </properties>
                </test-case>
                <test-case id="1020" name="RowZeroIsTheHighestWorldZ" fullname="NoSafeCircle.DoorPrototype.Tests.Editor.AsciiRoomMapTests.RowZeroIsTheHighestWorldZ" methodname="RowZeroIsTheHighestWorldZ" classname="NoSafeCircle.DoorPrototype.Tests.Editor.AsciiRoomMapTests" runstate="Runnable" seed="898261473" result="Passed" start-time="2026-09-24 06:48:51Z" end-time="2026-09-24 06:48:51Z" duration="0.002675" asserts="0">
                  <properties>
                    <property name="retryIteration" value="0" />
                    <property name="repeatIteration" value="0" />
                  </properties>
                </test-case>
                <test-case id="1029" name="TabsAndNonBreakingSpacesAreNotAcceptedAsPadding" fullname="NoSafeCircle.DoorPrototype.Tests.Editor.AsciiRoomMapTests.TabsAndNonBreakingSpacesAreNotAcceptedAsPadding" methodname="TabsAndNonBreakingSpacesAreNotAcceptedAsPadding" classname="NoSafeCircle.DoorPrototype.Tests.Editor.AsciiRoomMapTests" runstate="Runnable" seed="15708750" result="Passed" start-time="2026-09-24 06:48:51Z" end-time="2026-09-24 06:48:51Z" duration="0.000789" asserts="0">
                  <properties>
                    <property name="retryIteration" value="0" />
                    <property name="repeatIteration" value="0" />
                  </properties>
                </test-case>
                <test-case id="1010" name="ToCellFloorsRatherThanTruncatingSoNegativeOffsetsDoNotCollapse" fullname="NoSafeCircle.DoorPrototype.Tests.Editor.AsciiRoomMapTests.ToCellFloorsRatherThanTruncatingSoNegativeOffsetsDoNotCollapse" methodname="ToCellFloorsRatherThanTruncatingSoNegativeOffsetsDoNotCollapse" classname="NoSafeCircle.DoorPrototype.Tests.Editor.AsciiRoomMapTests" runstate="Runnable" seed="1563863638" result="Passed" start-time="2026-09-24 06:48:51Z" end-time="2026-09-24 06:48:51Z" duration="0.001178" asserts="0">
                  <properties>
                    <property name="retryIteration" value="0" />
                    <property name="repeatIteration" value="0" />
                  </properties>
                </test-case>
                <test-case id="1023" name="ToCellFloorsTheRowAxisToo" fullname="NoSafeCircle.DoorPrototype.Tests.Editor.AsciiRoomMapTests.ToCellFloorsTheRowAxisToo" methodname="ToCellFloorsTheRowAxisToo" classname="NoSafeCircle.DoorPrototype.Tests.Editor.AsciiRoomMapTests" runstate="Runnable" seed="844585740" result="Passed" start-time="2026-09-24 06:48:51Z" end-time="2026-09-24 06:48:51Z" duration="0.001065" asserts="0">
                  <properties>
                    <property name="retryIteration" value="0" />
                    <property name="repeatIteration" value="0" />
                  </properties>
                </test-case>
                <test-case id="1008" name="ToCellMapsDistinctWorldXToDistinctColumns" fullname="NoSafeCircle.DoorPrototype.Tests.Editor.AsciiRoomMapTests.ToCellMapsDistinctWorldXToDistinctColumns" methodname="ToCellMapsDistinctWorldXToDistinctColumns" classname="NoSafeCircle.DoorPrototype.Tests.Editor.AsciiRoomMapTests" runstate="Runnable" seed="2071085164" result="Passed" start-time="2026-09-24 06:48:51Z" end-time="2026-09-24 06:48:51Z" duration="0.001153" asserts="0">
                  <properties>
                    <property name="retryIteration" value="0" />
                    <property name="repeatIteration" value="0" />
                  </properties>
                </test-case>
                <test-case id="1009" name="ToCellRespectsATranslatedOrigin" fullname="NoSafeCircle.DoorPrototype.Tests.Editor.AsciiRoomMapTests.ToCellRespectsATranslatedOrigin" methodname="ToCellRespectsATranslatedOrigin" classname="NoSafeCircle.DoorPrototype.Tests.Editor.AsciiRoomMapTests" runstate="Runnable" seed="43956640" result="Passed" start-time="2026-09-24 06:48:51Z" end-time="2026-09-24 06:48:51Z" duration="0.001592" asserts="0">
                  <properties>
                    <property name="retryIteration" value="0" />
                    <property name="repeatIteration" value="0" />
                  </properties>
                </test-case>
                <test-case id="1012" name="WalkableCellCountIncludesOpeningsAndExcludesWallsAndOutside" fullname="NoSafeCircle.DoorPrototype.Tests.Editor.AsciiRoomMapTests.WalkableCellCountIncludesOpeningsAndExcludesWallsAndOutside" methodname="WalkableCellCountIncludesOpeningsAndExcludesWallsAndOutside" classname="NoSafeCircle.DoorPrototype.Tests.Editor.AsciiRoomMapTests" runstate="Runnable" seed="59511753" result="Passed" start-time="2026-09-24 06:48:51Z" end-time="2026-09-24 06:48:51Z" duration="0.000643" asserts="0">
                  <properties>
                    <property name="retryIteration" value="0" />
                    <property name="repeatIteration" value="0" />
                  </properties>
                </test-case>
                <test-case id="1030" name="ZeroDeclaredRowsIsRejectedAsWellAsZeroColumns" fullname="NoSafeCircle.DoorPrototype.Tests.Editor.AsciiRoomMapTests.ZeroDeclaredRowsIsRejectedAsWellAsZeroColumns" methodname="ZeroDeclaredRowsIsRejectedAsWellAsZeroColumns" classname="NoSafeCircle.DoorPrototype.Tests.Editor.AsciiRoomMapTests" runstate="Runnable" seed="314632131" result="Passed" start-time="2026-09-24 06:48:51Z" end-time="2026-09-24 06:48:51Z" duration="0.001261" asserts="0">
                  <properties>
                    <property name="retryIteration" value="0" />
                    <property name="repeatIteration" value="0" />
                  </properties>
                </test-case>
              </test-suite>
              <test-suite type="TestFixture" id="1031" name="BoneArchivePropImportTests" fullname="NoSafeCircle.DoorPrototype.Tests.Editor.BoneArchivePropImportTests" classname="NoSafeCircle.DoorPrototype.Tests.Editor.BoneArchivePropImportTests" runstate="Runnable" testcasecount="2" result="Passed" start-time="2026-09-24 06:48:51Z" end-time="2026-09-24 06:48:51Z" duration="0.131352" total="2" passed="2" failed="0" inconclusive="0" skipped="0" asserts="0">
                <properties />
                <test-case id="1032" name="EveryProp_ImportsAsASpriteWithTheApprovedImportSettings" fullname="NoSafeCircle.DoorPrototype.Tests.Editor.BoneArchivePropImportTests.EveryProp_ImportsAsASpriteWithTheApprovedImportSettings" methodname="EveryProp_ImportsAsASpriteWithTheApprovedImportSettings" classname="NoSafeCircle.DoorPrototype.Tests.Editor.BoneArchivePropImportTests" runstate="Runnable" seed="856488526" result="Passed" start-time="2026-09-24 06:48:51Z" end-time="2026-09-24 06:48:51Z" duration="0.064208" asserts="0">
                  <properties>
                    <property name="retryIteration" value="0" />
                    <property name="repeatIteration" value="0" />
                  </properties>
                </test-case>
                <test-case id="1033" name="EveryProp_PivotMatchesTheRuleItsCatalogEntryNames" fullname="NoSafeCircle.DoorPrototype.Tests.Editor.BoneArchivePropImportTests.EveryProp_PivotMatchesTheRuleItsCatalogEntryNames" methodname="EveryProp_PivotMatchesTheRuleItsCatalogEntryNames" classname="NoSafeCircle.DoorPrototype.Tests.Editor.BoneArchivePropImportTests" runstate="Runnable" seed="465604214" result="Passed" start-time="2026-09-24 06:48:51Z" end-time="2026-09-24 06:48:51Z" duration="0.052805" asserts="0">
                  <properties>
                    <property name="retryIteration" value="0" />
                    <property name="repeatIteration" value="0" />
                  </properties>
                </test-case>
              </test-suite>
              <test-suite type="TestFixture" id="1034" name="ChapelOfAshPropImportTests" fullname="NoSafeCircle.DoorPrototype.Tests.Editor.ChapelOfAshPropImportTests" classname="NoSafeCircle.DoorPrototype.Tests.Editor.ChapelOfAshPropImportTests" runstate="Runnable" testcasecount="2" result="Passed" start-time="2026-09-24 06:48:51Z" end-time="2026-09-24 06:48:51Z" duration="0.096897" total="2" passed="2" failed="0" inconclusive="0" skipped="0" asserts="0">
                <properties />
                <test-case id="1035" name="EveryProp_ImportsAsASpriteWithTheApprovedImportSettings" fullname="NoSafeCircle.DoorPrototype.Tests.Editor.ChapelOfAshPropImportTests.EveryProp_ImportsAsASpriteWithTheApprovedImportSettings" methodname="EveryProp_ImportsAsASpriteWithTheApprovedImportSettings" classname="NoSafeCircle.DoorPrototype.Tests.Editor.ChapelOfAshPropImportTests" runstate="Runnable" seed="1168335151" result="Passed" start-time="2026-09-24 06:48:51Z" end-time="2026-09-24 06:48:51Z" duration="0.034215" asserts="0">
                  <properties>
                    <property name="retryIteration" value="0" />
                    <property name="repeatIteration" value="0" />
                  </properties>
                </test-case>
                <test-case id="1036" name="EveryProp_PivotMatchesTheRuleItsCatalogEntryNames" fullname="NoSafeCircle.DoorPrototype.Tests.Editor.ChapelOfAshPropImportTests.EveryProp_PivotMatchesTheRuleItsCatalogEntryNames" methodname="EveryProp_PivotMatchesTheRuleItsCatalogEntryNames" classname="NoSafeCircle.DoorPrototype.Tests.Editor.ChapelOfAshPropImportTests" runstate="Runnable" seed="1632650670" result="Passed" start-time="2026-09-24 06:48:51Z" end-time="2026-09-24 06:48:51Z" duration="0.046712" asserts="0">
                  <properties>
                    <property name="retryIteration" value="0" />
                    <property name="repeatIteration" value="0" />
                  </properties>
                </test-case>
              </test-suite>
              <test-suite type="TestFixture" id="1037" name="CommittedSceneCameraConformanceTests" fullname="NoSafeCircle.DoorPrototype.Tests.Editor.CommittedSceneCameraConformanceTests" classname="NoSafeCircle.DoorPrototype.Tests.Editor.CommittedSceneCameraConformanceTests" runstate="Runnable" testcasecount="2" result="Passed" start-time="2026-09-24 06:48:51Z" end-time="2026-09-24 06:48:52Z" duration="0.995163" total="2" passed="2" failed="0" inconclusive="0" skipped="0" asserts="0">
                <properties />
                <test-case id="1038" name="CommittedScene_MainCamera_IsFixedOrthographicIsometric" fullname="NoSafeCircle.DoorPrototype.Tests.Editor.CommittedSceneCameraConformanceTests.CommittedScene_MainCamera_IsFixedOrthographicIsometric" methodname="CommittedScene_MainCamera_IsFixedOrthographicIsometric" classname="NoSafeCircle.DoorPrototype.Tests.Editor.CommittedSceneCameraConformanceTests" runstate="Runnable" seed="266941771" result="Passed" start-time="2026-09-24 06:48:51Z" end-time="2026-09-24 06:48:52Z" duration="0.516294" asserts="0">
                  <properties>
                    <property name="retryIteration" value="0" />
                    <property name="repeatIteration" value="0" />
                  </properties>
                </test-case>
                <test-case id="1039" name="CommittedScene_MainCamera_TranslatesWithPlayerWithoutRotating" fullname="NoSafeCircle.DoorPrototype.Tests.Editor.CommittedSceneCameraConformanceTests.CommittedScene_MainCamera_TranslatesWithPlayerWithoutRotating" methodname="CommittedScene_MainCamera_TranslatesWithPlayerWithoutRotating" classname="NoSafeCircle.DoorPrototype.Tests.Editor.CommittedSceneCameraConformanceTests" runstate="Runnable" seed="1303618923" result="Passed" start-time="2026-09-24 06:48:52Z" end-time="2026-09-24 06:48:52Z" duration="0.475563" asserts="0">
                  <properties>
                    <property name="retryIteration" value="0" />
                    <property name="repeatIteration" value="0" />
                  </properties>
                </test-case>
              </test-suite>
              <test-suite type="TestFixture" id="1040" name="ComposedFloorCaptureTests" fullname="NoSafeCircle.DoorPrototype.Tests.Editor.ComposedFloorCaptureTests" classname="NoSafeCircle.DoorPrototype.Tests.Editor.ComposedFloorCaptureTests" runstate="Runnable" testcasecount="1" result="Skipped" label="Ignored" start-time="2026-09-24 06:48:52Z" end-time="2026-09-24 06:48:52Z" duration="0.010199" total="1" passed="0" failed="0" inconclusive="0" skipped="1" asserts="0">
                <properties />
                <reason>
                  <message><![CDATA[One or more child tests were ignored]]></message>
                </reason>
                <test-case id="1041" name="CaptureComposedFloor" fullname="NoSafeCircle.DoorPrototype.Tests.Editor.ComposedFloorCaptureTests.CaptureComposedFloor" methodname="CaptureComposedFloor" classname="NoSafeCircle.DoorPrototype.Tests.Editor.ComposedFloorCaptureTests" runstate="Explicit" seed="1621005583" result="Skipped" label="Ignored" start-time="2026-09-24 06:48:52Z" end-time="2026-09-24 06:48:52Z" duration="0.004291" asserts="0">
                  <properties>
                    <property name="_SKIPREASON" value="Set NSC_FLOOR_CAPTURE_OUTPUT and NSC_FLOOR_CAPTURE_SCENE to photograph a scene." />
                    <property name="retryIteration" value="0" />
                    <property name="repeatIteration" value="0" />
                  </properties>
                  <reason>
                    <message><![CDATA[Set NSC_FLOOR_CAPTURE_OUTPUT to run the explicit floor capture.]]></message>
                  </reason>
                </test-case>
              </test-suite>
              <test-suite type="TestFixture" id="1102" name="DoorPrototypeSceneBuilderClickSelectionTests" fullname="NoSafeCircle.DoorPrototype.Tests.Editor.DoorPrototypeSceneBuilderClickSelectionTests" classname="NoSafeCircle.DoorPrototype.Tests.Editor.DoorPrototypeSceneBuilderClickSelectionTests" runstate="Runnable" testcasecount="1" result="Passed" start-time="2026-09-24 06:48:52Z" end-time="2026-09-24 06:48:52Z" duration="0.222554" total="1" passed="1" failed="0" inconclusive="0" skipped="0" asserts="0">
                <properties />
                <test-case id="1103" name="Build_ClickingVisibleDoorCenterUnderProductionCamera_SelectsDoorThroughSharedPointerTarget" fullname="NoSafeCircle.DoorPrototype.Tests.Editor.DoorPrototypeSceneBuilderClickSelectionTests.Build_ClickingVisibleDoorCenterUnderProductionCamera_SelectsDoorThroughSharedPointerTarget" methodname="Build_ClickingVisibleDoorCenterUnderProductionCamera_SelectsDoorThroughSharedPointerTarget" classname="NoSafeCircle.DoorPrototype.Tests.Editor.DoorPrototypeSceneBuilderClickSelectionTests" runstate="Runnable" seed="1501630424" result="Passed" start-time="2026-09-24 06:48:52Z" end-time="2026-09-24 06:48:52Z" duration="0.221144" asserts="0">
                  <properties>
                    <property name="retryIteration" value="0" />
                    <property name="repeatIteration" value="0" />
                  </properties>
                </test-case>
              </test-suite>
              <test-suite type="TestFixture" id="1104" name="DoorPrototypeSceneBuilderHoverFeedbackTests" fullname="NoSafeCircle.DoorPrototype.Tests.Editor.DoorPrototypeSceneBuilderHoverFeedbackTests" classname="NoSafeCircle.DoorPrototype.Tests.Editor.DoorPrototypeSceneBuilderHoverFeedbackTests" runstate="Runnable" testcasecount="1" result="Passed" start-time="2026-09-24 06:48:52Z" end-time="2026-09-24 06:48:53Z" duration="0.098588" total="1" passed="1" failed="0" inconclusive="0" skipped="0" asserts="0">
                <properties />
                <test-case id="1105" name="Build_HoverFeedback_AgreesWithDoorsOwnSelectionTest_ForRepresentativeVisibleDoorPoints" fullname="NoSafeCircle.DoorPrototype.Tests.Editor.DoorPrototypeSceneBuilderHoverFeedbackTests.Build_HoverFeedback_AgreesWithDoorsOwnSelectionTest_ForRepresentativeVisibleDoorPoints" methodname="Build_HoverFeedback_AgreesWithDoorsOwnSelectionTest_ForRepresentativeVisibleDoorPoints" classname="NoSafeCircle.DoorPrototype.Tests.Editor.DoorPrototypeSceneBuilderHoverFeedbackTests" runstate="Runnable" seed="1252769775" result="Passed" start-time="2026-09-24 06:48:52Z" end-time="2026-09-24 06:48:53Z" duration="0.094613" asserts="0">
                  <properties>
                    <property name="retryIteration" value="0" />
                    <property name="repeatIteration" value="0" />
                  </properties>
                </test-case>
              </test-suite>
              <test-suite type="TestFixture" id="1042" name="DoorPrototypeSceneBuilderTests" fullname="NoSafeCircle.DoorPrototype.Tests.Editor.DoorPrototypeSceneBuilderTests" classname="NoSafeCircle.DoorPrototype.Tests.Editor.DoorPrototypeSceneBuilderTests" runstate="Runnable" testcasecount="58" result="Passed" start-time="2026-09-24 06:48:53Z" end-time="2026-09-24 06:53:44Z" duration="291.330818" total="58" passed="58" failed="0" inconclusive="0" skipped="0" asserts="0">
                <properties />
                <test-case id="1052" name="Build_ControlsHud_ExistsSeparateFromPromptAndProgressIndicator" fullname="NoSafeCircle.DoorPrototype.Tests.Editor.DoorPrototypeSceneBuilderTests.Build_ControlsHud_ExistsSeparateFromPromptAndProgressIndicator" methodname="Build_ControlsHud_ExistsSeparateFromPromptAndProgressIndicator" classname="NoSafeCircle.DoorPrototype.Tests.Editor.DoorPrototypeSceneBuilderTests" runstate="Runnable" seed="786533834" result="Passed" start-time="2026-09-24 06:48:53Z" end-time="2026-09-24 06:48:53Z" duration="0.088173" asserts="0">
                  <properties>
                    <property name="retryIteration" value="0" />
                    <property name="repeatIteration" value="0" />
                  </properties>
                </test-case>
                <test-case id="1053" name="Build_ControlsHud_TextMatchesActualImplementedControls" fullname="NoSafeCircle.DoorPrototype.Tests.Editor.DoorPrototypeSceneBuilderTests.Build_ControlsHud_TextMatchesActualImplementedControls" methodname="Build_ControlsHud_TextMatchesActualImplementedControls" classname="NoSafeCircle.DoorPrototype.Tests.Editor.DoorPrototypeSceneBuilderTests" runstate="Runnable" seed="1525002939" result="Passed" start-time="2026-09-24 06:48:53Z" end-time="2026-09-24 06:48:53Z" duration="0.096329" asserts="0">
                  <properties>
                    <property name="retryIteration" value="0" />
                    <property name="repeatIteration" value="0" />
                  </properties>
                </test-case>
                <test-case id="1056" name="Build_DoorBreachFeedback_HasCollisionFreeShakeHierarchyAndStateVisibility" fullname="NoSafeCircle.DoorPrototype.Tests.Editor.DoorPrototypeSceneBuilderTests.Build_DoorBreachFeedback_HasCollisionFreeShakeHierarchyAndStateVisibility" methodname="Build_DoorBreachFeedback_HasCollisionFreeShakeHierarchyAndStateVisibility" classname="NoSafeCircle.DoorPrototype.Tests.Editor.DoorPrototypeSceneBuilderTests" runstate="Runnable" seed="615768359" result="Passed" start-time="2026-09-24 06:48:53Z" end-time="2026-09-24 06:48:53Z" duration="0.085249" asserts="0">
                  <properties>
                    <property name="retryIteration" value="0" />
                    <property name="repeatIteration" value="0" />
                  </properties>
                </test-case>
                <test-case id="1061" name="Build_DoorInteractionFeedback_BaseColorIsDistinguishableFromWallMaterial" fullname="NoSafeCircle.DoorPrototype.Tests.Editor.DoorPrototypeSceneBuilderTests.Build_DoorInteractionFeedback_BaseColorIsDistinguishableFromWallMaterial" methodname="Build_DoorInteractionFeedback_BaseColorIsDistinguishableFromWallMaterial" classname="NoSafeCircle.DoorPrototype.Tests.Editor.DoorPrototypeSceneBuilderTests" runstate="Runnable" seed="784219282" result="Passed" start-time="2026-09-24 06:48:53Z" end-time="2026-09-24 06:48:53Z" duration="0.084547" asserts="0">
                  <properties>
                    <property name="retryIteration" value="0" />
                    <property name="repeatIteration" value="0" />
                  </properties>
                </test-case>
                <test-case id="1055" name="Build_DoorInteractionFeedback_IsWiredToDoorRendererAndPlayerReferences" fullname="NoSafeCircle.DoorPrototype.Tests.Editor.DoorPrototypeSceneBuilderTests.Build_DoorInteractionFeedback_IsWiredToDoorRendererAndPlayerReferences" methodname="Build_DoorInteractionFeedback_IsWiredToDoorRendererAndPlayerReferences" classname="NoSafeCircle.DoorPrototype.Tests.Editor.DoorPrototypeSceneBuilderTests" runstate="Runnable" seed="1346254789" result="Passed" start-time="2026-09-24 06:48:53Z" end-time="2026-09-24 06:48:53Z" duration="0.084680" asserts="0">
                  <properties>
                    <property name="retryIteration" value="0" />
                    <property name="repeatIteration" value="0" />
                  </properties>
                </test-case>
                <test-case id="1044" name="Build_DoorInteractionUI_IsBoundToPlayerOwnedDoorSelection" fullname="NoSafeCircle.DoorPrototype.Tests.Editor.DoorPrototypeSceneBuilderTests.Build_DoorInteractionUI_IsBoundToPlayerOwnedDoorSelection" methodname="Build_DoorInteractionUI_IsBoundToPlayerOwnedDoorSelection" classname="NoSafeCircle.DoorPrototype.Tests.Editor.DoorPrototypeSceneBuilderTests" runstate="Runnable" seed="10739646" result="Passed" start-time="2026-09-24 06:48:53Z" end-time="2026-09-24 06:48:53Z" duration="0.084815" asserts="0">
                  <properties>
                    <property name="retryIteration" value="0" />
                    <property name="repeatIteration" value="0" />
                  </properties>
                </test-case>
                <test-case id="1058" name="Build_DoorPassability_IsWiredAndStartsSealed" fullname="NoSafeCircle.DoorPrototype.Tests.Editor.DoorPrototypeSceneBuilderTests.Build_DoorPassability_IsWiredAndStartsSealed" methodname="Build_DoorPassability_IsWiredAndStartsSealed" classname="NoSafeCircle.DoorPrototype.Tests.Editor.DoorPrototypeSceneBuilderTests" runstate="Runnable" seed="1086671714" result="Passed" start-time="2026-09-24 06:48:53Z" end-time="2026-09-24 06:48:53Z" duration="0.085166" asserts="0">
                  <properties>
                    <property name="retryIteration" value="0" />
                    <property name="repeatIteration" value="0" />
                  </properties>
                </test-case>
                <test-case id="1075" name="Build_DoorSprite_UsesHumanApprovedIdentityLocalRotation" fullname="NoSafeCircle.DoorPrototype.Tests.Editor.DoorPrototypeSceneBuilderTests.Build_DoorSprite_UsesHumanApprovedIdentityLocalRotation" methodname="Build_DoorSprite_UsesHumanApprovedIdentityLocalRotation" classname="NoSafeCircle.DoorPrototype.Tests.Editor.DoorPrototypeSceneBuilderTests" runstate="Runnable" seed="937836723" result="Passed" start-time="2026-09-24 06:48:53Z" end-time="2026-09-24 06:48:53Z" duration="0.085712" asserts="0">
                  <properties>
                    <property name="retryIteration" value="0" />
                    <property name="repeatIteration" value="0" />
                  </properties>
                </test-case>
                <test-case id="1074" name="Build_DoorSprite_UsesReusableWorldSpaceSpriteRendererConvention" fullname="NoSafeCircle.DoorPrototype.Tests.Editor.DoorPrototypeSceneBuilderTests.Build_DoorSprite_UsesReusableWorldSpaceSpriteRendererConvention" methodname="Build_DoorSprite_UsesReusableWorldSpaceSpriteRendererConvention" classname="NoSafeCircle.DoorPrototype.Tests.Editor.DoorPrototypeSceneBuilderTests" runstate="Runnable" seed="1076408585" result="Passed" start-time="2026-09-24 06:48:53Z" end-time="2026-09-24 06:48:53Z" duration="0.089012" asserts="0">
                  <properties>
                    <property name="retryIteration" value="0" />
                    <property name="repeatIteration" value="0" />
                  </properties>
                </test-case>
                <test-case id="1095" name="Build_DoorwayBlocker_IsSeparateBoxColliderWiredToDoorInteractable" fullname="NoSafeCircle.DoorPrototype.Tests.Editor.DoorPrototypeSceneBuilderTests.Build_DoorwayBlocker_IsSeparateBoxColliderWiredToDoorInteractable" methodname="Build_DoorwayBlocker_IsSeparateBoxColliderWiredToDoorInteractable" classname="NoSafeCircle.DoorPrototype.Tests.Editor.DoorPrototypeSceneBuilderTests" runstate="Runnable" seed="1322835501" result="Passed" start-time="2026-09-24 06:48:53Z" end-time="2026-09-24 06:48:53Z" duration="0.088009" asserts="0">
                  <properties>
                    <property name="retryIteration" value="0" />
                    <property name="repeatIteration" value="0" />
                  </properties>
                </test-case>
                <test-case id="1045" name="Build_FloorRestartController_IsActiveAndWiredToCurrentPlayerOwners" fullname="NoSafeCircle.DoorPrototype.Tests.Editor.DoorPrototypeSceneBuilderTests.Build_FloorRestartController_IsActiveAndWiredToCurrentPlayerOwners" methodname="Build_FloorRestartController_IsActiveAndWiredToCurrentPlayerOwners" classname="NoSafeCircle.DoorPrototype.Tests.Editor.DoorPrototypeSceneBuilderTests" runstate="Runnable" seed="815523019" result="Passed" start-time="2026-09-24 06:48:53Z" end-time="2026-09-24 06:48:54Z" duration="0.115367" asserts="0">
                  <properties>
                    <property name="retryIteration" value="0" />
                    <property name="repeatIteration" value="0" />
                  </properties>
                </test-case>
                <test-case id="1072" name="Build_FloorTilemapVisual_AlignsWithIndependentGameplayFloorInWorldSpace" fullname="NoSafeCircle.DoorPrototype.Tests.Editor.DoorPrototypeSceneBuilderTests.Build_FloorTilemapVisual_AlignsWithIndependentGameplayFloorInWorldSpace" methodname="Build_FloorTilemapVisual_AlignsWithIndependentGameplayFloorInWorldSpace" classname="NoSafeCircle.DoorPrototype.Tests.Editor.DoorPrototypeSceneBuilderTests" runstate="Runnable" seed="689035067" result="Passed" start-time="2026-09-24 06:48:54Z" end-time="2026-09-24 06:49:15Z" duration="21.696139" asserts="0">
                  <properties>
                    <property name="retryIteration" value="0" />
                    <property name="repeatIteration" value="0" />
                  </properties>
                </test-case>
                <test-case id="1069" name="Build_GameplayFloor_KeepsCollisionButDisablesMeshRendererBehindTilemap" fullname="NoSafeCircle.DoorPrototype.Tests.Editor.DoorPrototypeSceneBuilderTests.Build_GameplayFloor_KeepsCollisionButDisablesMeshRendererBehindTilemap" methodname="Build_GameplayFloor_KeepsCollisionButDisablesMeshRendererBehindTilemap" classname="NoSafeCircle.DoorPrototype.Tests.Editor.DoorPrototypeSceneBuilderTests" runstate="Runnable" seed="1762405317" result="Passed" start-time="2026-09-24 06:49:15Z" end-time="2026-09-24 06:49:16Z" duration="0.292837" asserts="0">
                  <properties>
                    <property name="retryIteration" value="0" />
                    <property name="repeatIteration" value="0" />
                  </properties>
                </test-case>
                <test-case id="1051" name="Build_HealthFill_UsesDedicatedVerticalLaneAboveInteractionPrompt" fullname="NoSafeCircle.DoorPrototype.Tests.Editor.DoorPrototypeSceneBuilderTests.Build_HealthFill_UsesDedicatedVerticalLaneAboveInteractionPrompt" methodname="Build_HealthFill_UsesDedicatedVerticalLaneAboveInteractionPrompt" classname="NoSafeCircle.DoorPrototype.Tests.Editor.DoorPrototypeSceneBuilderTests" runstate="Runnable" seed="80301235" result="Passed" start-time="2026-09-24 06:49:16Z" end-time="2026-09-24 06:49:16Z" duration="0.082252" asserts="0">
                  <properties>
                    <property name="retryIteration" value="0" />
                    <property name="repeatIteration" value="0" />
                  </properties>
                </test-case>
                <test-case id="1048" name="Build_HealthFillImage_HasSpriteAssignedSoFillAmountIsVisible" fullname="NoSafeCircle.DoorPrototype.Tests.Editor.DoorPrototypeSceneBuilderTests.Build_HealthFillImage_HasSpriteAssignedSoFillAmountIsVisible" methodname="Build_HealthFillImage_HasSpriteAssignedSoFillAmountIsVisible" classname="NoSafeCircle.DoorPrototype.Tests.Editor.DoorPrototypeSceneBuilderTests" runstate="Runnable" seed="236291024" result="Passed" start-time="2026-09-24 06:49:16Z" end-time="2026-09-24 06:49:16Z" duration="0.081521" asserts="0">
                  <properties>
                    <property name="retryIteration" value="0" />
                    <property name="repeatIteration" value="0" />
                  </properties>
                </test-case>
                <test-case id="1070" name="Build_IsometricVisualLayer_HasFloorWallAndRepeatableArchitectureTilemaps" fullname="NoSafeCircle.DoorPrototype.Tests.Editor.DoorPrototypeSceneBuilderTests.Build_IsometricVisualLayer_HasFloorWallAndRepeatableArchitectureTilemaps" methodname="Build_IsometricVisualLayer_HasFloorWallAndRepeatableArchitectureTilemaps" classname="NoSafeCircle.DoorPrototype.Tests.Editor.DoorPrototypeSceneBuilderTests" runstate="Runnable" seed="1930881687" result="Passed" start-time="2026-09-24 06:49:16Z" end-time="2026-09-24 06:49:16Z" duration="0.089356" asserts="0">
                  <properties>
                    <property name="retryIteration" value="0" />
                    <property name="repeatIteration" value="0" />
                  </properties>
                </test-case>
                <test-case id="1064" name="Build_MainCamera_FramesPlayerAndStartingDoorInView" fullname="NoSafeCircle.DoorPrototype.Tests.Editor.DoorPrototypeSceneBuilderTests.Build_MainCamera_FramesPlayerAndStartingDoorInView" methodname="Build_MainCamera_FramesPlayerAndStartingDoorInView" classname="NoSafeCircle.DoorPrototype.Tests.Editor.DoorPrototypeSceneBuilderTests" runstate="Runnable" seed="1156914339" result="Passed" start-time="2026-09-24 06:49:16Z" end-time="2026-09-24 06:49:16Z" duration="0.083948" asserts="0">
                  <properties>
                    <property name="retryIteration" value="0" />
                    <property name="repeatIteration" value="0" />
                  </properties>
                </test-case>
                <test-case id="1065" name="Build_MainCamera_HasFollowComponentTargetingPlayer" fullname="NoSafeCircle.DoorPrototype.Tests.Editor.DoorPrototypeSceneBuilderTests.Build_MainCamera_HasFollowComponentTargetingPlayer" methodname="Build_MainCamera_HasFollowComponentTargetingPlayer" classname="NoSafeCircle.DoorPrototype.Tests.Editor.DoorPrototypeSceneBuilderTests" runstate="Runnable" seed="325438059" result="Passed" start-time="2026-09-24 06:49:16Z" end-time="2026-09-24 06:49:16Z" duration="0.082834" asserts="0">
                  <properties>
                    <property name="retryIteration" value="0" />
                    <property name="repeatIteration" value="0" />
                  </properties>
                </test-case>
                <test-case id="1062" name="Build_MainCamera_IsFixedOrthographicIsometric" fullname="NoSafeCircle.DoorPrototype.Tests.Editor.DoorPrototypeSceneBuilderTests.Build_MainCamera_IsFixedOrthographicIsometric" methodname="Build_MainCamera_IsFixedOrthographicIsometric" classname="NoSafeCircle.DoorPrototype.Tests.Editor.DoorPrototypeSceneBuilderTests" runstate="Runnable" seed="1336884561" result="Passed" start-time="2026-09-24 06:49:16Z" end-time="2026-09-24 06:49:16Z" duration="0.080886" asserts="0">
                  <properties>
                    <property name="retryIteration" value="0" />
                    <property name="repeatIteration" value="0" />
                  </properties>
                </test-case>
                <test-case id="1067" name="Build_MainCamera_TranslatesWithPlayerButRotationStaysFixed" fullname="NoSafeCircle.DoorPrototype.Tests.Editor.DoorPrototypeSceneBuilderTests.Build_MainCamera_TranslatesWithPlayerButRotationStaysFixed" methodname="Build_MainCamera_TranslatesWithPlayerButRotationStaysFixed" classname="NoSafeCircle.DoorPrototype.Tests.Editor.DoorPrototypeSceneBuilderTests" runstate="Runnable" seed="1420255692" result="Passed" start-time="2026-09-24 06:49:16Z" end-time="2026-09-24 06:49:16Z" duration="0.077505" asserts="0">
                  <properties>
                    <property name="retryIteration" value="0" />
                    <property name="repeatIteration" value="0" />
                  </properties>
                </test-case>
                <test-case id="1086" name="Build_MainCamera_UsesCustomAxisTransparencySortForWorldSpriteDepthOrdering" fullname="NoSafeCircle.DoorPrototype.Tests.Editor.DoorPrototypeSceneBuilderTests.Build_MainCamera_UsesCustomAxisTransparencySortForWorldSpriteDepthOrdering" methodname="Build_MainCamera_UsesCustomAxisTransparencySortForWorldSpriteDepthOrdering" classname="NoSafeCircle.DoorPrototype.Tests.Editor.DoorPrototypeSceneBuilderTests" runstate="Runnable" seed="1578242776" result="Passed" start-time="2026-09-24 06:49:16Z" end-time="2026-09-24 06:49:16Z" duration="0.081070" asserts="0">
                  <properties>
                    <property name="retryIteration" value="0" />
                    <property name="repeatIteration" value="0" />
                  </properties>
                </test-case>
                <test-case id="1094" name="Build_PersistedWallTileWithStalePixelContentButMatchingDimensions_IsReplacedOnRebuild" fullname="NoSafeCircle.DoorPrototype.Tests.Editor.DoorPrototypeSceneBuilderTests.Build_PersistedWallTileWithStalePixelContentButMatchingDimensions_IsReplacedOnRebuild" methodname="Build_PersistedWallTileWithStalePixelContentButMatchingDimensions_IsReplacedOnRebuild" classname="NoSafeCircle.DoorPrototype.Tests.Editor.DoorPrototypeSceneBuilderTests" runstate="Runnable" seed="1838505382" result="Passed" start-time="2026-09-24 06:49:16Z" end-time="2026-09-24 06:49:56Z" duration="39.745611" asserts="0">
                  <properties>
                    <property name="retryIteration" value="0" />
                    <property name="repeatIteration" value="0" />
                  </properties>
                </test-case>
                <test-case id="1071" name="Build_PersistentArchitecturalTiles_AreTemporaryReusableVisualOnlyAssets" fullname="NoSafeCircle.DoorPrototype.Tests.Editor.DoorPrototypeSceneBuilderTests.Build_PersistentArchitecturalTiles_AreTemporaryReusableVisualOnlyAssets" methodname="Build_PersistentArchitecturalTiles_AreTemporaryReusableVisualOnlyAssets" classname="NoSafeCircle.DoorPrototype.Tests.Editor.DoorPrototypeSceneBuilderTests" runstate="Runnable" seed="1184155134" result="Passed" start-time="2026-09-24 06:49:56Z" end-time="2026-09-24 06:50:15Z" duration="19.326278" asserts="0">
                  <properties>
                    <property name="retryIteration" value="0" />
                    <property name="repeatIteration" value="0" />
                  </properties>
                </test-case>
                <test-case id="1098" name="Build_PersistentArchitecturalTiles_DoesNotSaveUnrelatedDirtyAsset" fullname="NoSafeCircle.DoorPrototype.Tests.Editor.DoorPrototypeSceneBuilderTests.Build_PersistentArchitecturalTiles_DoesNotSaveUnrelatedDirtyAsset" methodname="Build_PersistentArchitecturalTiles_DoesNotSaveUnrelatedDirtyAsset" classname="NoSafeCircle.DoorPrototype.Tests.Editor.DoorPrototypeSceneBuilderTests" runstate="Runnable" seed="997869655" result="Passed" start-time="2026-09-24 06:50:15Z" end-time="2026-09-24 06:50:56Z" duration="40.775398" asserts="0">
                  <properties>
                    <property name="retryIteration" value="0" />
                    <property name="repeatIteration" value="0" />
                  </properties>
                </test-case>
                <test-case id="1096" name="Build_PersistentWorldSpriteAssets_AreReusableVisualOnlyAssetsInTemporaryFolder" fullname="NoSafeCircle.DoorPrototype.Tests.Editor.DoorPrototypeSceneBuilderTests.Build_PersistentWorldSpriteAssets_AreReusableVisualOnlyAssetsInTemporaryFolder" methodname="Build_PersistentWorldSpriteAssets_AreReusableVisualOnlyAssetsInTemporaryFolder" classname="NoSafeCircle.DoorPrototype.Tests.Editor.DoorPrototypeSceneBuilderTests" runstate="Runnable" seed="1587118742" result="Passed" start-time="2026-09-24 06:50:56Z" end-time="2026-09-24 06:51:37Z" duration="40.905229" asserts="0">
                  <properties>
                    <property name="retryIteration" value="0" />
                    <property name="repeatIteration" value="0" />
                  </properties>
                </test-case>
                <test-case id="1083" name="Build_PlayerAndDoorDepthKeysCrossAtTheDoorGroundPlane" fullname="NoSafeCircle.DoorPrototype.Tests.Editor.DoorPrototypeSceneBuilderTests.Build_PlayerAndDoorDepthKeysCrossAtTheDoorGroundPlane" methodname="Build_PlayerAndDoorDepthKeysCrossAtTheDoorGroundPlane" classname="NoSafeCircle.DoorPrototype.Tests.Editor.DoorPrototypeSceneBuilderTests" runstate="Runnable" seed="2046972679" result="Passed" start-time="2026-09-24 06:51:37Z" end-time="2026-09-24 06:51:37Z" duration="0.280601" asserts="0">
                  <properties>
                    <property name="retryIteration" value="0" />
                    <property name="repeatIteration" value="0" />
                  </properties>
                </test-case>
                <test-case id="1049" name="Build_PlayerHealthUI_WiredToPlayerHealthAndFillImage" fullname="NoSafeCircle.DoorPrototype.Tests.Editor.DoorPrototypeSceneBuilderTests.Build_PlayerHealthUI_WiredToPlayerHealthAndFillImage" methodname="Build_PlayerHealthUI_WiredToPlayerHealthAndFillImage" classname="NoSafeCircle.DoorPrototype.Tests.Editor.DoorPrototypeSceneBuilderTests" runstate="Runnable" seed="97786820" result="Passed" start-time="2026-09-24 06:51:37Z" end-time="2026-09-24 06:51:37Z" duration="0.082551" asserts="0">
                  <properties>
                    <property name="retryIteration" value="0" />
                    <property name="repeatIteration" value="0" />
                  </properties>
                </test-case>
                <test-case id="1066" name="Build_PlayerStartsAtCharacterControllerGroundedHeight" fullname="NoSafeCircle.DoorPrototype.Tests.Editor.DoorPrototypeSceneBuilderTests.Build_PlayerStartsAtCharacterControllerGroundedHeight" methodname="Build_PlayerStartsAtCharacterControllerGroundedHeight" classname="NoSafeCircle.DoorPrototype.Tests.Editor.DoorPrototypeSceneBuilderTests" runstate="Runnable" seed="1560344237" result="Passed" start-time="2026-09-24 06:51:37Z" end-time="2026-09-24 06:51:37Z" duration="0.082161" asserts="0">
                  <properties>
                    <property name="retryIteration" value="0" />
                    <property name="repeatIteration" value="0" />
                  </properties>
                </test-case>
                <test-case id="1078" name="Build_PlayerVisual_UsesReusableWorldSpaceSpriteRendererConvention" fullname="NoSafeCircle.DoorPrototype.Tests.Editor.DoorPrototypeSceneBuilderTests.Build_PlayerVisual_UsesReusableWorldSpaceSpriteRendererConvention" methodname="Build_PlayerVisual_UsesReusableWorldSpaceSpriteRendererConvention" classname="NoSafeCircle.DoorPrototype.Tests.Editor.DoorPrototypeSceneBuilderTests" runstate="Runnable" seed="648151625" result="Passed" start-time="2026-09-24 06:51:37Z" end-time="2026-09-24 06:51:38Z" duration="0.087958" asserts="0">
                  <properties>
                    <property name="retryIteration" value="0" />
                    <property name="repeatIteration" value="0" />
                  </properties>
                </test-case>
                <test-case id="1043" name="Build_ProgressFillImage_HasSpriteAssignedSoFillAmountIsVisible" fullname="NoSafeCircle.DoorPrototype.Tests.Editor.DoorPrototypeSceneBuilderTests.Build_ProgressFillImage_HasSpriteAssignedSoFillAmountIsVisible" methodname="Build_ProgressFillImage_HasSpriteAssignedSoFillAmountIsVisible" classname="NoSafeCircle.DoorPrototype.Tests.Editor.DoorPrototypeSceneBuilderTests" runstate="Runnable" seed="1736410869" result="Passed" start-time="2026-09-24 06:51:38Z" end-time="2026-09-24 06:51:38Z" duration="0.082867" asserts="0">
                  <properties>
                    <property name="retryIteration" value="0" />
                    <property name="repeatIteration" value="0" />
                  </properties>
                </test-case>
                <test-case id="1087" name="Build_RepresentativeWorldSprite_CanSortOnEitherSideOfRealWallTilemapGeometry" fullname="NoSafeCircle.DoorPrototype.Tests.Editor.DoorPrototypeSceneBuilderTests.Build_RepresentativeWorldSprite_CanSortOnEitherSideOfRealWallTilemapGeometry" methodname="Build_RepresentativeWorldSprite_CanSortOnEitherSideOfRealWallTilemapGeometry" classname="NoSafeCircle.DoorPrototype.Tests.Editor.DoorPrototypeSceneBuilderTests" runstate="Runnable" seed="206427155" result="Passed" start-time="2026-09-24 06:51:38Z" end-time="2026-09-24 06:51:38Z" duration="0.083814" asserts="0">
                  <properties>
                    <property name="retryIteration" value="0" />
                    <property name="repeatIteration" value="0" />
                  </properties>
                </test-case>
                <test-case id="1054" name="Build_RunTwice_DoesNotDuplicateControlsHud" fullname="NoSafeCircle.DoorPrototype.Tests.Editor.DoorPrototypeSceneBuilderTests.Build_RunTwice_DoesNotDuplicateControlsHud" methodname="Build_RunTwice_DoesNotDuplicateControlsHud" classname="NoSafeCircle.DoorPrototype.Tests.Editor.DoorPrototypeSceneBuilderTests" runstate="Runnable" seed="1954327896" result="Passed" start-time="2026-09-24 06:51:38Z" end-time="2026-09-24 06:51:38Z" duration="0.121455" asserts="0">
                  <properties>
                    <property name="retryIteration" value="0" />
                    <property name="repeatIteration" value="0" />
                  </properties>
                </test-case>
                <test-case id="1060" name="Build_RunTwice_DoesNotDuplicateDoorInteractionFeedback" fullname="NoSafeCircle.DoorPrototype.Tests.Editor.DoorPrototypeSceneBuilderTests.Build_RunTwice_DoesNotDuplicateDoorInteractionFeedback" methodname="Build_RunTwice_DoesNotDuplicateDoorInteractionFeedback" classname="NoSafeCircle.DoorPrototype.Tests.Editor.DoorPrototypeSceneBuilderTests" runstate="Runnable" seed="717537590" result="Passed" start-time="2026-09-24 06:51:38Z" end-time="2026-09-24 06:51:38Z" duration="0.120481" asserts="0">
                  <properties>
                    <property name="retryIteration" value="0" />
                    <property name="repeatIteration" value="0" />
                  </properties>
                </test-case>
                <test-case id="1050" name="Build_RunTwice_DoesNotDuplicateHealthFillHierarchy" fullname="NoSafeCircle.DoorPrototype.Tests.Editor.DoorPrototypeSceneBuilderTests.Build_RunTwice_DoesNotDuplicateHealthFillHierarchy" methodname="Build_RunTwice_DoesNotDuplicateHealthFillHierarchy" classname="NoSafeCircle.DoorPrototype.Tests.Editor.DoorPrototypeSceneBuilderTests" runstate="Runnable" seed="987793240" result="Passed" start-time="2026-09-24 06:51:38Z" end-time="2026-09-24 06:51:38Z" duration="0.116548" asserts="0">
                  <properties>
                    <property name="retryIteration" value="0" />
                    <property name="repeatIteration" value="0" />
                  </properties>
                </test-case>
                <test-case id="1047" name="Build_RunTwice_DoesNotDuplicateProgressFillHierarchy" fullname="NoSafeCircle.DoorPrototype.Tests.Editor.DoorPrototypeSceneBuilderTests.Build_RunTwice_DoesNotDuplicateProgressFillHierarchy" methodname="Build_RunTwice_DoesNotDuplicateProgressFillHierarchy" classname="NoSafeCircle.DoorPrototype.Tests.Editor.DoorPrototypeSceneBuilderTests" runstate="Runnable" seed="14212603" result="Passed" start-time="2026-09-24 06:51:38Z" end-time="2026-09-24 06:51:38Z" duration="0.116336" asserts="0">
                  <properties>
                    <property name="retryIteration" value="0" />
                    <property name="repeatIteration" value="0" />
                  </properties>
                </test-case>
                <test-case id="1063" name="Build_RunTwice_MainCameraStaysSingleAndFixed" fullname="NoSafeCircle.DoorPrototype.Tests.Editor.DoorPrototypeSceneBuilderTests.Build_RunTwice_MainCameraStaysSingleAndFixed" methodname="Build_RunTwice_MainCameraStaysSingleAndFixed" classname="NoSafeCircle.DoorPrototype.Tests.Editor.DoorPrototypeSceneBuilderTests" runstate="Runnable" seed="664214636" result="Passed" start-time="2026-09-24 06:51:38Z" end-time="2026-09-24 06:51:38Z" duration="0.117458" asserts="0">
                  <properties>
                    <property name="retryIteration" value="0" />
                    <property name="repeatIteration" value="0" />
                  </properties>
                </test-case>
                <test-case id="1081" name="Build_RunTwiceWithPersistentFolder_ReusesSameSharedWorldSpritePrefabAssetWithoutDuplicating" fullname="NoSafeCircle.DoorPrototype.Tests.Editor.DoorPrototypeSceneBuilderTests.Build_RunTwiceWithPersistentFolder_ReusesSameSharedWorldSpritePrefabAssetWithoutDuplicating" methodname="Build_RunTwiceWithPersistentFolder_ReusesSameSharedWorldSpritePrefabAssetWithoutDuplicating" classname="NoSafeCircle.DoorPrototype.Tests.Editor.DoorPrototypeSceneBuilderTests" runstate="Runnable" seed="119188458" result="Passed" start-time="2026-09-24 06:51:38Z" end-time="2026-09-24 06:52:18Z" duration="39.921193" asserts="0">
                  <properties>
                    <property name="retryIteration" value="0" />
                    <property name="repeatIteration" value="0" />
                  </properties>
                </test-case>
                <test-case id="1088" name="Build_WallTilemap_UsesGroundPivotedOneCellSegmentsForStableSorting" fullname="NoSafeCircle.DoorPrototype.Tests.Editor.DoorPrototypeSceneBuilderTests.Build_WallTilemap_UsesGroundPivotedOneCellSegmentsForStableSorting" methodname="Build_WallTilemap_UsesGroundPivotedOneCellSegmentsForStableSorting" classname="NoSafeCircle.DoorPrototype.Tests.Editor.DoorPrototypeSceneBuilderTests" runstate="Runnable" seed="1927585225" result="Passed" start-time="2026-09-24 06:52:18Z" end-time="2026-09-24 06:52:18Z" duration="0.282546" asserts="0">
                  <properties>
                    <property name="retryIteration" value="0" />
                    <property name="repeatIteration" value="0" />
                  </properties>
                </test-case>
                <test-case id="1073" name="Build_WallTilemapVisuals_AlignWithIndependentGameplayWallsInWorldSpace" fullname="NoSafeCircle.DoorPrototype.Tests.Editor.DoorPrototypeSceneBuilderTests.Build_WallTilemapVisuals_AlignWithIndependentGameplayWallsInWorldSpace" methodname="Build_WallTilemapVisuals_AlignWithIndependentGameplayWallsInWorldSpace" classname="NoSafeCircle.DoorPrototype.Tests.Editor.DoorPrototypeSceneBuilderTests" runstate="Runnable" seed="1310635482" result="Passed" start-time="2026-09-24 06:52:18Z" end-time="2026-09-24 06:52:19Z" duration="0.082893" asserts="0">
                  <properties>
                    <property name="retryIteration" value="0" />
                    <property name="repeatIteration" value="0" />
                  </properties>
                </test-case>
                <test-case id="1089" name="Build_WallTileTexture_HasSeamlessHorizontalRepeatPeriodDividingTextureWidth" fullname="NoSafeCircle.DoorPrototype.Tests.Editor.DoorPrototypeSceneBuilderTests.Build_WallTileTexture_HasSeamlessHorizontalRepeatPeriodDividingTextureWidth" methodname="Build_WallTileTexture_HasSeamlessHorizontalRepeatPeriodDividingTextureWidth" classname="NoSafeCircle.DoorPrototype.Tests.Editor.DoorPrototypeSceneBuilderTests" runstate="Runnable" seed="773782624" result="Passed" start-time="2026-09-24 06:52:19Z" end-time="2026-09-24 06:52:19Z" duration="0.081563" asserts="0">
                  <properties>
                    <property name="retryIteration" value="0" />
                    <property name="repeatIteration" value="0" />
                  </properties>
                </test-case>
                <test-case id="1085" name="Build_WizardPersistentSpriteAsset_UsesWizardSpecificAssetIdentityNotGenericHierarchyName" fullname="NoSafeCircle.DoorPrototype.Tests.Editor.DoorPrototypeSceneBuilderTests.Build_WizardPersistentSpriteAsset_UsesWizardSpecificAssetIdentityNotGenericHierarchyName" methodname="Build_WizardPersistentSpriteAsset_UsesWizardSpecificAssetIdentityNotGenericHierarchyName" classname="NoSafeCircle.DoorPrototype.Tests.Editor.DoorPrototypeSceneBuilderTests" runstate="Runnable" seed="2030936538" result="Passed" start-time="2026-09-24 06:52:19Z" end-time="2026-09-24 06:52:38Z" duration="19.760071" asserts="0">
                  <properties>
                    <property name="retryIteration" value="0" />
                    <property name="repeatIteration" value="0" />
                  </properties>
                </test-case>
                <test-case id="1077" name="Build_WizardSprite_UsesSelectedSourceWithGroundedPointImportSettings" fullname="NoSafeCircle.DoorPrototype.Tests.Editor.DoorPrototypeSceneBuilderTests.Build_WizardSprite_UsesSelectedSourceWithGroundedPointImportSettings" methodname="Build_WizardSprite_UsesSelectedSourceWithGroundedPointImportSettings" classname="NoSafeCircle.DoorPrototype.Tests.Editor.DoorPrototypeSceneBuilderTests" runstate="Runnable" seed="489675522" result="Passed" start-time="2026-09-24 06:52:38Z" end-time="2026-09-24 06:52:39Z" duration="0.291496" asserts="0">
                  <properties>
                    <property name="retryIteration" value="0" />
                    <property name="repeatIteration" value="0" />
                  </properties>
                </test-case>
                <test-case id="1080" name="Build_WorldSpriteVisuals_AreInstancesOfOneSharedReusablePrefabAsset" fullname="NoSafeCircle.DoorPrototype.Tests.Editor.DoorPrototypeSceneBuilderTests.Build_WorldSpriteVisuals_AreInstancesOfOneSharedReusablePrefabAsset" methodname="Build_WorldSpriteVisuals_AreInstancesOfOneSharedReusablePrefabAsset" classname="NoSafeCircle.DoorPrototype.Tests.Editor.DoorPrototypeSceneBuilderTests" runstate="Runnable" seed="981314333" result="Passed" start-time="2026-09-24 06:52:39Z" end-time="2026-09-24 06:52:59Z" duration="20.101057" asserts="0">
                  <properties>
                    <property name="retryIteration" value="0" />
                    <property name="repeatIteration" value="0" />
                  </properties>
                </test-case>
                <test-case id="1079" name="Build_WorldSpriteVisuals_ShareInteractiveSortingBandAboveGroundFlushBackgroundLayers" fullname="NoSafeCircle.DoorPrototype.Tests.Editor.DoorPrototypeSceneBuilderTests.Build_WorldSpriteVisuals_ShareInteractiveSortingBandAboveGroundFlushBackgroundLayers" methodname="Build_WorldSpriteVisuals_ShareInteractiveSortingBandAboveGroundFlushBackgroundLayers" classname="NoSafeCircle.DoorPrototype.Tests.Editor.DoorPrototypeSceneBuilderTests" runstate="Runnable" seed="1085548301" result="Passed" start-time="2026-09-24 06:52:59Z" end-time="2026-09-24 06:52:59Z" duration="0.387545" asserts="0">
                  <properties>
                    <property name="retryIteration" value="0" />
                    <property name="repeatIteration" value="0" />
                  </properties>
                </test-case>
                <test-case id="1084" name="Build_WorldSpriteVisuals_SortByPivotNotCenterSoGroundContactSortingIsReal" fullname="NoSafeCircle.DoorPrototype.Tests.Editor.DoorPrototypeSceneBuilderTests.Build_WorldSpriteVisuals_SortByPivotNotCenterSoGroundContactSortingIsReal" methodname="Build_WorldSpriteVisuals_SortByPivotNotCenterSoGroundContactSortingIsReal" classname="NoSafeCircle.DoorPrototype.Tests.Editor.DoorPrototypeSceneBuilderTests" runstate="Runnable" seed="1469168770" result="Passed" start-time="2026-09-24 06:52:59Z" end-time="2026-09-24 06:53:20Z" duration="20.450452" asserts="0">
                  <properties>
                    <property name="retryIteration" value="0" />
                    <property name="repeatIteration" value="0" />
                  </properties>
                </test-case>
                <test-case id="1082" name="Build_WorldSpriteVisuals_UseConsistentGroundContactOriginRegardlessOfSpriteHeight" fullname="NoSafeCircle.DoorPrototype.Tests.Editor.DoorPrototypeSceneBuilderTests.Build_WorldSpriteVisuals_UseConsistentGroundContactOriginRegardlessOfSpriteHeight" methodname="Build_WorldSpriteVisuals_UseConsistentGroundContactOriginRegardlessOfSpriteHeight" classname="NoSafeCircle.DoorPrototype.Tests.Editor.DoorPrototypeSceneBuilderTests" runstate="Runnable" seed="970942195" result="Passed" start-time="2026-09-24 06:53:20Z" end-time="2026-09-24 06:53:20Z" duration="0.316775" asserts="0">
                  <properties>
                    <property name="retryIteration" value="0" />
                    <property name="repeatIteration" value="0" />
                  </properties>
                </test-case>
                <test-case id="1068" name="BuildCamera_NullFollowTarget_LogsWarningInsteadOfSilentlyMisframing" fullname="NoSafeCircle.DoorPrototype.Tests.Editor.DoorPrototypeSceneBuilderTests.BuildCamera_NullFollowTarget_LogsWarningInsteadOfSilentlyMisframing" methodname="BuildCamera_NullFollowTarget_LogsWarningInsteadOfSilentlyMisframing" classname="NoSafeCircle.DoorPrototype.Tests.Editor.DoorPrototypeSceneBuilderTests" runstate="Runnable" seed="634170729" result="Passed" start-time="2026-09-24 06:53:20Z" end-time="2026-09-24 06:53:20Z" duration="0.085328" asserts="0">
                  <properties>
                    <property name="retryIteration" value="0" />
                    <property name="repeatIteration" value="0" />
                  </properties>
                  <output><![CDATA[DoorPrototypeGlobalSceneBuilder.BuildCamera called with a null follow target; the camera will be placed at the world origin plus its isometric offset instead of framing the player, which will fail the fixed isometric framing requirement.
]]></output>
                </test-case>
                <test-case id="1101" name="BuildInMemory_CanonicalSceneBytesRemainUnchanged" fullname="NoSafeCircle.DoorPrototype.Tests.Editor.DoorPrototypeSceneBuilderTests.BuildInMemory_CanonicalSceneBytesRemainUnchanged" methodname="BuildInMemory_CanonicalSceneBytesRemainUnchanged" classname="NoSafeCircle.DoorPrototype.Tests.Editor.DoorPrototypeSceneBuilderTests" runstate="Runnable" seed="149121840" result="Passed" start-time="2026-09-24 06:53:20Z" end-time="2026-09-24 06:53:42Z" duration="21.861961" asserts="0">
                  <properties>
                    <property name="retryIteration" value="0" />
                    <property name="repeatIteration" value="0" />
                  </properties>
                </test-case>
                <test-case id="1099" name="BuildInMemory_TransientArchitecturalObjects_AreDestroyedOnRebuild" fullname="NoSafeCircle.DoorPrototype.Tests.Editor.DoorPrototypeSceneBuilderTests.BuildInMemory_TransientArchitecturalObjects_AreDestroyedOnRebuild" methodname="BuildInMemory_TransientArchitecturalObjects_AreDestroyedOnRebuild" classname="NoSafeCircle.DoorPrototype.Tests.Editor.DoorPrototypeSceneBuilderTests" runstate="Runnable" seed="1798983595" result="Passed" start-time="2026-09-24 06:53:42Z" end-time="2026-09-24 06:53:42Z" duration="0.360996" asserts="0">
                  <properties>
                    <property name="retryIteration" value="0" />
                    <property name="repeatIteration" value="0" />
                  </properties>
                </test-case>
                <test-case id="1100" name="BuildInMemory_TransientArchitecturalObjects_AreDestroyedOnSceneReplacement" fullname="NoSafeCircle.DoorPrototype.Tests.Editor.DoorPrototypeSceneBuilderTests.BuildInMemory_TransientArchitecturalObjects_AreDestroyedOnSceneReplacement" methodname="BuildInMemory_TransientArchitecturalObjects_AreDestroyedOnSceneReplacement" classname="NoSafeCircle.DoorPrototype.Tests.Editor.DoorPrototypeSceneBuilderTests" runstate="Runnable" seed="166361829" result="Passed" start-time="2026-09-24 06:53:42Z" end-time="2026-09-24 06:53:42Z" duration="0.117468" asserts="0">
                  <properties>
                    <property name="retryIteration" value="0" />
                    <property name="repeatIteration" value="0" />
                  </properties>
                </test-case>
                <test-case id="1097" name="BuildInMemory_TransientWorldSpriteObjects_AreDestroyedOnRebuild" fullname="NoSafeCircle.DoorPrototype.Tests.Editor.DoorPrototypeSceneBuilderTests.BuildInMemory_TransientWorldSpriteObjects_AreDestroyedOnRebuild" methodname="BuildInMemory_TransientWorldSpriteObjects_AreDestroyedOnRebuild" classname="NoSafeCircle.DoorPrototype.Tests.Editor.DoorPrototypeSceneBuilderTests" runstate="Runnable" seed="79080259" result="Passed" start-time="2026-09-24 06:53:42Z" end-time="2026-09-24 06:53:43Z" duration="0.141686" asserts="0">
                  <properties>
                    <property name="retryIteration" value="0" />
                    <property name="repeatIteration" value="0" />
                  </properties>
                </test-case>
                <test-case id="1057" name="CommittedScene_AllDoorsHaveConformingBreachFeedback" fullname="NoSafeCircle.DoorPrototype.Tests.Editor.DoorPrototypeSceneBuilderTests.CommittedScene_AllDoorsHaveConformingBreachFeedback" methodname="CommittedScene_AllDoorsHaveConformingBreachFeedback" classname="NoSafeCircle.DoorPrototype.Tests.Editor.DoorPrototypeSceneBuilderTests" runstate="Runnable" seed="464567796" result="Passed" start-time="2026-09-24 06:53:43Z" end-time="2026-09-24 06:53:43Z" duration="0.732974" asserts="0">
                  <properties>
                    <property name="retryIteration" value="0" />
                    <property name="repeatIteration" value="0" />
                  </properties>
                </test-case>
                <test-case id="1059" name="CommittedScene_AllFiveDoorsOwnAndReferencePassability" fullname="NoSafeCircle.DoorPrototype.Tests.Editor.DoorPrototypeSceneBuilderTests.CommittedScene_AllFiveDoorsOwnAndReferencePassability" methodname="CommittedScene_AllFiveDoorsOwnAndReferencePassability" classname="NoSafeCircle.DoorPrototype.Tests.Editor.DoorPrototypeSceneBuilderTests" runstate="Runnable" seed="41243857" result="Passed" start-time="2026-09-24 06:53:43Z" end-time="2026-09-24 06:53:44Z" duration="0.284996" asserts="0">
                  <properties>
                    <property name="retryIteration" value="0" />
                    <property name="repeatIteration" value="0" />
                  </properties>
                </test-case>
                <test-case id="1046" name="CommittedScene_ContainsDoorUiSortingAndFinalRoomCollisionHotfix" fullname="NoSafeCircle.DoorPrototype.Tests.Editor.DoorPrototypeSceneBuilderTests.CommittedScene_ContainsDoorUiSortingAndFinalRoomCollisionHotfix" methodname="CommittedScene_ContainsDoorUiSortingAndFinalRoomCollisionHotfix" classname="NoSafeCircle.DoorPrototype.Tests.Editor.DoorPrototypeSceneBuilderTests" runstate="Runnable" seed="1586237172" result="Passed" start-time="2026-09-24 06:53:44Z" end-time="2026-09-24 06:53:44Z" duration="0.276953" asserts="0">
                  <properties>
                    <property name="retryIteration" value="0" />
                    <property name="repeatIteration" value="0" />
                  </properties>
                </test-case>
                <test-case id="1076" name="CreateWorldSpriteVisual_AppliesCallerSuppliedRotationPerInstanceRatherThanForcingOneOrientation" fullname="NoSafeCircle.DoorPrototype.Tests.Editor.DoorPrototypeSceneBuilderTests.CreateWorldSpriteVisual_AppliesCallerSuppliedRotationPerInstanceRatherThanForcingOneOrientation" methodname="CreateWorldSpriteVisual_AppliesCallerSuppliedRotationPerInstanceRatherThanForcingOneOrientation" classname="NoSafeCircle.DoorPrototype.Tests.Editor.DoorPrototypeSceneBuilderTests" runstate="Runnable" seed="967239644" result="Passed" start-time="2026-09-24 06:53:44Z" end-time="2026-09-24 06:53:44Z" duration="0.019342" asserts="0">
                  <properties>
                    <property name="retryIteration" value="0" />
                    <property name="repeatIteration" value="0" />
                  </properties>
                </test-case>
[...]
                    <properties>
                      <property name="retryIteration" value="0" />
                      <property name="repeatIteration" value="0" />
                    </properties>
                  </test-case>
                  <test-case id="1216" name="CanonicalDoors_D5IsSoleExitMarkerOnFinalRoom" fullname="NoSafeCircle.DoorPrototype.Tests.Editor.World.RoomSceneCompositionFoundationTests.CanonicalDoors_D5IsSoleExitMarkerOnFinalRoom" methodname="CanonicalDoors_D5IsSoleExitMarkerOnFinalRoom" classname="NoSafeCircle.DoorPrototype.Tests.Editor.World.RoomSceneCompositionFoundationTests" runstate="Runnable" seed="158549578" result="Passed" start-time="2026-09-24 06:54:05Z" end-time="2026-09-24 06:54:05Z" duration="0.098088" asserts="0">
                    <properties>
                      <property name="retryIteration" value="0" />
                      <property name="repeatIteration" value="0" />
                    </properties>
                  </test-case>
                  <test-case id="1213" name="CanonicalRooms_MatchFixedFiveRoomOrder" fullname="NoSafeCircle.DoorPrototype.Tests.Editor.World.RoomSceneCompositionFoundationTests.CanonicalRooms_MatchFixedFiveRoomOrder" methodname="CanonicalRooms_MatchFixedFiveRoomOrder" classname="NoSafeCircle.DoorPrototype.Tests.Editor.World.RoomSceneCompositionFoundationTests" runstate="Runnable" seed="1621251990" result="Passed" start-time="2026-09-24 06:54:05Z" end-time="2026-09-24 06:54:05Z" duration="0.093432" asserts="0">
                    <properties>
                      <property name="retryIteration" value="0" />
                      <property name="repeatIteration" value="0" />
                    </properties>
                  </test-case>
                  <test-case id="1214" name="CanonicalRooms_RecordDistinctStableScenePaths" fullname="NoSafeCircle.DoorPrototype.Tests.Editor.World.RoomSceneCompositionFoundationTests.CanonicalRooms_RecordDistinctStableScenePaths" methodname="CanonicalRooms_RecordDistinctStableScenePaths" classname="NoSafeCircle.DoorPrototype.Tests.Editor.World.RoomSceneCompositionFoundationTests" runstate="Runnable" seed="868312205" result="Passed" start-time="2026-09-24 06:54:05Z" end-time="2026-09-24 06:54:05Z" duration="0.091292" asserts="0">
                    <properties>
                      <property name="retryIteration" value="0" />
                      <property name="repeatIteration" value="0" />
                    </properties>
                  </test-case>
                  <test-case id="1218" name="DoorAnchorMarker_ExposesSerializedFieldsAndDefaultOpeningWidth" fullname="NoSafeCircle.DoorPrototype.Tests.Editor.World.RoomSceneCompositionFoundationTests.DoorAnchorMarker_ExposesSerializedFieldsAndDefaultOpeningWidth" methodname="DoorAnchorMarker_ExposesSerializedFieldsAndDefaultOpeningWidth" classname="NoSafeCircle.DoorPrototype.Tests.Editor.World.RoomSceneCompositionFoundationTests" runstate="Runnable" seed="1796970207" result="Passed" start-time="2026-09-24 06:54:05Z" end-time="2026-09-24 06:54:06Z" duration="0.098244" asserts="0">
                    <properties>
                      <property name="retryIteration" value="0" />
                      <property name="repeatIteration" value="0" />
                    </properties>
                  </test-case>
                  <test-case id="1217" name="RoomContentMarker_ExposesSerializedRoomIdAndCategory" fullname="NoSafeCircle.DoorPrototype.Tests.Editor.World.RoomSceneCompositionFoundationTests.RoomContentMarker_ExposesSerializedRoomIdAndCategory" methodname="RoomContentMarker_ExposesSerializedRoomIdAndCategory" classname="NoSafeCircle.DoorPrototype.Tests.Editor.World.RoomSceneCompositionFoundationTests" runstate="Runnable" seed="1143857937" result="Passed" start-time="2026-09-24 06:54:06Z" end-time="2026-09-24 06:54:06Z" duration="0.102670" asserts="0">
                    <properties>
                      <property name="retryIteration" value="0" />
                      <property name="repeatIteration" value="0" />
                    </properties>
                  </test-case>
                  <test-case id="1212" name="TryComposeRoom_InvalidSourceScene_FailsAndLeavesTargetSceneUnmodified" fullname="NoSafeCircle.DoorPrototype.Tests.Editor.World.RoomSceneCompositionFoundationTests.TryComposeRoom_InvalidSourceScene_FailsAndLeavesTargetSceneUnmodified" methodname="TryComposeRoom_InvalidSourceScene_FailsAndLeavesTargetSceneUnmodified" classname="NoSafeCircle.DoorPrototype.Tests.Editor.World.RoomSceneCompositionFoundationTests" runstate="Runnable" seed="973713676" result="Passed" start-time="2026-09-24 06:54:06Z" end-time="2026-09-24 06:54:06Z" duration="0.214933" asserts="0">
                    <properties>
                      <property name="retryIteration" value="0" />
                      <property name="repeatIteration" value="0" />
                    </properties>
                  </test-case>
                  <test-case id="1211" name="TryComposeRoom_RunTwice_ReplacesComposedRoomWithoutDuplicating" fullname="NoSafeCircle.DoorPrototype.Tests.Editor.World.RoomSceneCompositionFoundationTests.TryComposeRoom_RunTwice_ReplacesComposedRoomWithoutDuplicating" methodname="TryComposeRoom_RunTwice_ReplacesComposedRoomWithoutDuplicating" classname="NoSafeCircle.DoorPrototype.Tests.Editor.World.RoomSceneCompositionFoundationTests" runstate="Runnable" seed="1281414852" result="Passed" start-time="2026-09-24 06:54:06Z" end-time="2026-09-24 06:54:06Z" duration="0.196883" asserts="0">
                    <properties>
                      <property name="retryIteration" value="0" />
                      <property name="repeatIteration" value="0" />
                    </properties>
                  </test-case>
                  <test-case id="1210" name="TryComposeRoom_ValidSourceScene_ClonesContentAndClosesSourceWithoutSaving" fullname="NoSafeCircle.DoorPrototype.Tests.Editor.World.RoomSceneCompositionFoundationTests.TryComposeRoom_ValidSourceScene_ClonesContentAndClosesSourceWithoutSaving" methodname="TryComposeRoom_ValidSourceScene_ClonesContentAndClosesSourceWithoutSaving" classname="NoSafeCircle.DoorPrototype.Tests.Editor.World.RoomSceneCompositionFoundationTests" runstate="Runnable" seed="1522636934" result="Passed" start-time="2026-09-24 06:54:06Z" end-time="2026-09-24 06:54:06Z" duration="0.217560" asserts="0">
                    <properties>
                      <property name="retryIteration" value="0" />
                      <property name="repeatIteration" value="0" />
                    </properties>
                  </test-case>
                  <test-case id="1205" name="ValidateAnchorPairing_MismatchedDoorId_Fails" fullname="NoSafeCircle.DoorPrototype.Tests.Editor.World.RoomSceneCompositionFoundationTests.ValidateAnchorPairing_MismatchedDoorId_Fails" methodname="ValidateAnchorPairing_MismatchedDoorId_Fails" classname="NoSafeCircle.DoorPrototype.Tests.Editor.World.RoomSceneCompositionFoundationTests" runstate="Runnable" seed="479051915" result="Passed" start-time="2026-09-24 06:54:06Z" end-time="2026-09-24 06:54:06Z" duration="0.094157" asserts="0">
                    <properties>
                      <property name="retryIteration" value="0" />
                      <property name="repeatIteration" value="0" />
                    </properties>
                  </test-case>
                  <test-case id="1206" name="ValidateAnchorPairing_MismatchedOpeningWidth_Fails" fullname="NoSafeCircle.DoorPrototype.Tests.Editor.World.RoomSceneCompositionFoundationTests.ValidateAnchorPairing_MismatchedOpeningWidth_Fails" methodname="ValidateAnchorPairing_MismatchedOpeningWidth_Fails" classname="NoSafeCircle.DoorPrototype.Tests.Editor.World.RoomSceneCompositionFoundationTests" runstate="Runnable" seed="596430365" result="Passed" start-time="2026-09-24 06:54:06Z" end-time="2026-09-24 06:54:07Z" duration="0.090906" asserts="0">
                    <properties>
                      <property name="retryIteration" value="0" />
                      <property name="repeatIteration" value="0" />
                    </properties>
                  </test-case>
                  <test-case id="1203" name="ValidateAnchorPairing_OpposingForwardVectorsAtSharedCenter_Succeeds" fullname="NoSafeCircle.DoorPrototype.Tests.Editor.World.RoomSceneCompositionFoundationTests.ValidateAnchorPairing_OpposingForwardVectorsAtSharedCenter_Succeeds" methodname="ValidateAnchorPairing_OpposingForwardVectorsAtSharedCenter_Succeeds" classname="NoSafeCircle.DoorPrototype.Tests.Editor.World.RoomSceneCompositionFoundationTests" runstate="Runnable" seed="1098452466" result="Passed" start-time="2026-09-24 06:54:07Z" end-time="2026-09-24 06:54:07Z" duration="0.091464" asserts="0">
                    <properties>
                      <property name="retryIteration" value="0" />
                      <property name="repeatIteration" value="0" />
                    </properties>
                  </test-case>
                  <test-case id="1204" name="ValidateAnchorPairing_SameDirectionForwardVectors_Fails" fullname="NoSafeCircle.DoorPrototype.Tests.Editor.World.RoomSceneCompositionFoundationTests.ValidateAnchorPairing_SameDirectionForwardVectors_Fails" methodname="ValidateAnchorPairing_SameDirectionForwardVectors_Fails" classname="NoSafeCircle.DoorPrototype.Tests.Editor.World.RoomSceneCompositionFoundationTests" runstate="Runnable" seed="1709308146" result="Passed" start-time="2026-09-24 06:54:07Z" end-time="2026-09-24 06:54:07Z" duration="0.085013" asserts="0">
                    <properties>
                      <property name="retryIteration" value="0" />
                      <property name="repeatIteration" value="0" />
                    </properties>
                  </test-case>
                  <test-case id="1208" name="ValidateFixedRoomOrder_OutOfOrderRooms_Fails" fullname="NoSafeCircle.DoorPrototype.Tests.Editor.World.RoomSceneCompositionFoundationTests.ValidateFixedRoomOrder_OutOfOrderRooms_Fails" methodname="ValidateFixedRoomOrder_OutOfOrderRooms_Fails" classname="NoSafeCircle.DoorPrototype.Tests.Editor.World.RoomSceneCompositionFoundationTests" runstate="Runnable" seed="1295624520" result="Passed" start-time="2026-09-24 06:54:07Z" end-time="2026-09-24 06:54:07Z" duration="0.087963" asserts="0">
                    <properties>
                      <property name="retryIteration" value="0" />
                      <property name="repeatIteration" value="0" />
                    </properties>
                  </test-case>
                  <test-case id="1207" name="ValidateFixedRoomOrder_WrongCount_Fails" fullname="NoSafeCircle.DoorPrototype.Tests.Editor.World.RoomSceneCompositionFoundationTests.ValidateFixedRoomOrder_WrongCount_Fails" methodname="ValidateFixedRoomOrder_WrongCount_Fails" classname="NoSafeCircle.DoorPrototype.Tests.Editor.World.RoomSceneCompositionFoundationTests" runstate="Runnable" seed="613261032" result="Passed" start-time="2026-09-24 06:54:07Z" end-time="2026-09-24 06:54:07Z" duration="0.087514" asserts="0">
                    <properties>
                      <property name="retryIteration" value="0" />
                      <property name="repeatIteration" value="0" />
                    </properties>
                  </test-case>
                  <test-case id="1197" name="ValidateOpenRoomScene_DisallowedActiveEnemyRegistryComponent_ReportsError" fullname="NoSafeCircle.DoorPrototype.Tests.Editor.World.RoomSceneCompositionFoundationTests.ValidateOpenRoomScene_DisallowedActiveEnemyRegistryComponent_ReportsError" methodname="ValidateOpenRoomScene_DisallowedActiveEnemyRegistryComponent_ReportsError" classname="NoSafeCircle.DoorPrototype.Tests.Editor.World.RoomSceneCompositionFoundationTests" runstate="Runnable" seed="1559003893" result="Passed" start-time="2026-09-24 06:54:07Z" end-time="2026-09-24 06:54:07Z" duration="0.087915" asserts="0">
                    <properties>
                      <property name="retryIteration" value="0" />
                      <property name="repeatIteration" value="0" />
                    </properties>
                  </test-case>
                  <test-case id="1198" name="ValidateOpenRoomScene_DisallowedEncounterAdmissionControllerComponent_ReportsError" fullname="NoSafeCircle.DoorPrototype.Tests.Editor.World.RoomSceneCompositionFoundationTests.ValidateOpenRoomScene_DisallowedEncounterAdmissionControllerComponent_ReportsError" methodname="ValidateOpenRoomScene_DisallowedEncounterAdmissionControllerComponent_ReportsError" classname="NoSafeCircle.DoorPrototype.Tests.Editor.World.RoomSceneCompositionFoundationTests" runstate="Runnable" seed="1134086698" result="Passed" start-time="2026-09-24 06:54:07Z" end-time="2026-09-24 06:54:07Z" duration="0.096439" asserts="0">
                    <properties>
                      <property name="retryIteration" value="0" />
                      <property name="repeatIteration" value="0" />
                    </properties>
                  </test-case>
                  <test-case id="1196" name="ValidateOpenRoomScene_DisallowedLightComponent_ReportsError" fullname="NoSafeCircle.DoorPrototype.Tests.Editor.World.RoomSceneCompositionFoundationTests.ValidateOpenRoomScene_DisallowedLightComponent_ReportsError" methodname="ValidateOpenRoomScene_DisallowedLightComponent_ReportsError" classname="NoSafeCircle.DoorPrototype.Tests.Editor.World.RoomSceneCompositionFoundationTests" runstate="Runnable" seed="820570529" result="Passed" start-time="2026-09-24 06:54:07Z" end-time="2026-09-24 06:54:07Z" duration="0.095422" asserts="0">
                    <properties>
                      <property name="retryIteration" value="0" />
                      <property name="repeatIteration" value="0" />
                    </properties>
                  </test-case>
                  <test-case id="1200" name="ValidateOpenRoomScene_DoorAnchorOutsideSharedBoundary_ReportsError" fullname="NoSafeCircle.DoorPrototype.Tests.Editor.World.RoomSceneCompositionFoundationTests.ValidateOpenRoomScene_DoorAnchorOutsideSharedBoundary_ReportsError" methodname="ValidateOpenRoomScene_DoorAnchorOutsideSharedBoundary_ReportsError" classname="NoSafeCircle.DoorPrototype.Tests.Editor.World.RoomSceneCompositionFoundationTests" runstate="Runnable" seed="1061190001" result="Passed" start-time="2026-09-24 06:54:07Z" end-time="2026-09-24 06:54:07Z" duration="0.094204" asserts="0">
                    <properties>
                      <property name="retryIteration" value="0" />
                      <property name="repeatIteration" value="0" />
                    </properties>
                  </test-case>
                  <test-case id="1201" name="ValidateOpenRoomScene_DoorAnchorWrongOpeningWidth_ReportsError" fullname="NoSafeCircle.DoorPrototype.Tests.Editor.World.RoomSceneCompositionFoundationTests.ValidateOpenRoomScene_DoorAnchorWrongOpeningWidth_ReportsError" methodname="ValidateOpenRoomScene_DoorAnchorWrongOpeningWidth_ReportsError" classname="NoSafeCircle.DoorPrototype.Tests.Editor.World.RoomSceneCompositionFoundationTests" runstate="Runnable" seed="803678832" result="Passed" start-time="2026-09-24 06:54:07Z" end-time="2026-09-24 06:54:07Z" duration="0.092786" asserts="0">
                    <properties>
                      <property name="retryIteration" value="0" />
                      <property name="repeatIteration" value="0" />
                    </properties>
                  </test-case>
                  <test-case id="1195" name="ValidateOpenRoomScene_MissingCategoryChild_ReportsError" fullname="NoSafeCircle.DoorPrototype.Tests.Editor.World.RoomSceneCompositionFoundationTests.ValidateOpenRoomScene_MissingCategoryChild_ReportsError" methodname="ValidateOpenRoomScene_MissingCategoryChild_ReportsError" classname="NoSafeCircle.DoorPrototype.Tests.Editor.World.RoomSceneCompositionFoundationTests" runstate="Runnable" seed="399235599" result="Passed" start-time="2026-09-24 06:54:07Z" end-time="2026-09-24 06:54:07Z" duration="0.092168" asserts="0">
                    <properties>
                      <property name="retryIteration" value="0" />
                      <property name="repeatIteration" value="0" />
                    </properties>
                  </test-case>
                  <test-case id="1194" name="ValidateOpenRoomScene_NonIdentityRoomRoot_ReportsError" fullname="NoSafeCircle.DoorPrototype.Tests.Editor.World.RoomSceneCompositionFoundationTests.ValidateOpenRoomScene_NonIdentityRoomRoot_ReportsError" methodname="ValidateOpenRoomScene_NonIdentityRoomRoot_ReportsError" classname="NoSafeCircle.DoorPrototype.Tests.Editor.World.RoomSceneCompositionFoundationTests" runstate="Runnable" seed="1037478892" result="Passed" start-time="2026-09-24 06:54:07Z" end-time="2026-09-24 06:54:08Z" duration="0.090766" asserts="0">
                    <properties>
                      <property name="retryIteration" value="0" />
                      <property name="repeatIteration" value="0" />
                    </properties>
                  </test-case>
                  <test-case id="1199" name="ValidateOpenRoomScene_PlayerPrefixedComponent_ReportsError" fullname="NoSafeCircle.DoorPrototype.Tests.Editor.World.RoomSceneCompositionFoundationTests.ValidateOpenRoomScene_PlayerPrefixedComponent_ReportsError" methodname="ValidateOpenRoomScene_PlayerPrefixedComponent_ReportsError" classname="NoSafeCircle.DoorPrototype.Tests.Editor.World.RoomSceneCompositionFoundationTests" runstate="Runnable" seed="2127691797" result="Passed" start-time="2026-09-24 06:54:08Z" end-time="2026-09-24 06:54:08Z" duration="0.092258" asserts="0">
                    <properties>
                      <property name="retryIteration" value="0" />
                      <property name="repeatIteration" value="0" />
                    </properties>
                  </test-case>
                  <test-case id="1202" name="ValidateOpenRoomScene_ReferenceOutsideSourceScene_ReportsLocalOwnershipError" fullname="NoSafeCircle.DoorPrototype.Tests.Editor.World.RoomSceneCompositionFoundationTests.ValidateOpenRoomScene_ReferenceOutsideSourceScene_ReportsLocalOwnershipError" methodname="ValidateOpenRoomScene_ReferenceOutsideSourceScene_ReportsLocalOwnershipError" classname="NoSafeCircle.DoorPrototype.Tests.Editor.World.RoomSceneCompositionFoundationTests" runstate="Runnable" seed="1206628230" result="Passed" start-time="2026-09-24 06:54:08Z" end-time="2026-09-24 06:54:08Z" duration="0.102615" asserts="0">
                    <properties>
                      <property name="retryIteration" value="0" />
                      <property name="repeatIteration" value="0" />
                    </properties>
                  </test-case>
                  <test-case id="1193" name="ValidateOpenRoomScene_ValidFixture_IsValidWithNoErrors" fullname="NoSafeCircle.DoorPrototype.Tests.Editor.World.RoomSceneCompositionFoundationTests.ValidateOpenRoomScene_ValidFixture_IsValidWithNoErrors" methodname="ValidateOpenRoomScene_ValidFixture_IsValidWithNoErrors" classname="NoSafeCircle.DoorPrototype.Tests.Editor.World.RoomSceneCompositionFoundationTests" runstate="Runnable" seed="1419428691" result="Passed" start-time="2026-09-24 06:54:08Z" end-time="2026-09-24 06:54:08Z" duration="0.091787" asserts="0">
                    <properties>
                      <property name="retryIteration" value="0" />
                      <property name="repeatIteration" value="0" />
                    </properties>
                    <output><![CDATA[Saving results to: C:/Users/VincentLiguori/AppData/LocalLow/DefaultCompany/NoSafeCircle\TestResults.xml
]]></output>
                  </test-case>
                </test-suite>
              </test-suite>
            </test-suite>
          </test-suite>
        </test-suite>
      </test-suite>
    </test-suite>
  </test-suite>
</test-run>